0[0.0000]  1[1.0000]  1
0[0.0857]  1[0.9143]  1
0[0.4785]  1[0.5215]  1
0[0.9788]  1[0.0212]  0
0[0.9996]  1[0.0004]  0
0[0.9997]  1[0.0003]  0
0[0.9768]  1[0.0232]  0
0[0.9998]  1[0.0002]  0
0[0.9999]  1[0.0001]  0
0[0.9930]  1[0.0070]  0
0[0.6509]  1[0.3491]  0
0[0.0028]  1[0.9972]  1
0[1.0000]  1[0.0000]  0
0[0.9999]  1[0.0001]  0
0[0.3608]  1[0.6392]  1
0[0.9999]  1[0.0001]  0
0[0.0577]  1[0.9423]  1
0[0.9996]  1[0.0004]  0
0[1.0000]  1[0.0000]  0
0[0.0106]  1[0.9894]  1
0[0.0281]  1[0.9719]  1
0[0.9993]  1[0.0007]  0
0[1.0000]  1[0.0000]  0
0[0.9813]  1[0.0187]  0
0[0.9994]  1[0.0006]  0
0[0.9685]  1[0.0315]  0
0[0.1358]  1[0.8642]  1
0[0.1332]  1[0.8668]  1
0[1.0000]  1[0.0000]  0
0[0.1078]  1[0.8922]  1
0[0.9999]  1[0.0001]  0
0[0.0106]  1[0.9894]  1
0[1.0000]  1[0.0000]  0
0[0.0097]  1[0.9903]  1
0[0.9901]  1[0.0099]  0
0[1.0000]  1[0.0000]  0
0[0.0006]  1[0.9994]  1
0[0.0349]  1[0.9651]  1
0[0.9997]  1[0.0003]  0
0[0.0004]  1[0.9996]  1
0[0.9913]  1[0.0087]  0
0[0.9996]  1[0.0004]  0
0[0.9999]  1[0.0001]  0
0[0.0031]  1[0.9969]  1
0[0.0150]  1[0.9850]  1
0[0.9945]  1[0.0055]  0
0[0.3672]  1[0.6328]  1
0[0.0954]  1[0.9046]  1
0[0.2824]  1[0.7176]  1
0[0.9999]  1[0.0001]  0
0[0.9584]  1[0.0416]  0
0[0.0175]  1[0.9825]  1
0[0.0154]  1[0.9846]  1
0[0.9997]  1[0.0003]  0
0[0.9987]  1[0.0013]  0
0[0.9997]  1[0.0003]  0
0[0.9970]  1[0.0030]  0
0[1.0000]  1[0.0000]  0
0[0.9996]  1[0.0004]  0
0[0.9985]  1[0.0015]  0
0[0.0243]  1[0.9757]  1
0[1.0000]  1[0.0000]  0
0[0.0003]  1[0.9997]  1
0[0.9647]  1[0.0353]  0
0[0.0080]  1[0.9920]  1
0[0.0108]  1[0.9892]  1
0[0.0437]  1[0.9563]  1
0[0.9984]  1[0.0016]  0
0[0.3185]  1[0.6815]  1
0[0.9999]  1[0.0001]  0
0[0.9999]  1[0.0001]  0
0[1.0000]  1[0.0000]  0
0[0.0243]  1[0.9757]  1
0[1.0000]  1[0.0000]  0
0[0.9997]  1[0.0003]  0
0[0.0001]  1[0.9999]  1
0[0.0133]  1[0.9867]  1
0[0.9997]  1[0.0003]  0
0[0.0241]  1[0.9759]  1
0[0.9996]  1[0.0004]  0
0[0.9998]  1[0.0002]  0
0[0.2565]  1[0.7435]  1
0[1.0000]  1[0.0000]  0
0[0.9987]  1[0.0013]  0
0[0.0050]  1[0.9950]  1
0[0.9707]  1[0.0293]  0
0[0.0161]  1[0.9839]  1
0[0.0144]  1[0.9856]  1
0[0.0008]  1[0.9992]  1
0[0.9859]  1[0.0141]  0
0[1.0000]  1[0.0000]  0
0[0.0001]  1[0.9999]  1
0[0.0101]  1[0.9899]  1
0[0.9999]  1[0.0001]  0
0[0.1804]  1[0.8196]  1
0[0.9890]  1[0.0110]  0
0[0.4747]  1[0.5253]  1
0[0.0004]  1[0.9996]  1
0[0.9996]  1[0.0004]  0
0[0.9994]  1[0.0006]  0
0[1.0000]  1[0.0000]  0
0[0.0002]  1[0.9998]  1
0[0.0032]  1[0.9968]  1
0[0.9985]  1[0.0015]  0
0[1.0000]  1[0.0000]  0
0[0.9990]  1[0.0010]  0
