0[1.0000]  1[0.0000]  0
0[0.9636]  1[0.0364]  0
0[0.9999]  1[0.0001]  0
0[0.0006]  1[0.9994]  1
0[0.9995]  1[0.0005]  0
0[0.9999]  1[0.0001]  0
0[0.0008]  1[0.9992]  1
0[0.9998]  1[0.0002]  0
0[0.9970]  1[0.0030]  0
0[0.8226]  1[0.1774]  0
0[0.9641]  1[0.0359]  0
0[0.0072]  1[0.9928]  1
0[0.9995]  1[0.0005]  0
0[0.9999]  1[0.0001]  0
0[0.9995]  1[0.0005]  0
0[1.0000]  1[0.0000]  0
0[0.9995]  1[0.0005]  0
0[0.9998]  1[0.0002]  0
0[0.9995]  1[0.0005]  0
0[0.9998]  1[0.0002]  0
0[0.9995]  1[0.0005]  0
0[0.9686]  1[0.0314]  0
0[0.9999]  1[0.0001]  0
0[0.9998]  1[0.0002]  0
0[0.9932]  1[0.0068]  0
0[1.0000]  1[0.0000]  0
0[0.9999]  1[0.0001]  0
0[1.0000]  1[0.0000]  0
0[0.9995]  1[0.0005]  0
0[0.9889]  1[0.0111]  0
0[1.0000]  1[0.0000]  0
0[0.9971]  1[0.0029]  0
0[0.0023]  1[0.9977]  1
0[0.9945]  1[0.0055]  0
0[0.9995]  1[0.0005]  0
0[0.9752]  1[0.0248]  0
0[0.9886]  1[0.0114]  0
0[0.9995]  1[0.0005]  0
0[0.9999]  1[0.0001]  0
0[0.0175]  1[0.9825]  1
0[1.0000]  1[0.0000]  0
0[1.0000]  1[0.0000]  0
0[0.9999]  1[0.0001]  0
0[0.0010]  1[0.9990]  1
0[0.9999]  1[0.0001]  0
0[0.0129]  1[0.9871]  1
0[0.9998]  1[0.0002]  0
0[0.0161]  1[0.9839]  1
0[0.9997]  1[0.0003]  0
0[0.0201]  1[0.9799]  1
0[0.9978]  1[0.0022]  0
0[0.9983]  1[0.0017]  0
0[1.0000]  1[0.0000]  0
0[1.0000]  1[0.0000]  0
0[0.0022]  1[0.9978]  1
0[0.0327]  1[0.9673]  1
0[0.9999]  1[0.0001]  0
0[0.9999]  1[0.0001]  0
0[0.9999]  1[0.0001]  0
0[0.9999]  1[0.0001]  0
0[1.0000]  1[0.0000]  0
0[0.9995]  1[0.0005]  0
0[0.9974]  1[0.0026]  0
0[0.9999]  1[0.0001]  0
0[0.9999]  1[0.0001]  0
0[0.9995]  1[0.0005]  0
0[1.0000]  1[0.0000]  0
0[0.9999]  1[0.0001]  0
0[0.9988]  1[0.0012]  0
0[0.9935]  1[0.0065]  0
0[0.9995]  1[0.0005]  0
0[0.9999]  1[0.0001]  0
0[0.0327]  1[0.9673]  1
0[0.9996]  1[0.0004]  0
0[0.9999]  1[0.0001]  0
0[0.9999]  1[0.0001]  0
0[0.9997]  1[0.0003]  0
0[0.9972]  1[0.0028]  0
0[0.9873]  1[0.0127]  0
0[0.9999]  1[0.0001]  0
0[0.9999]  1[0.0001]  0
0[0.9970]  1[0.0030]  0
0[0.9999]  1[0.0001]  0
0[0.9996]  1[0.0004]  0
0[1.0000]  1[0.0000]  0
0[0.9980]  1[0.0020]  0
0[0.9582]  1[0.0418]  0
0[0.9991]  1[0.0009]  0
0[1.0000]  1[0.0000]  0
0[0.9999]  1[0.0001]  0
0[1.0000]  1[0.0000]  0
0[1.0000]  1[0.0000]  0
0[0.9914]  1[0.0086]  0
0[0.9873]  1[0.0127]  0
0[0.5925]  1[0.4075]  0
0[0.9982]  1[0.0018]  0
0[0.9995]  1[0.0005]  0
0[1.0000]  1[0.0000]  0
0[0.0806]  1[0.9194]  1
0[0.9999]  1[0.0001]  0
0[1.0000]  1[0.0000]  0
0[0.0247]  1[0.9753]  1
0[0.3568]  1[0.6432]  1
0[0.9994]  1[0.0006]  0
0[0.9996]  1[0.0004]  0
0[0.9842]  1[0.0158]  0
0[0.0444]  1[0.9556]  1
0[0.9961]  1[0.0039]  0
0[0.9996]  1[0.0004]  0
0[1.0000]  1[0.0000]  0
0[0.2253]  1[0.7747]  1
0[1.0000]  1[0.0000]  0
0[0.9999]  1[0.0001]  0
0[0.9996]  1[0.0004]  0
0[1.0000]  1[0.0000]  0
0[0.9983]  1[0.0017]  0
0[0.2253]  1[0.7747]  1
0[0.9999]  1[0.0001]  0
0[0.9998]  1[0.0002]  0
0[1.0000]  1[0.0000]  0
0[0.9999]  1[0.0001]  0
0[1.0000]  1[0.0000]  0
0[0.9999]  1[0.0001]  0
0[0.9998]  1[0.0002]  0
0[1.0000]  1[0.0000]  0
0[0.9956]  1[0.0044]  0
0[0.4353]  1[0.5647]  1
0[1.0000]  1[0.0000]  0
0[0.9999]  1[0.0001]  0
0[1.0000]  1[0.0000]  0
0[0.9999]  1[0.0001]  0
0[1.0000]  1[0.0000]  0
0[0.9999]  1[0.0001]  0
0[0.9997]  1[0.0003]  0
0[1.0000]  1[0.0000]  0
0[0.0135]  1[0.9865]  1
0[0.2954]  1[0.7046]  1
0[0.9995]  1[0.0005]  0
0[1.0000]  1[0.0000]  0
0[0.9975]  1[0.0025]  0
0[1.0000]  1[0.0000]  0
0[0.9999]  1[0.0001]  0
0[1.0000]  1[0.0000]  0
0[0.9990]  1[0.0010]  0
0[0.9857]  1[0.0143]  0
0[1.0000]  1[0.0000]  0
0[0.9990]  1[0.0010]  0
0[1.0000]  1[0.0000]  0
0[0.9995]  1[0.0005]  0
0[1.0000]  1[0.0000]  0
0[0.9999]  1[0.0001]  0
0[0.0476]  1[0.9524]  1
0[0.9984]  1[0.0016]  0
0[0.0133]  1[0.9867]  1
0[0.9999]  1[0.0001]  0
0[0.9999]  1[0.0001]  0
0[0.4139]  1[0.5861]  1
0[0.9956]  1[0.0044]  0
0[0.0156]  1[0.9844]  1
0[0.9980]  1[0.0020]  0
0[1.0000]  1[0.0000]  0
0[0.9939]  1[0.0061]  0
0[0.9996]  1[0.0004]  0
0[0.9999]  1[0.0001]  0
0[1.0000]  1[0.0000]  0
0[0.0156]  1[0.9844]  1
0[0.9999]  1[0.0001]  0
0[0.9988]  1[0.0012]  0
0[0.9999]  1[0.0001]  0
0[0.9998]  1[0.0002]  0
0[1.0000]  1[0.0000]  0
0[0.0204]  1[0.9796]  1
0[0.7273]  1[0.2727]  0
0[0.9989]  1[0.0011]  0
0[0.9975]  1[0.0025]  0
0[0.0161]  1[0.9839]  1
0[0.0133]  1[0.9867]  1
0[0.9890]  1[0.0110]  0
0[0.0035]  1[0.9965]  1
0[0.9945]  1[0.0055]  0
0[0.9992]  1[0.0008]  0
0[0.9998]  1[0.0002]  0
0[0.9994]  1[0.0006]  0
0[0.0022]  1[0.9978]  1
0[0.9989]  1[0.0011]  0
0[0.9999]  1[0.0001]  0
0[0.9923]  1[0.0077]  0
0[0.0327]  1[0.9673]  1
0[0.9826]  1[0.0174]  0
0[0.9995]  1[0.0005]  0
0[0.9994]  1[0.0006]  0
0[0.0247]  1[0.9753]  1
0[0.0106]  1[0.9894]  1
0[0.9999]  1[0.0001]  0
0[0.9992]  1[0.0008]  0
0[0.8430]  1[0.1570]  0
0[0.9998]  1[0.0002]  0
0[0.9999]  1[0.0001]  0
0[0.9999]  1[0.0001]  0
0[0.9993]  1[0.0007]  0
0[0.9723]  1[0.0277]  0
0[1.0000]  1[0.0000]  0
0[0.0543]  1[0.9457]  1
0[0.0275]  1[0.9725]  1
0[1.0000]  1[0.0000]  0
0[0.0085]  1[0.9915]  1
0[0.9996]  1[0.0004]  0
0[0.9998]  1[0.0002]  0
0[0.9999]  1[0.0001]  0
0[0.0170]  1[0.9830]  1
0[0.9998]  1[0.0002]  0
0[0.0230]  1[0.9770]  1
0[0.9996]  1[0.0004]  0
0[0.9998]  1[0.0002]  0
0[0.9999]  1[0.0001]  0
0[0.9999]  1[0.0001]  0
0[0.9992]  1[0.0008]  0
0[0.0067]  1[0.9933]  1
0[0.0115]  1[0.9885]  1
0[0.0609]  1[0.9391]  1
0[1.0000]  1[0.0000]  0
0[0.9999]  1[0.0001]  0
0[0.9999]  1[0.0001]  0
0[0.0231]  1[0.9769]  1
0[1.0000]  1[0.0000]  0
0[0.9984]  1[0.0016]  0
0[0.9999]  1[0.0001]  0
0[0.0156]  1[0.9844]  1
0[0.9879]  1[0.0121]  0
0[0.0072]  1[0.9928]  1
0[0.9999]  1[0.0001]  0
0[0.9977]  1[0.0023]  0
0[0.0305]  1[0.9695]  1
0[0.3112]  1[0.6888]  1
0[0.9736]  1[0.0264]  0
0[0.9998]  1[0.0002]  0
0[1.0000]  1[0.0000]  0
0[0.9995]  1[0.0005]  0
0[0.9996]  1[0.0004]  0
0[1.0000]  1[0.0000]  0
0[0.0133]  1[0.9867]  1
0[0.9999]  1[0.0001]  0
0[1.0000]  1[0.0000]  0
0[0.9954]  1[0.0046]  0
0[0.9851]  1[0.0149]  0
0[0.0358]  1[0.9642]  1
0[0.9303]  1[0.0697]  0
0[0.9886]  1[0.0114]  0
0[0.0691]  1[0.9309]  1
0[0.9999]  1[0.0001]  0
0[0.0127]  1[0.9873]  1
0[0.9999]  1[0.0001]  0
0[0.9988]  1[0.0012]  0
0[0.9955]  1[0.0045]  0
0[0.9999]  1[0.0001]  0
0[0.9992]  1[0.0008]  0
0[0.0800]  1[0.9200]  1
0[0.0167]  1[0.9833]  1
0[0.9999]  1[0.0001]  0
0[1.0000]  1[0.0000]  0
0[0.0221]  1[0.9779]  1
0[0.9998]  1[0.0002]  0
0[1.0000]  1[0.0000]  0
0[0.9998]  1[0.0002]  0
0[0.9998]  1[0.0002]  0
0[1.0000]  1[0.0000]  0
0[0.9999]  1[0.0001]  0
0[1.0000]  1[0.0000]  0
0[1.0000]  1[0.0000]  0
0[0.9863]  1[0.0137]  0
0[0.0660]  1[0.9340]  1
0[0.9870]  1[0.0130]  0
0[0.9999]  1[0.0001]  0
0[0.9995]  1[0.0005]  0
0[0.9225]  1[0.0775]  0
0[0.9890]  1[0.0110]  0
0[0.0204]  1[0.9796]  1
0[0.9922]  1[0.0078]  0
0[0.9641]  1[0.0359]  0
0[0.9932]  1[0.0068]  0
0[0.9995]  1[0.0005]  0
0[0.0161]  1[0.9839]  1
0[0.0099]  1[0.9901]  1
0[0.9995]  1[0.0005]  0
0[0.0156]  1[0.9844]  1
0[0.0188]  1[0.9812]  1
0[0.0120]  1[0.9880]  1
0[0.9999]  1[0.0001]  0
0[0.9999]  1[0.0001]  0
0[0.0133]  1[0.9867]  1
0[0.9999]  1[0.0001]  0
0[0.0161]  1[0.9839]  1
0[0.9999]  1[0.0001]  0
0[0.9999]  1[0.0001]  0
0[0.9995]  1[0.0005]  0
0[0.9138]  1[0.0862]  0
0[0.9995]  1[0.0005]  0
0[0.1079]  1[0.8921]  1
0[0.9996]  1[0.0004]  0
0[0.9975]  1[0.0025]  0
0[0.9948]  1[0.0052]  0
0[0.0940]  1[0.9060]  1
0[0.9999]  1[0.0001]  0
0[0.9999]  1[0.0001]  0
0[1.0000]  1[0.0000]  0
0[0.9992]  1[0.0008]  0
0[0.9994]  1[0.0006]  0
0[0.0133]  1[0.9867]  1
0[0.9948]  1[0.0052]  0
0[0.9999]  1[0.0001]  0
0[0.9798]  1[0.0202]  0
0[0.0161]  1[0.9839]  1
0[0.0247]  1[0.9753]  1
0[0.0280]  1[0.9720]  1
0[0.0055]  1[0.9945]  1
0[0.9827]  1[0.0173]  0
0[0.0094]  1[0.9906]  1
0[0.0327]  1[0.9673]  1
0[0.9980]  1[0.0020]  0
0[0.4000]  1[0.6000]  1
0[0.1079]  1[0.8921]  1
0[0.9999]  1[0.0001]  0
0[1.0000]  1[0.0000]  0
0[0.0099]  1[0.9901]  1
0[0.0408]  1[0.9592]  1
0[0.9252]  1[0.0748]  0
0[0.0290]  1[0.9710]  1
0[0.9995]  1[0.0005]  0
0[0.9995]  1[0.0005]  0
0[0.9989]  1[0.0011]  0
0[0.0156]  1[0.9844]  1
0[0.9989]  1[0.0011]  0
0[0.9995]  1[0.0005]  0
0[0.1079]  1[0.8921]  1
0[0.9999]  1[0.0001]  0
0[0.9919]  1[0.0081]  0
0[0.0156]  1[0.9844]  1
0[0.9998]  1[0.0002]  0
0[0.9999]  1[0.0001]  0
0[0.9995]  1[0.0005]  0
0[0.9967]  1[0.0033]  0
0[0.9995]  1[0.0005]  0
0[0.9999]  1[0.0001]  0
0[0.9940]  1[0.0060]  0
0[0.9799]  1[0.0201]  0
0[0.0161]  1[0.9839]  1
0[0.9999]  1[0.0001]  0
0[0.9999]  1[0.0001]  0
0[0.0127]  1[0.9873]  1
0[0.0360]  1[0.9640]  1
0[0.9993]  1[0.0007]  0
0[0.0164]  1[0.9836]  1
0[1.0000]  1[0.0000]  0
0[0.0531]  1[0.9469]  1
0[0.0146]  1[0.9854]  1
0[0.0224]  1[0.9776]  1
0[0.9975]  1[0.0025]  0
0[0.9995]  1[0.0005]  0
0[0.9999]  1[0.0001]  0
0[0.0222]  1[0.9778]  1
0[0.9999]  1[0.0001]  0
0[0.0108]  1[0.9892]  1
0[0.9961]  1[0.0039]  0
0[1.0000]  1[0.0000]  0
0[1.0000]  1[0.0000]  0
0[0.0133]  1[0.9867]  1
0[0.9995]  1[0.0005]  0
0[0.0646]  1[0.9354]  1
0[0.6069]  1[0.3931]  0
0[0.7023]  1[0.2977]  0
0[1.0000]  1[0.0000]  0
0[0.9885]  1[0.0115]  0
0[0.0127]  1[0.9873]  1
0[0.0272]  1[0.9728]  1
0[0.0689]  1[0.9311]  1
0[1.0000]  1[0.0000]  0
0[1.0000]  1[0.0000]  0
0[0.9996]  1[0.0004]  0
0[0.9985]  1[0.0015]  0
0[1.0000]  1[0.0000]  0
0[0.9985]  1[0.0015]  0
0[0.9999]  1[0.0001]  0
0[0.9999]  1[0.0001]  0
0[0.9818]  1[0.0182]  0
0[0.9728]  1[0.0272]  0
0[0.9995]  1[0.0005]  0
0[1.0000]  1[0.0000]  0
0[0.9999]  1[0.0001]  0
0[0.9996]  1[0.0004]  0
0[1.0000]  1[0.0000]  0
0[1.0000]  1[0.0000]  0
0[0.9536]  1[0.0464]  0
0[0.9999]  1[0.0001]  0
0[0.9996]  1[0.0004]  0
0[0.9999]  1[0.0001]  0
0[0.9998]  1[0.0002]  0
0[0.9999]  1[0.0001]  0
0[0.9998]  1[0.0002]  0
0[0.9999]  1[0.0001]  0
0[0.9979]  1[0.0021]  0
0[1.0000]  1[0.0000]  0
0[1.0000]  1[0.0000]  0
0[1.0000]  1[0.0000]  0
0[0.9999]  1[0.0001]  0
0[0.9536]  1[0.0464]  0
0[0.9994]  1[0.0006]  0
0[0.9980]  1[0.0020]  0
0[0.9971]  1[0.0029]  0
0[0.4353]  1[0.5647]  1
0[0.9999]  1[0.0001]  0
0[0.9999]  1[0.0001]  0
0[0.9939]  1[0.0061]  0
0[0.9995]  1[0.0005]  0
0[0.9998]  1[0.0002]  0
0[0.9994]  1[0.0006]  0
0[0.9998]  1[0.0002]  0
0[1.0000]  1[0.0000]  0
0[0.0767]  1[0.9233]  1
0[0.9689]  1[0.0311]  0
0[0.0204]  1[0.9796]  1
0[0.9999]  1[0.0001]  0
0[0.9980]  1[0.0020]  0
0[1.0000]  1[0.0000]  0
0[0.9992]  1[0.0008]  0
0[0.0156]  1[0.9844]  1
0[0.9547]  1[0.0453]  0
0[1.0000]  1[0.0000]  0
0[0.9995]  1[0.0005]  0
0[0.9986]  1[0.0014]  0
0[1.0000]  1[0.0000]  0
0[0.9999]  1[0.0001]  0
0[0.9998]  1[0.0002]  0
0[1.0000]  1[0.0000]  0
0[0.9956]  1[0.0044]  0
0[0.4353]  1[0.5647]  1
0[0.9999]  1[0.0001]  0
0[0.9996]  1[0.0004]  0
0[1.0000]  1[0.0000]  0
0[0.9547]  1[0.0453]  0
0[0.9999]  1[0.0001]  0
0[0.9999]  1[0.0001]  0
0[0.0825]  1[0.9175]  1
0[0.9999]  1[0.0001]  0
0[0.9962]  1[0.0038]  0
0[0.9995]  1[0.0005]  0
0[0.9999]  1[0.0001]  0
0[0.1389]  1[0.8611]  1
0[0.9883]  1[0.0117]  0
