0[0.9986]  1[0.0014]  0
0[0.9267]  1[0.0733]  0
0[0.9999]  1[0.0001]  0
0[1.0000]  1[0.0000]  0
0[1.0000]  1[0.0000]  0
0[0.9995]  1[0.0005]  0
0[0.9991]  1[0.0009]  0
0[0.0027]  1[0.9973]  1
0[0.9999]  1[0.0001]  0
0[0.4938]  1[0.5062]  1
0[1.0000]  1[0.0000]  0
0[0.9994]  1[0.0006]  0
0[0.9995]  1[0.0005]  0
0[0.9998]  1[0.0002]  0
0[0.9995]  1[0.0005]  0
0[0.9996]  1[0.0004]  0
0[0.9999]  1[0.0001]  0
0[0.0915]  1[0.9085]  1
0[1.0000]  1[0.0000]  0
0[0.0275]  1[0.9725]  1
0[0.0023]  1[0.9977]  1
0[0.9994]  1[0.0006]  0
0[0.9999]  1[0.0001]  0
0[0.9999]  1[0.0001]  0
0[0.0161]  1[0.9839]  1
0[0.9995]  1[0.0005]  0
0[0.9996]  1[0.0004]  0
0[0.9997]  1[0.0003]  0
0[0.9994]  1[0.0006]  0
0[0.9886]  1[0.0114]  0
0[0.9996]  1[0.0004]  0
0[0.0134]  1[0.9866]  1
0[0.0161]  1[0.9839]  1
0[0.9996]  1[0.0004]  0
0[0.9999]  1[0.0001]  0
0[0.0176]  1[0.9824]  1
0[0.9999]  1[0.0001]  0
0[0.9981]  1[0.0019]  0
0[0.0142]  1[0.9858]  1
0[0.1000]  1[0.9000]  1
0[0.9999]  1[0.0001]  0
0[1.0000]  1[0.0000]  0
0[0.7495]  1[0.2505]  0
0[0.9999]  1[0.0001]  0
0[0.0290]  1[0.9710]  1
0[0.0124]  1[0.9876]  1
0[0.9995]  1[0.0005]  0
0[0.9999]  1[0.0001]  0
0[1.0000]  1[0.0000]  0
0[0.9957]  1[0.0043]  0
0[0.9958]  1[0.0042]  0
0[0.0025]  1[0.9975]  1
0[0.9987]  1[0.0013]  0
0[0.9999]  1[0.0001]  0
0[0.0095]  1[0.9905]  1
0[0.9999]  1[0.0001]  0
0[0.0027]  1[0.9973]  1
0[0.9997]  1[0.0003]  0
0[1.0000]  1[0.0000]  0
0[0.9999]  1[0.0001]  0
0[0.9999]  1[0.0001]  0
0[0.9999]  1[0.0001]  0
0[1.0000]  1[0.0000]  0
0[0.9996]  1[0.0004]  0
0[1.0000]  1[0.0000]  0
0[0.9459]  1[0.0541]  0
0[1.0000]  1[0.0000]  0
0[0.9997]  1[0.0003]  0
0[1.0000]  1[0.0000]  0
0[0.9999]  1[0.0001]  0
0[0.9999]  1[0.0001]  0
0[0.0133]  1[0.9867]  1
0[0.9999]  1[0.0001]  0
0[0.9999]  1[0.0001]  0
0[0.9999]  1[0.0001]  0
0[0.9999]  1[0.0001]  0
0[0.9999]  1[0.0001]  0
0[0.3246]  1[0.6754]  1
0[0.7420]  1[0.2580]  0
0[1.0000]  1[0.0000]  0
0[0.9975]  1[0.0025]  0
0[1.0000]  1[0.0000]  0
0[0.0431]  1[0.9569]  1
0[1.0000]  1[0.0000]  0
0[0.9996]  1[0.0004]  0
0[0.9506]  1[0.0494]  0
0[1.0000]  1[0.0000]  0
0[0.0529]  1[0.9471]  1
0[0.7182]  1[0.2818]  0
0[0.9981]  1[0.0019]  0
0[0.9948]  1[0.0052]  0
0[0.0175]  1[0.9825]  1
0[0.9966]  1[0.0034]  0
0[0.7073]  1[0.2927]  0
0[0.9972]  1[0.0028]  0
0[1.0000]  1[0.0000]  0
0[1.0000]  1[0.0000]  0
0[0.9996]  1[0.0004]  0
0[0.9981]  1[0.0019]  0
0[1.0000]  1[0.0000]  0
0[0.9947]  1[0.0053]  0
0[0.9854]  1[0.0146]  0
0[0.0410]  1[0.9590]  1
0[0.9915]  1[0.0085]  0
0[0.1841]  1[0.8159]  1
0[0.2972]  1[0.7028]  1
0[0.5983]  1[0.4017]  0
0[0.0806]  1[0.9194]  1
0[1.0000]  1[0.0000]  0
0[0.9999]  1[0.0001]  0
0[0.9612]  1[0.0388]  0
0[1.0000]  1[0.0000]  0
0[0.9986]  1[0.0014]  0
0[0.1593]  1[0.8407]  1
0[1.0000]  1[0.0000]  0
0[0.0806]  1[0.9194]  1
0[1.0000]  1[0.0000]  0
0[0.3285]  1[0.6715]  1
0[0.9984]  1[0.0016]  0
0[0.9999]  1[0.0001]  0
0[0.9980]  1[0.0020]  0
0[0.9976]  1[0.0024]  0
0[1.0000]  1[0.0000]  0
0[0.9996]  1[0.0004]  0
0[0.9890]  1[0.0110]  0
0[1.0000]  1[0.0000]  0
0[0.9995]  1[0.0005]  0
0[0.9996]  1[0.0004]  0
0[0.9994]  1[0.0006]  0
0[1.0000]  1[0.0000]  0
0[1.0000]  1[0.0000]  0
0[0.9999]  1[0.0001]  0
0[1.0000]  1[0.0000]  0
0[1.0000]  1[0.0000]  0
0[0.9999]  1[0.0001]  0
0[0.8239]  1[0.1761]  0
0[1.0000]  1[0.0000]  0
0[0.9979]  1[0.0021]  0
0[0.9996]  1[0.0004]  0
0[0.9736]  1[0.0264]  0
0[1.0000]  1[0.0000]  0
0[0.9975]  1[0.0025]  0
0[1.0000]  1[0.0000]  0
0[0.9991]  1[0.0009]  0
0[0.9999]  1[0.0001]  0
0[1.0000]  1[0.0000]  0
0[0.4054]  1[0.5946]  1
0[0.9999]  1[0.0001]  0
0[0.9974]  1[0.0026]  0
0[0.0806]  1[0.9194]  1
0[0.9982]  1[0.0018]  0
0[1.0000]  1[0.0000]  0
0[0.9765]  1[0.0235]  0
0[0.9999]  1[0.0001]  0
0[0.9998]  1[0.0002]  0
0[1.0000]  1[0.0000]  0
0[1.0000]  1[0.0000]  0
0[0.9992]  1[0.0008]  0
0[0.9997]  1[0.0003]  0
0[1.0000]  1[0.0000]  0
0[0.9736]  1[0.0264]  0
0[1.0000]  1[0.0000]  0
0[0.0211]  1[0.9789]  1
0[0.9999]  1[0.0001]  0
0[0.9959]  1[0.0041]  0
0[1.0000]  1[0.0000]  0
0[0.9972]  1[0.0028]  0
0[0.9999]  1[0.0001]  0
0[0.2665]  1[0.7335]  1
0[0.0027]  1[0.9973]  1
0[0.9999]  1[0.0001]  0
0[0.9641]  1[0.0359]  0
0[0.9999]  1[0.0001]  0
0[1.0000]  1[0.0000]  0
0[0.0207]  1[0.9793]  1
0[0.9997]  1[0.0003]  0
0[1.0000]  1[0.0000]  0
0[0.9975]  1[0.0025]  0
0[0.9967]  1[0.0033]  0
0[1.0000]  1[0.0000]  0
0[0.7787]  1[0.2213]  0
0[0.0133]  1[0.9867]  1
0[0.9999]  1[0.0001]  0
0[0.1079]  1[0.8921]  1
0[0.6307]  1[0.3693]  0
0[0.9996]  1[0.0004]  0
0[0.9999]  1[0.0001]  0
0[0.0207]  1[0.9793]  1
0[0.9982]  1[0.0018]  0
0[1.0000]  1[0.0000]  0
0[0.9996]  1[0.0004]  0
0[0.9821]  1[0.0179]  0
0[0.0452]  1[0.9548]  1
0[0.9999]  1[0.0001]  0
0[0.0003]  1[0.9997]  1
0[0.9998]  1[0.0002]  0
0[0.9658]  1[0.0342]  0
0[0.0157]  1[0.9843]  1
0[0.9999]  1[0.0001]  0
0[0.8430]  1[0.1570]  0
0[0.0006]  1[0.9994]  1
0[0.9995]  1[0.0005]  0
0[0.9642]  1[0.0358]  0
0[0.9995]  1[0.0005]  0
0[0.9997]  1[0.0003]  0
0[0.9385]  1[0.0615]  0
0[1.0000]  1[0.0000]  0
0[0.9999]  1[0.0001]  0
0[0.0160]  1[0.9840]  1
0[0.9971]  1[0.0029]  0
0[0.9935]  1[0.0065]  0
0[0.0507]  1[0.9493]  1
0[0.9995]  1[0.0005]  0
0[0.9999]  1[0.0001]  0
0[1.0000]  1[0.0000]  0
0[0.9965]  1[0.0035]  0
0[0.9999]  1[0.0001]  0
0[0.9854]  1[0.0146]  0
0[0.9990]  1[0.0010]  0
0[0.8430]  1[0.1570]  0
0[0.9997]  1[0.0003]  0
0[0.0161]  1[0.9839]  1
0[0.9900]  1[0.0100]  0
0[0.9962]  1[0.0038]  0
0[0.0543]  1[0.9457]  1
0[0.9999]  1[0.0001]  0
0[0.9558]  1[0.0442]  0
0[0.9999]  1[0.0001]  0
0[0.0060]  1[0.9940]  1
0[0.7736]  1[0.2264]  0
0[0.9995]  1[0.0005]  0
0[0.9983]  1[0.0017]  0
0[0.9985]  1[0.0015]  0
0[0.9984]  1[0.0016]  0
0[0.9937]  1[0.0063]  0
0[0.9999]  1[0.0001]  0
0[0.1900]  1[0.8100]  1
0[0.9999]  1[0.0001]  0
0[0.8430]  1[0.1570]  0
0[0.9982]  1[0.0018]  0
0[0.9998]  1[0.0002]  0
0[0.9646]  1[0.0354]  0
0[0.0022]  1[0.9978]  1
0[0.9990]  1[0.0010]  0
0[0.9995]  1[0.0005]  0
0[0.9799]  1[0.0201]  0
0[0.9999]  1[0.0001]  0
0[1.0000]  1[0.0000]  0
0[0.9999]  1[0.0001]  0
0[0.0543]  1[0.9457]  1
0[0.9983]  1[0.0017]  0
0[0.9980]  1[0.0020]  0
0[1.0000]  1[0.0000]  0
0[0.9999]  1[0.0001]  0
0[0.9999]  1[0.0001]  0
0[0.0135]  1[0.9865]  1
0[0.9995]  1[0.0005]  0
0[0.0033]  1[0.9967]  1
0[0.0224]  1[0.9776]  1
0[0.9976]  1[0.0024]  0
0[0.0661]  1[0.9339]  1
0[0.0161]  1[0.9839]  1
0[0.0015]  1[0.9985]  1
0[0.9762]  1[0.0238]  0
0[0.9989]  1[0.0011]  0
0[0.9955]  1[0.0045]  0
0[0.9999]  1[0.0001]  0
0[0.9999]  1[0.0001]  0
0[1.0000]  1[0.0000]  0
0[0.0161]  1[0.9839]  1
0[0.0494]  1[0.9506]  1
0[0.0327]  1[0.9673]  1
0[0.9996]  1[0.0004]  0
0[0.4731]  1[0.5269]  1
0[0.0349]  1[0.9651]  1
0[0.9996]  1[0.0004]  0
0[0.9995]  1[0.0005]  0
0[0.9985]  1[0.0015]  0
0[0.9955]  1[0.0045]  0
0[0.9982]  1[0.0018]  0
0[1.0000]  1[0.0000]  0
0[0.0012]  1[0.9988]  1
0[0.9999]  1[0.0001]  0
0[0.0086]  1[0.9914]  1
0[0.9996]  1[0.0004]  0
0[0.9988]  1[0.0012]  0
0[0.9958]  1[0.0042]  0
0[0.9999]  1[0.0001]  0
0[0.9973]  1[0.0027]  0
0[0.9962]  1[0.0038]  0
0[0.9998]  1[0.0002]  0
0[0.0543]  1[0.9457]  1
0[0.9995]  1[0.0005]  0
0[0.9982]  1[0.0018]  0
0[0.0051]  1[0.9949]  1
0[0.9617]  1[0.0383]  0
0[0.0018]  1[0.9982]  1
0[0.6830]  1[0.3170]  0
0[1.0000]  1[0.0000]  0
0[0.0179]  1[0.9821]  1
0[0.0027]  1[0.9973]  1
0[1.0000]  1[0.0000]  0
0[0.0086]  1[0.9914]  1
0[0.9999]  1[0.0001]  0
0[0.0060]  1[0.9940]  1
0[0.9998]  1[0.0002]  0
0[0.0133]  1[0.9867]  1
0[0.0185]  1[0.9815]  1
0[1.0000]  1[0.0000]  0
0[0.9998]  1[0.0002]  0
0[1.0000]  1[0.0000]  0
0[1.0000]  1[0.0000]  0
0[0.9998]  1[0.0002]  0
0[0.0369]  1[0.9631]  1
0[1.0000]  1[0.0000]  0
0[0.0852]  1[0.9148]  1
0[0.0543]  1[0.9457]  1
0[1.0000]  1[0.0000]  0
0[0.0033]  1[0.9967]  1
0[0.9999]  1[0.0001]  0
0[1.0000]  1[0.0000]  0
0[0.9999]  1[0.0001]  0
0[0.9999]  1[0.0001]  0
0[0.9999]  1[0.0001]  0
0[0.9995]  1[0.0005]  0
0[0.9973]  1[0.0027]  0
0[0.9955]  1[0.0045]  0
0[0.0748]  1[0.9252]  1
0[0.9897]  1[0.0103]  0
0[1.0000]  1[0.0000]  0
0[0.9989]  1[0.0011]  0
0[0.9984]  1[0.0016]  0
0[0.9992]  1[0.0008]  0
0[0.9995]  1[0.0005]  0
0[0.9985]  1[0.0015]  0
0[0.9980]  1[0.0020]  0
0[0.9999]  1[0.0001]  0
0[1.0000]  1[0.0000]  0
0[1.0000]  1[0.0000]  0
0[0.9998]  1[0.0002]  0
0[0.9952]  1[0.0048]  0
0[0.9999]  1[0.0001]  0
0[1.0000]  1[0.0000]  0
0[1.0000]  1[0.0000]  0
0[0.9998]  1[0.0002]  0
0[1.0000]  1[0.0000]  0
0[1.0000]  1[0.0000]  0
0[1.0000]  1[0.0000]  0
0[0.9999]  1[0.0001]  0
0[1.0000]  1[0.0000]  0
0[0.6691]  1[0.3309]  0
0[0.9996]  1[0.0004]  0
0[0.9998]  1[0.0002]  0
0[0.9999]  1[0.0001]  0
0[0.9999]  1[0.0001]  0
0[0.9999]  1[0.0001]  0
0[0.9999]  1[0.0001]  0
0[0.9996]  1[0.0004]  0
0[0.9882]  1[0.0118]  0
0[0.9992]  1[0.0008]  0
0[0.9989]  1[0.0011]  0
0[0.9999]  1[0.0001]  0
0[0.9999]  1[0.0001]  0
0[0.9997]  1[0.0003]  0
0[0.9999]  1[0.0001]  0
0[0.9927]  1[0.0073]  0
0[1.0000]  1[0.0000]  0
0[1.0000]  1[0.0000]  0
0[1.0000]  1[0.0000]  0
0[0.9490]  1[0.0510]  0
0[0.9791]  1[0.0209]  0
0[0.9998]  1[0.0002]  0
0[0.9999]  1[0.0001]  0
0[0.9997]  1[0.0003]  0
0[1.0000]  1[0.0000]  0
0[1.0000]  1[0.0000]  0
0[0.9999]  1[0.0001]  0
0[0.9826]  1[0.0174]  0
0[0.9999]  1[0.0001]  0
0[0.9937]  1[0.0063]  0
0[1.0000]  1[0.0000]  0
0[0.9999]  1[0.0001]  0
0[1.0000]  1[0.0000]  0
0[1.0000]  1[0.0000]  0
0[0.9990]  1[0.0010]  0
0[0.9989]  1[0.0011]  0
0[1.0000]  1[0.0000]  0
0[0.9998]  1[0.0002]  0
0[0.9998]  1[0.0002]  0
0[0.9998]  1[0.0002]  0
0[0.9990]  1[0.0010]  0
0[0.9998]  1[0.0002]  0
0[0.9999]  1[0.0001]  0
0[0.9846]  1[0.0154]  0
0[1.0000]  1[0.0000]  0
0[0.9995]  1[0.0005]  0
0[0.9999]  1[0.0001]  0
0[1.0000]  1[0.0000]  0
