0[0.9999]  1[0.0001]  0
0[1.0000]  1[0.0000]  0
0[0.9998]  1[0.0002]  0
0[0.9999]  1[0.0001]  0
0[0.9985]  1[0.0015]  0
0[0.0063]  1[0.9937]  1
0[0.0313]  1[0.9687]  1
0[0.9988]  1[0.0012]  0
0[0.9974]  1[0.0026]  0
0[1.0000]  1[0.0000]  0
0[0.9995]  1[0.0005]  0
0[0.0033]  1[0.9967]  1
0[0.9996]  1[0.0004]  0
0[0.2002]  1[0.7998]  1
0[0.1616]  1[0.8384]  1
0[0.9933]  1[0.0067]  0
0[0.9980]  1[0.0020]  0
0[0.9985]  1[0.0015]  0
0[0.9916]  1[0.0084]  0
0[0.9999]  1[0.0001]  0
0[0.9960]  1[0.0040]  0
0[0.9999]  1[0.0001]  0
0[0.9957]  1[0.0043]  0
0[0.9999]  1[0.0001]  0
0[0.9994]  1[0.0006]  0
0[0.9960]  1[0.0040]  0
0[0.9995]  1[0.0005]  0
0[0.9999]  1[0.0001]  0
0[0.9190]  1[0.0810]  0
0[0.0161]  1[0.9839]  1
0[0.9836]  1[0.0164]  0
0[0.9994]  1[0.0006]  0
0[0.0027]  1[0.9973]  1
0[0.9932]  1[0.0068]  0
0[0.9995]  1[0.0005]  0
0[0.9994]  1[0.0006]  0
0[0.9999]  1[0.0001]  0
0[0.9999]  1[0.0001]  0
0[0.0115]  1[0.9885]  1
0[0.9718]  1[0.0282]  0
0[0.9999]  1[0.0001]  0
0[0.0050]  1[0.9950]  1
0[0.9955]  1[0.0045]  0
0[1.0000]  1[0.0000]  0
0[0.9999]  1[0.0001]  0
0[0.0006]  1[0.9994]  1
0[0.0050]  1[0.9950]  1
0[0.9999]  1[0.0001]  0
0[0.0078]  1[0.9922]  1
0[0.9999]  1[0.0001]  0
0[0.9999]  1[0.0001]  0
0[0.9993]  1[0.0007]  0
0[0.9999]  1[0.0001]  0
0[0.9995]  1[0.0005]  0
0[0.9957]  1[0.0043]  0
0[0.9504]  1[0.0496]  0
0[1.0000]  1[0.0000]  0
0[0.9977]  1[0.0023]  0
0[1.0000]  1[0.0000]  0
0[0.9983]  1[0.0017]  0
0[0.9995]  1[0.0005]  0
0[0.9513]  1[0.0487]  0
0[0.0013]  1[0.9987]  1
0[0.1009]  1[0.8991]  1
0[0.9997]  1[0.0003]  0
0[0.9998]  1[0.0002]  0
0[0.0033]  1[0.9967]  1
0[0.9974]  1[0.0026]  0
0[0.9965]  1[0.0035]  0
0[0.9826]  1[0.0174]  0
0[0.9251]  1[0.0749]  0
0[0.0744]  1[0.9256]  1
0[0.9990]  1[0.0010]  0
0[1.0000]  1[0.0000]  0
0[0.0810]  1[0.9190]  1
0[0.9958]  1[0.0042]  0
0[0.9998]  1[0.0002]  0
0[0.9998]  1[0.0002]  0
0[0.9999]  1[0.0001]  0
0[1.0000]  1[0.0000]  0
0[1.0000]  1[0.0000]  0
0[0.9996]  1[0.0004]  0
0[0.9908]  1[0.0092]  0
0[0.0016]  1[0.9984]  1
0[0.9449]  1[0.0551]  0
0[0.0196]  1[0.9804]  1
0[0.0135]  1[0.9865]  1
0[0.9996]  1[0.0004]  0
0[0.0156]  1[0.9844]  1
0[1.0000]  1[0.0000]  0
0[0.9999]  1[0.0001]  0
0[0.9999]  1[0.0001]  0
0[0.9999]  1[0.0001]  0
0[0.9981]  1[0.0019]  0
0[0.9991]  1[0.0009]  0
0[0.9999]  1[0.0001]  0
0[0.9995]  1[0.0005]  0
0[0.9999]  1[0.0001]  0
0[0.9952]  1[0.0048]  0
0[0.0040]  1[0.9960]  1
0[0.0671]  1[0.9329]  1
0[0.9999]  1[0.0001]  0
0[0.9995]  1[0.0005]  0
0[0.9971]  1[0.0029]  0
0[0.9675]  1[0.0325]  0
0[0.9996]  1[0.0004]  0
0[0.9967]  1[0.0033]  0
0[0.0134]  1[0.9866]  1
0[0.0629]  1[0.9371]  1
0[0.9997]  1[0.0003]  0
0[0.9991]  1[0.0009]  0
0[0.0491]  1[0.9509]  1
0[1.0000]  1[0.0000]  0
0[0.9999]  1[0.0001]  0
0[0.0213]  1[0.9787]  1
0[0.9990]  1[0.0010]  0
0[0.0311]  1[0.9689]  1
0[0.8755]  1[0.1245]  0
0[0.9995]  1[0.0005]  0
0[0.9999]  1[0.0001]  0
0[0.9995]  1[0.0005]  0
0[0.9995]  1[0.0005]  0
0[0.9946]  1[0.0054]  0
0[0.9997]  1[0.0003]  0
0[0.9984]  1[0.0016]  0
0[0.9999]  1[0.0001]  0
0[0.0050]  1[0.9950]  1
0[0.9999]  1[0.0001]  0
0[0.9978]  1[0.0022]  0
0[0.9979]  1[0.0021]  0
0[0.0027]  1[0.9973]  1
0[1.0000]  1[0.0000]  0
0[0.0529]  1[0.9471]  1
0[0.1152]  1[0.8848]  1
0[0.9995]  1[0.0005]  0
0[1.0000]  1[0.0000]  0
0[0.9997]  1[0.0003]  0
0[0.9999]  1[0.0001]  0
0[0.0042]  1[0.9958]  1
0[0.9931]  1[0.0069]  0
0[0.0862]  1[0.9138]  1
0[1.0000]  1[0.0000]  0
0[1.0000]  1[0.0000]  0
0[0.5503]  1[0.4497]  0
0[0.2385]  1[0.7615]  1
0[0.9995]  1[0.0005]  0
0[0.9972]  1[0.0028]  0
0[0.9969]  1[0.0031]  0
0[0.0008]  1[0.9992]  1
0[0.9997]  1[0.0003]  0
0[0.9768]  1[0.0232]  0
0[1.0000]  1[0.0000]  0
0[0.9995]  1[0.0005]  0
0[0.9982]  1[0.0018]  0
0[0.0023]  1[0.9977]  1
0[1.0000]  1[0.0000]  0
0[0.9995]  1[0.0005]  0
0[0.0196]  1[0.9804]  1
0[0.9986]  1[0.0014]  0
0[1.0000]  1[0.0000]  0
0[0.0177]  1[0.9823]  1
0[0.9996]  1[0.0004]  0
0[1.0000]  1[0.0000]  0
0[0.9999]  1[0.0001]  0
0[0.9999]  1[0.0001]  0
0[0.9996]  1[0.0004]  0
0[0.0272]  1[0.9728]  1
0[0.9999]  1[0.0001]  0
0[0.0604]  1[0.9396]  1
0[0.9979]  1[0.0021]  0
0[0.9955]  1[0.0045]  0
0[1.0000]  1[0.0000]  0
0[0.0050]  1[0.9950]  1
0[0.0069]  1[0.9931]  1
0[0.0161]  1[0.9839]  1
0[0.9952]  1[0.0048]  0
0[0.9999]  1[0.0001]  0
0[0.9995]  1[0.0005]  0
0[0.9995]  1[0.0005]  0
0[0.9949]  1[0.0051]  0
0[0.0573]  1[0.9427]  1
0[0.0414]  1[0.9586]  1
0[0.9999]  1[0.0001]  0
0[0.9996]  1[0.0004]  0
0[0.9905]  1[0.0095]  0
0[0.7295]  1[0.2705]  0
0[0.9996]  1[0.0004]  0
0[0.9999]  1[0.0001]  0
0[1.0000]  1[0.0000]  0
0[0.0025]  1[0.9975]  1
0[0.7701]  1[0.2299]  0
0[0.9999]  1[0.0001]  0
0[1.0000]  1[0.0000]  0
0[1.0000]  1[0.0000]  0
0[0.7623]  1[0.2377]  0
0[0.0013]  1[0.9987]  1
0[0.9989]  1[0.0011]  0
0[0.9980]  1[0.0020]  0
0[0.0050]  1[0.9950]  1
0[0.2447]  1[0.7553]  1
0[0.9984]  1[0.0016]  0
0[0.9968]  1[0.0032]  0
0[0.1432]  1[0.8568]  1
0[0.9999]  1[0.0001]  0
0[0.9999]  1[0.0001]  0
0[0.9999]  1[0.0001]  0
0[0.0750]  1[0.9250]  1
0[1.0000]  1[0.0000]  0
0[0.9995]  1[0.0005]  0
0[1.0000]  1[0.0000]  0
0[0.7554]  1[0.2446]  0
0[0.9975]  1[0.0025]  0
0[0.9989]  1[0.0011]  0
0[0.9958]  1[0.0042]  0
0[0.9999]  1[0.0001]  0
0[0.9996]  1[0.0004]  0
0[0.9116]  1[0.0884]  0
0[0.9344]  1[0.0656]  0
0[0.9929]  1[0.0071]  0
0[0.9995]  1[0.0005]  0
0[0.9999]  1[0.0001]  0
0[0.9992]  1[0.0008]  0
0[0.0177]  1[0.9823]  1
0[0.9995]  1[0.0005]  0
0[0.0161]  1[0.9839]  1
0[0.9999]  1[0.0001]  0
0[0.9999]  1[0.0001]  0
0[0.9999]  1[0.0001]  0
0[0.0190]  1[0.9810]  1
0[1.0000]  1[0.0000]  0
0[0.0007]  1[0.9993]  1
0[0.0196]  1[0.9804]  1
0[0.9498]  1[0.0502]  0
0[1.0000]  1[0.0000]  0
0[1.0000]  1[0.0000]  0
0[0.0255]  1[0.9745]  1
0[1.0000]  1[0.0000]  0
0[1.0000]  1[0.0000]  0
0[1.0000]  1[0.0000]  0
0[0.9988]  1[0.0012]  0
0[0.9999]  1[0.0001]  0
0[0.0057]  1[0.9943]  1
0[0.0019]  1[0.9981]  1
0[0.0550]  1[0.9450]  1
0[0.0161]  1[0.9839]  1
0[0.9999]  1[0.0001]  0
0[0.9999]  1[0.0001]  0
0[0.9990]  1[0.0010]  0
0[0.9992]  1[0.0008]  0
0[1.0000]  1[0.0000]  0
0[0.9947]  1[0.0053]  0
0[0.9999]  1[0.0001]  0
0[0.6851]  1[0.3149]  0
0[0.0050]  1[0.9950]  1
0[0.7327]  1[0.2673]  0
0[0.2135]  1[0.7865]  1
0[0.9999]  1[0.0001]  0
0[0.9995]  1[0.0005]  0
0[0.9999]  1[0.0001]  0
0[0.9999]  1[0.0001]  0
0[0.9995]  1[0.0005]  0
0[0.9989]  1[0.0011]  0
0[0.9998]  1[0.0002]  0
0[0.9973]  1[0.0027]  0
0[0.3454]  1[0.6546]  1
0[0.9998]  1[0.0002]  0
0[0.9994]  1[0.0006]  0
0[0.9734]  1[0.0266]  0
0[1.0000]  1[0.0000]  0
0[1.0000]  1[0.0000]  0
0[0.9995]  1[0.0005]  0
