0[0.9996]  1[0.0004]  0
0[0.0133]  1[0.9867]  1
0[0.0485]  1[0.9515]  1
0[1.0000]  1[0.0000]  0
0[0.1079]  1[0.8921]  1
0[0.9995]  1[0.0005]  0
0[1.0000]  1[0.0000]  0
0[0.9999]  1[0.0001]  0
0[0.9999]  1[0.0001]  0
0[0.9971]  1[0.0029]  0
0[0.9997]  1[0.0003]  0
0[0.9999]  1[0.0001]  0
0[0.9980]  1[0.0020]  0
0[0.9999]  1[0.0001]  0
0[0.9977]  1[0.0023]  0
0[0.9999]  1[0.0001]  0
0[0.0154]  1[0.9846]  1
0[0.9995]  1[0.0005]  0
0[0.9951]  1[0.0049]  0
0[1.0000]  1[0.0000]  0
0[1.0000]  1[0.0000]  0
0[0.8386]  1[0.1614]  0
0[0.9999]  1[0.0001]  0
0[0.9999]  1[0.0001]  0
0[0.9999]  1[0.0001]  0
0[0.9913]  1[0.0087]  0
0[0.0269]  1[0.9731]  1
0[0.9999]  1[0.0001]  0
0[0.9999]  1[0.0001]  0
0[0.0113]  1[0.9887]  1
0[1.0000]  1[0.0000]  0
0[0.9991]  1[0.0009]  0
0[0.9974]  1[0.0026]  0
0[0.9999]  1[0.0001]  0
0[0.9990]  1[0.0010]  0
0[0.9903]  1[0.0097]  0
0[0.0285]  1[0.9715]  1
0[0.9999]  1[0.0001]  0
0[0.0204]  1[0.9796]  1
0[0.1079]  1[0.8921]  1
0[1.0000]  1[0.0000]  0
0[0.0686]  1[0.9314]  1
0[0.0078]  1[0.9922]  1
0[1.0000]  1[0.0000]  0
0[1.0000]  1[0.0000]  0
0[0.9999]  1[0.0001]  0
0[0.9999]  1[0.0001]  0
0[0.1344]  1[0.8656]  1
0[0.9995]  1[0.0005]  0
0[0.0078]  1[0.9922]  1
0[1.0000]  1[0.0000]  0
0[0.9977]  1[0.0023]  0
0[0.4582]  1[0.5418]  1
0[0.9636]  1[0.0364]  0
0[0.9992]  1[0.0008]  0
0[0.0109]  1[0.9891]  1
0[1.0000]  1[0.0000]  0
0[1.0000]  1[0.0000]  0
0[0.9999]  1[0.0001]  0
0[0.9629]  1[0.0371]  0
0[0.9997]  1[0.0003]  0
0[1.0000]  1[0.0000]  0
0[0.9999]  1[0.0001]  0
0[0.9999]  1[0.0001]  0
0[0.0285]  1[0.9715]  1
0[0.0246]  1[0.9754]  1
0[0.9998]  1[0.0002]  0
0[0.5291]  1[0.4709]  0
0[0.1955]  1[0.8045]  1
0[0.9953]  1[0.0047]  0
0[0.9998]  1[0.0002]  0
0[0.0285]  1[0.9715]  1
0[1.0000]  1[0.0000]  0
0[0.9997]  1[0.0003]  0
0[0.9996]  1[0.0004]  0
0[0.8430]  1[0.1570]  0
0[0.9981]  1[0.0019]  0
0[0.9995]  1[0.0005]  0
0[0.9999]  1[0.0001]  0
0[0.9997]  1[0.0003]  0
0[0.8386]  1[0.1614]  0
0[0.8491]  1[0.1509]  0
0[0.9975]  1[0.0025]  0
0[1.0000]  1[0.0000]  0
0[0.0698]  1[0.9302]  1
0[0.9973]  1[0.0027]  0
0[1.0000]  1[0.0000]  0
0[0.9995]  1[0.0005]  0
0[0.9637]  1[0.0363]  0
0[0.9985]  1[0.0015]  0
0[0.9987]  1[0.0013]  0
0[0.0543]  1[0.9457]  1
0[0.9629]  1[0.0371]  0
0[1.0000]  1[0.0000]  0
0[1.0000]  1[0.0000]  0
0[0.0123]  1[0.9877]  1
0[0.9998]  1[0.0002]  0
0[0.0092]  1[0.9908]  1
0[0.0465]  1[0.9535]  1
0[0.0161]  1[0.9839]  1
0[0.0366]  1[0.9634]  1
0[0.0139]  1[0.9861]  1
0[0.9995]  1[0.0005]  0
0[1.0000]  1[0.0000]  0
0[0.9995]  1[0.0005]  0
0[0.9999]  1[0.0001]  0
0[0.9978]  1[0.0022]  0
0[0.0161]  1[0.9839]  1
0[1.0000]  1[0.0000]  0
0[0.0285]  1[0.9715]  1
0[0.9995]  1[0.0005]  0
0[0.9996]  1[0.0004]  0
0[0.9996]  1[0.0004]  0
0[0.9986]  1[0.0014]  0
0[0.9999]  1[0.0001]  0
0[0.0089]  1[0.9911]  1
0[0.9999]  1[0.0001]  0
0[0.0328]  1[0.9672]  1
0[0.0061]  1[0.9939]  1
0[0.0161]  1[0.9839]  1
0[0.9995]  1[0.0005]  0
0[1.0000]  1[0.0000]  0
0[0.0078]  1[0.9922]  1
0[0.9999]  1[0.0001]  0
0[0.1079]  1[0.8921]  1
0[0.9998]  1[0.0002]  0
0[1.0000]  1[0.0000]  0
0[0.0686]  1[0.9314]  1
0[0.3670]  1[0.6330]  1
0[0.9999]  1[0.0001]  0
0[0.0078]  1[0.9922]  1
0[1.0000]  1[0.0000]  0
0[1.0000]  1[0.0000]  0
0[0.0078]  1[0.9922]  1
0[0.0285]  1[0.9715]  1
0[1.0000]  1[0.0000]  0
0[0.0349]  1[0.9651]  1
0[1.0000]  1[0.0000]  0
0[0.9994]  1[0.0006]  0
0[0.9999]  1[0.0001]  0
0[0.0072]  1[0.9928]  1
0[0.9999]  1[0.0001]  0
0[0.9985]  1[0.0015]  0
0[0.9998]  1[0.0002]  0
0[1.0000]  1[0.0000]  0
0[1.0000]  1[0.0000]  0
0[0.4317]  1[0.5683]  1
0[1.0000]  1[0.0000]  0
0[0.9995]  1[0.0005]  0
0[1.0000]  1[0.0000]  0
0[0.0095]  1[0.9905]  1
0[1.0000]  1[0.0000]  0
0[0.0161]  1[0.9839]  1
0[0.0290]  1[0.9710]  1
0[1.0000]  1[0.0000]  0
0[0.0091]  1[0.9909]  1
0[0.0078]  1[0.9922]  1
0[1.0000]  1[0.0000]  0
0[0.3595]  1[0.6405]  1
0[1.0000]  1[0.0000]  0
0[0.9999]  1[0.0001]  0
0[0.9989]  1[0.0011]  0
0[0.9956]  1[0.0044]  0
0[0.9999]  1[0.0001]  0
0[0.0078]  1[0.9922]  1
0[0.0761]  1[0.9239]  1
0[0.0115]  1[0.9885]  1
0[1.0000]  1[0.0000]  0
0[0.0371]  1[0.9629]  1
0[0.0027]  1[0.9973]  1
0[0.9999]  1[0.0001]  0
0[1.0000]  1[0.0000]  0
0[0.9998]  1[0.0002]  0
0[1.0000]  1[0.0000]  0
0[0.9999]  1[0.0001]  0
0[0.0345]  1[0.9655]  1
0[0.9991]  1[0.0009]  0
0[1.0000]  1[0.0000]  0
0[0.0161]  1[0.9839]  1
0[0.9900]  1[0.0100]  0
0[0.9999]  1[0.0001]  0
0[1.0000]  1[0.0000]  0
0[0.3063]  1[0.6937]  1
0[0.7420]  1[0.2580]  0
0[1.0000]  1[0.0000]  0
0[1.0000]  1[0.0000]  0
0[0.9999]  1[0.0001]  0
0[0.2253]  1[0.7747]  1
0[1.0000]  1[0.0000]  0
0[0.9992]  1[0.0008]  0
0[1.0000]  1[0.0000]  0
0[0.9999]  1[0.0001]  0
0[1.0000]  1[0.0000]  0
0[0.0247]  1[0.9753]  1
0[0.9995]  1[0.0005]  0
0[0.9999]  1[0.0001]  0
0[0.9996]  1[0.0004]  0
0[1.0000]  1[0.0000]  0
0[0.9999]  1[0.0001]  0
0[0.9999]  1[0.0001]  0
0[0.4330]  1[0.5670]  1
0[1.0000]  1[0.0000]  0
0[0.0211]  1[0.9789]  1
0[0.9860]  1[0.0140]  0
0[0.9999]  1[0.0001]  0
0[0.9963]  1[0.0037]  0
0[1.0000]  1[0.0000]  0
0[0.9994]  1[0.0006]  0
0[0.9977]  1[0.0023]  0
0[1.0000]  1[0.0000]  0
0[1.0000]  1[0.0000]  0
0[0.9999]  1[0.0001]  0
0[0.9999]  1[0.0001]  0
0[0.9999]  1[0.0001]  0
0[0.0243]  1[0.9757]  1
0[0.0036]  1[0.9964]  1
0[1.0000]  1[0.0000]  0
0[0.9999]  1[0.0001]  0
0[0.9999]  1[0.0001]  0
0[1.0000]  1[0.0000]  0
0[0.1769]  1[0.8231]  1
0[0.0193]  1[0.9807]  1
0[0.9988]  1[0.0012]  0
0[0.0699]  1[0.9301]  1
0[1.0000]  1[0.0000]  0
0[0.9996]  1[0.0004]  0
0[1.0000]  1[0.0000]  0
0[1.0000]  1[0.0000]  0
0[0.0188]  1[0.9812]  1
0[0.0091]  1[0.9909]  1
0[0.9995]  1[0.0005]  0
0[1.0000]  1[0.0000]  0
0[1.0000]  1[0.0000]  0
0[0.9999]  1[0.0001]  0
0[1.0000]  1[0.0000]  0
0[0.2253]  1[0.7747]  1
0[0.9999]  1[0.0001]  0
0[0.9999]  1[0.0001]  0
0[1.0000]  1[0.0000]  0
0[0.9992]  1[0.0008]  0
0[1.0000]  1[0.0000]  0
0[0.9999]  1[0.0001]  0
0[0.9992]  1[0.0008]  0
0[0.9854]  1[0.0146]  0
0[0.9965]  1[0.0035]  0
0[1.0000]  1[0.0000]  0
0[0.9999]  1[0.0001]  0
0[0.9980]  1[0.0020]  0
0[1.0000]  1[0.0000]  0
0[1.0000]  1[0.0000]  0
0[0.6330]  1[0.3670]  0
0[0.9990]  1[0.0010]  0
0[0.9999]  1[0.0001]  0
0[1.0000]  1[0.0000]  0
0[0.6330]  1[0.3670]  0
0[0.9990]  1[0.0010]  0
0[0.9992]  1[0.0008]  0
0[0.9981]  1[0.0019]  0
0[0.9981]  1[0.0019]  0
0[0.9999]  1[0.0001]  0
0[0.2253]  1[0.7747]  1
0[0.9992]  1[0.0008]  0
0[0.9998]  1[0.0002]  0
0[0.9995]  1[0.0005]  0
0[0.9988]  1[0.0012]  0
0[0.9984]  1[0.0016]  0
0[0.9995]  1[0.0005]  0
0[0.9988]  1[0.0012]  0
0[0.9985]  1[0.0015]  0
0[0.9999]  1[0.0001]  0
0[0.9960]  1[0.0040]  0
0[0.0379]  1[0.9621]  1
0[0.9997]  1[0.0003]  0
0[0.9996]  1[0.0004]  0
0[1.0000]  1[0.0000]  0
0[0.9924]  1[0.0076]  0
0[0.9963]  1[0.0037]  0
0[1.0000]  1[0.0000]  0
0[1.0000]  1[0.0000]  0
0[0.9995]  1[0.0005]  0
0[0.9992]  1[0.0008]  0
0[0.0408]  1[0.9592]  1
0[1.0000]  1[0.0000]  0
0[0.9999]  1[0.0001]  0
0[0.9999]  1[0.0001]  0
0[0.9945]  1[0.0055]  0
0[0.9999]  1[0.0001]  0
0[0.9998]  1[0.0002]  0
0[1.0000]  1[0.0000]  0
0[0.9995]  1[0.0005]  0
0[0.9995]  1[0.0005]  0
0[0.9997]  1[0.0003]  0
0[1.0000]  1[0.0000]  0
0[0.9996]  1[0.0004]  0
0[0.9998]  1[0.0002]  0
0[1.0000]  1[0.0000]  0
0[1.0000]  1[0.0000]  0
0[0.9999]  1[0.0001]  0
0[0.9999]  1[0.0001]  0
0[0.9999]  1[0.0001]  0
0[0.9995]  1[0.0005]  0
0[0.9998]  1[0.0002]  0
0[0.9994]  1[0.0006]  0
0[0.9998]  1[0.0002]  0
0[0.0408]  1[0.9592]  1
0[0.0400]  1[0.9600]  1
0[0.9963]  1[0.0037]  0
