0[1.0000]  1[0.0000]  0
0[0.8755]  1[0.1245]  0
0[0.0169]  1[0.9831]  1
0[0.9999]  1[0.0001]  0
0[1.0000]  1[0.0000]  0
0[0.0125]  1[0.9875]  1
0[1.0000]  1[0.0000]  0
0[0.9984]  1[0.0016]  0
0[1.0000]  1[0.0000]  0
0[1.0000]  1[0.0000]  0
0[0.9918]  1[0.0082]  0
0[0.3691]  1[0.6309]  1
0[0.9992]  1[0.0008]  0
0[0.6257]  1[0.3743]  0
0[0.9999]  1[0.0001]  0
0[0.9999]  1[0.0001]  0
0[0.9974]  1[0.0026]  0
0[0.0161]  1[0.9839]  1
0[0.9984]  1[0.0016]  0
0[0.2791]  1[0.7209]  1
0[0.9988]  1[0.0012]  0
0[0.9997]  1[0.0003]  0
0[0.9897]  1[0.0103]  0
0[0.9996]  1[0.0004]  0
0[0.9994]  1[0.0006]  0
0[0.0058]  1[0.9942]  1
0[0.9999]  1[0.0001]  0
0[1.0000]  1[0.0000]  0
0[0.9989]  1[0.0011]  0
0[0.9988]  1[0.0012]  0
0[0.0362]  1[0.9638]  1
0[0.9991]  1[0.0009]  0
0[0.9977]  1[0.0023]  0
0[0.7177]  1[0.2823]  0
0[0.0327]  1[0.9673]  1
0[0.9989]  1[0.0011]  0
0[0.9984]  1[0.0016]  0
0[0.9999]  1[0.0001]  0
0[0.0161]  1[0.9839]  1
0[0.0102]  1[0.9898]  1
0[0.9992]  1[0.0008]  0
0[0.0060]  1[0.9940]  1
0[0.7868]  1[0.2132]  0
0[0.9928]  1[0.0072]  0
0[1.0000]  1[0.0000]  0
0[0.9999]  1[0.0001]  0
0[0.9999]  1[0.0001]  0
0[0.9998]  1[0.0002]  0
0[0.9772]  1[0.0228]  0
0[0.9999]  1[0.0001]  0
0[1.0000]  1[0.0000]  0
0[0.9995]  1[0.0005]  0
0[0.0161]  1[0.9839]  1
0[0.9960]  1[0.0040]  0
0[0.9955]  1[0.0045]  0
0[0.9996]  1[0.0004]  0
0[0.9943]  1[0.0057]  0
0[0.9999]  1[0.0001]  0
0[1.0000]  1[0.0000]  0
0[1.0000]  1[0.0000]  0
0[0.8430]  1[0.1570]  0
0[0.9983]  1[0.0017]  0
0[0.0161]  1[0.9839]  1
0[0.9999]  1[0.0001]  0
0[0.6819]  1[0.3181]  0
0[0.9724]  1[0.0276]  0
0[0.0211]  1[0.9789]  1
0[0.0040]  1[0.9960]  1
0[0.9550]  1[0.0450]  0
0[0.3750]  1[0.6250]  1
0[0.0543]  1[0.9457]  1
0[0.9990]  1[0.0010]  0
0[0.8742]  1[0.1258]  0
0[0.0353]  1[0.9647]  1
0[0.8463]  1[0.1537]  0
0[0.0057]  1[0.9943]  1
0[0.9977]  1[0.0023]  0
0[0.1547]  1[0.8453]  1
0[0.0123]  1[0.9877]  1
0[0.0892]  1[0.9108]  1
0[0.9115]  1[0.0885]  0
0[0.0218]  1[0.9782]  1
0[0.2652]  1[0.7348]  1
0[0.9636]  1[0.0364]  0
0[0.9995]  1[0.0005]  0
0[0.9992]  1[0.0008]  0
0[0.0242]  1[0.9758]  1
0[0.9975]  1[0.0025]  0
0[0.9612]  1[0.0388]  0
0[0.9983]  1[0.0017]  0
0[1.0000]  1[0.0000]  0
0[0.0064]  1[0.9936]  1
0[1.0000]  1[0.0000]  0
0[0.1298]  1[0.8702]  1
0[0.8226]  1[0.1774]  0
0[0.0005]  1[0.9995]  1
0[0.9999]  1[0.0001]  0
0[0.9999]  1[0.0001]  0
0[0.0111]  1[0.9889]  1
0[0.0178]  1[0.9822]  1
0[0.0235]  1[0.9765]  1
0[0.9482]  1[0.0518]  0
0[0.4685]  1[0.5315]  1
0[0.0393]  1[0.9607]  1
0[1.0000]  1[0.0000]  0
0[0.9967]  1[0.0033]  0
0[1.0000]  1[0.0000]  0
0[0.8430]  1[0.1570]  0
0[1.0000]  1[0.0000]  0
0[0.0065]  1[0.9935]  1
0[0.0259]  1[0.9741]  1
0[0.9975]  1[0.0025]  0
0[0.0311]  1[0.9689]  1
0[0.4493]  1[0.5507]  1
0[0.3724]  1[0.6276]  1
0[0.9944]  1[0.0056]  0
0[1.0000]  1[0.0000]  0
0[1.0000]  1[0.0000]  0
0[0.9992]  1[0.0008]  0
0[0.9998]  1[0.0002]  0
0[0.9988]  1[0.0012]  0
0[0.0515]  1[0.9485]  1
0[0.9993]  1[0.0007]  0
0[0.0104]  1[0.9896]  1
0[0.2427]  1[0.7573]  1
0[0.9972]  1[0.0028]  0
0[0.9987]  1[0.0013]  0
0[0.5222]  1[0.4778]  0
0[0.9991]  1[0.0009]  0
0[1.0000]  1[0.0000]  0
0[0.9999]  1[0.0001]  0
0[0.0161]  1[0.9839]  1
0[0.9289]  1[0.0711]  0
0[0.7554]  1[0.2446]  0
0[0.0161]  1[0.9839]  1
0[0.9994]  1[0.0006]  0
0[1.0000]  1[0.0000]  0
0[0.0327]  1[0.9673]  1
0[0.0377]  1[0.9623]  1
0[0.9987]  1[0.0013]  0
0[0.0414]  1[0.9586]  1
0[0.6008]  1[0.3992]  0
0[0.8814]  1[0.1186]  0
0[0.9969]  1[0.0031]  0
0[0.9974]  1[0.0026]  0
0[0.9906]  1[0.0094]  0
0[0.1054]  1[0.8946]  1
0[1.0000]  1[0.0000]  0
0[0.9990]  1[0.0010]  0
0[1.0000]  1[0.0000]  0
0[0.0123]  1[0.9877]  1
0[0.0284]  1[0.9716]  1
0[0.0285]  1[0.9715]  1
0[0.0153]  1[0.9847]  1
0[0.9981]  1[0.0019]  0
0[0.0107]  1[0.9893]  1
0[1.0000]  1[0.0000]  0
0[1.0000]  1[0.0000]  0
0[0.9907]  1[0.0093]  0
0[0.9999]  1[0.0001]  0
0[0.9999]  1[0.0001]  0
0[1.0000]  1[0.0000]  0
0[0.9999]  1[0.0001]  0
0[0.9994]  1[0.0006]  0
0[0.0500]  1[0.9500]  1
0[1.0000]  1[0.0000]  0
0[0.0286]  1[0.9714]  1
0[1.0000]  1[0.0000]  0
0[0.9928]  1[0.0072]  0
0[1.0000]  1[0.0000]  0
0[0.9996]  1[0.0004]  0
0[1.0000]  1[0.0000]  0
0[0.9999]  1[0.0001]  0
0[0.0078]  1[0.9922]  1
0[1.0000]  1[0.0000]  0
0[0.3534]  1[0.6466]  1
0[0.0060]  1[0.9940]  1
0[1.0000]  1[0.0000]  0
0[0.9935]  1[0.0065]  0
0[0.9996]  1[0.0004]  0
0[0.0161]  1[0.9839]  1
0[0.9994]  1[0.0006]  0
0[0.0380]  1[0.9620]  1
0[0.9999]  1[0.0001]  0
0[0.9870]  1[0.0130]  0
0[0.9999]  1[0.0001]  0
0[0.0102]  1[0.9898]  1
0[0.0161]  1[0.9839]  1
0[1.0000]  1[0.0000]  0
0[0.9999]  1[0.0001]  0
0[0.9797]  1[0.0203]  0
0[0.9959]  1[0.0041]  0
0[1.0000]  1[0.0000]  0
0[0.9995]  1[0.0005]  0
0[0.0259]  1[0.9741]  1
0[0.1062]  1[0.8938]  1
0[0.0260]  1[0.9740]  1
0[0.9950]  1[0.0050]  0
0[0.9834]  1[0.0166]  0
0[0.9923]  1[0.0077]  0
0[0.9999]  1[0.0001]  0
0[0.1737]  1[0.8263]  1
0[0.9996]  1[0.0004]  0
0[0.0185]  1[0.9815]  1
0[0.9997]  1[0.0003]  0
0[0.9993]  1[0.0007]  0
0[0.9870]  1[0.0130]  0
0[0.9978]  1[0.0022]  0
0[0.8090]  1[0.1910]  0
0[0.0078]  1[0.9922]  1
0[1.0000]  1[0.0000]  0
0[0.9998]  1[0.0002]  0
0[0.9999]  1[0.0001]  0
0[0.9303]  1[0.0697]  0
0[0.9995]  1[0.0005]  0
0[0.0170]  1[0.9830]  1
0[0.0350]  1[0.9650]  1
0[1.0000]  1[0.0000]  0
0[0.9999]  1[0.0001]  0
0[0.9999]  1[0.0001]  0
0[0.9992]  1[0.0008]  0
0[0.3066]  1[0.6934]  1
0[0.9985]  1[0.0015]  0
0[0.5285]  1[0.4715]  0
0[0.8814]  1[0.1186]  0
0[0.4093]  1[0.5907]  1
0[0.8363]  1[0.1637]  0
0[0.9973]  1[0.0027]  0
0[0.9805]  1[0.0195]  0
0[0.9986]  1[0.0014]  0
0[0.9999]  1[0.0001]  0
0[0.9986]  1[0.0014]  0
0[1.0000]  1[0.0000]  0
0[0.9982]  1[0.0018]  0
0[0.4670]  1[0.5330]  1
0[0.8363]  1[0.1637]  0
0[0.9980]  1[0.0020]  0
0[0.9996]  1[0.0004]  0
0[0.9996]  1[0.0004]  0
0[1.0000]  1[0.0000]  0
0[1.0000]  1[0.0000]  0
0[0.9992]  1[0.0008]  0
0[0.9999]  1[0.0001]  0
0[0.9999]  1[0.0001]  0
0[1.0000]  1[0.0000]  0
0[0.9999]  1[0.0001]  0
0[0.8762]  1[0.1238]  0
0[0.9994]  1[0.0006]  0
0[1.0000]  1[0.0000]  0
0[0.9736]  1[0.0264]  0
0[0.0947]  1[0.9053]  1
0[0.0301]  1[0.9699]  1
0[0.8501]  1[0.1499]  0
0[0.0791]  1[0.9209]  1
0[0.7120]  1[0.2880]  0
0[0.9983]  1[0.0017]  0
0[1.0000]  1[0.0000]  0
0[0.9998]  1[0.0002]  0
0[0.0656]  1[0.9344]  1
0[0.1252]  1[0.8748]  1
0[0.9993]  1[0.0007]  0
0[0.7248]  1[0.2752]  0
0[1.0000]  1[0.0000]  0
0[1.0000]  1[0.0000]  0
0[0.9838]  1[0.0162]  0
0[0.9977]  1[0.0023]  0
0[1.0000]  1[0.0000]  0
0[0.9968]  1[0.0032]  0
0[0.9987]  1[0.0013]  0
0[0.9989]  1[0.0011]  0
0[1.0000]  1[0.0000]  0
0[0.9995]  1[0.0005]  0
0[0.9957]  1[0.0043]  0
0[0.9999]  1[0.0001]  0
0[1.0000]  1[0.0000]  0
0[0.9970]  1[0.0030]  0
0[0.9999]  1[0.0001]  0
0[0.9998]  1[0.0002]  0
0[0.9854]  1[0.0146]  0
0[0.9999]  1[0.0001]  0
0[1.0000]  1[0.0000]  0
0[0.9989]  1[0.0011]  0
0[0.0051]  1[0.9949]  1
0[0.9989]  1[0.0011]  0
0[1.0000]  1[0.0000]  0
0[0.9999]  1[0.0001]  0
0[1.0000]  1[0.0000]  0
0[1.0000]  1[0.0000]  0
0[0.9999]  1[0.0001]  0
0[0.9999]  1[0.0001]  0
0[0.9848]  1[0.0152]  0
0[0.0030]  1[0.9970]  1
0[0.9998]  1[0.0002]  0
0[1.0000]  1[0.0000]  0
0[0.9995]  1[0.0005]  0
0[0.9663]  1[0.0337]  0
0[0.9970]  1[0.0030]  0
0[0.9999]  1[0.0001]  0
0[0.9995]  1[0.0005]  0
0[0.9663]  1[0.0337]  0
0[1.0000]  1[0.0000]  0
0[0.9999]  1[0.0001]  0
0[1.0000]  1[0.0000]  0
0[0.9990]  1[0.0010]  0
0[0.0786]  1[0.9214]  1
0[1.0000]  1[0.0000]  0
0[0.9999]  1[0.0001]  0
0[0.9987]  1[0.0013]  0
0[1.0000]  1[0.0000]  0
0[0.9689]  1[0.0311]  0
0[0.9998]  1[0.0002]  0
0[0.9872]  1[0.0128]  0
