0[1.0000]  1[0.0000]  0
0[0.9996]  1[0.0004]  0
0[0.9989]  1[0.0011]  0
0[0.9999]  1[0.0001]  0
0[0.9999]  1[0.0001]  0
0[1.0000]  1[0.0000]  0
0[0.9977]  1[0.0023]  0
0[0.4292]  1[0.5708]  1
0[0.9999]  1[0.0001]  0
0[0.9869]  1[0.0131]  0
0[0.3622]  1[0.6378]  1
0[0.9981]  1[0.0019]  0
0[0.9999]  1[0.0001]  0
0[1.0000]  1[0.0000]  0
0[0.9999]  1[0.0001]  0
0[0.0133]  1[0.9867]  1
0[0.9999]  1[0.0001]  0
0[1.0000]  1[0.0000]  0
0[1.0000]  1[0.0000]  0
0[0.9970]  1[0.0030]  0
0[0.9955]  1[0.0045]  0
0[0.0027]  1[0.9973]  1
0[0.7436]  1[0.2564]  0
0[0.9989]  1[0.0011]  0
0[0.9967]  1[0.0033]  0
0[1.0000]  1[0.0000]  0
0[0.9969]  1[0.0031]  0
0[0.0211]  1[0.9789]  1
0[1.0000]  1[0.0000]  0
0[0.9999]  1[0.0001]  0
0[0.9999]  1[0.0001]  0
0[1.0000]  1[0.0000]  0
0[0.9998]  1[0.0002]  0
0[0.9959]  1[0.0041]  0
0[0.9857]  1[0.0143]  0
0[0.8975]  1[0.1025]  0
0[0.9987]  1[0.0013]  0
0[1.0000]  1[0.0000]  0
0[1.0000]  1[0.0000]  0
0[0.9977]  1[0.0023]  0
0[0.9996]  1[0.0004]  0
0[0.0190]  1[0.9810]  1
0[1.0000]  1[0.0000]  0
0[0.0349]  1[0.9651]  1
0[0.9999]  1[0.0001]  0
0[0.9845]  1[0.0155]  0
0[0.9988]  1[0.0012]  0
0[0.9999]  1[0.0001]  0
0[0.9999]  1[0.0001]  0
0[1.0000]  1[0.0000]  0
0[0.9999]  1[0.0001]  0
0[0.9995]  1[0.0005]  0
0[0.9927]  1[0.0073]  0
0[0.5341]  1[0.4659]  0
0[1.0000]  1[0.0000]  0
0[0.9999]  1[0.0001]  0
0[0.9932]  1[0.0068]  0
0[0.9999]  1[0.0001]  0
0[1.0000]  1[0.0000]  0
0[0.9990]  1[0.0010]  0
0[0.9999]  1[0.0001]  0
0[1.0000]  1[0.0000]  0
0[0.9999]  1[0.0001]  0
0[0.9999]  1[0.0001]  0
0[0.8742]  1[0.1258]  0
0[0.9989]  1[0.0011]  0
0[1.0000]  1[0.0000]  0
0[0.9999]  1[0.0001]  0
0[0.9999]  1[0.0001]  0
0[0.9993]  1[0.0007]  0
0[0.9999]  1[0.0001]  0
0[1.0000]  1[0.0000]  0
0[0.9994]  1[0.0006]  0
0[1.0000]  1[0.0000]  0
0[0.9927]  1[0.0073]  0
0[0.0264]  1[0.9736]  1
0[0.0543]  1[0.9457]  1
0[0.9998]  1[0.0002]  0
0[0.0686]  1[0.9314]  1
0[0.9996]  1[0.0004]  0
0[1.0000]  1[0.0000]  0
0[0.9998]  1[0.0002]  0
0[0.0391]  1[0.9609]  1
0[0.9996]  1[0.0004]  0
0[0.9999]  1[0.0001]  0
0[0.9942]  1[0.0058]  0
0[0.3234]  1[0.6766]  1
0[1.0000]  1[0.0000]  0
0[0.9995]  1[0.0005]  0
0[0.9998]  1[0.0002]  0
0[0.9998]  1[0.0002]  0
0[1.0000]  1[0.0000]  0
0[1.0000]  1[0.0000]  0
0[0.9998]  1[0.0002]  0
0[1.0000]  1[0.0000]  0
0[0.9998]  1[0.0002]  0
0[1.0000]  1[0.0000]  0
0[0.9995]  1[0.0005]  0
0[0.1079]  1[0.8921]  1
0[0.0686]  1[0.9314]  1
0[0.9999]  1[0.0001]  0
0[0.0106]  1[0.9894]  1
0[1.0000]  1[0.0000]  0
0[0.9981]  1[0.0019]  0
0[0.9998]  1[0.0002]  0
0[0.9884]  1[0.0116]  0
0[0.9979]  1[0.0021]  0
0[0.8794]  1[0.1206]  0
0[0.9995]  1[0.0005]  0
0[0.9995]  1[0.0005]  0
0[1.0000]  1[0.0000]  0
0[0.9998]  1[0.0002]  0
0[1.0000]  1[0.0000]  0
0[1.0000]  1[0.0000]  0
0[0.9950]  1[0.0050]  0
0[0.9999]  1[0.0001]  0
0[0.9999]  1[0.0001]  0
0[1.0000]  1[0.0000]  0
0[1.0000]  1[0.0000]  0
0[0.9998]  1[0.0002]  0
0[0.0335]  1[0.9665]  1
0[0.9827]  1[0.0173]  0
0[0.9999]  1[0.0001]  0
0[0.9990]  1[0.0010]  0
0[1.0000]  1[0.0000]  0
0[0.1344]  1[0.8656]  1
0[0.9989]  1[0.0011]  0
0[0.9935]  1[0.0065]  0
0[0.0129]  1[0.9871]  1
0[0.0076]  1[0.9924]  1
0[0.0344]  1[0.9656]  1
0[0.0133]  1[0.9867]  1
0[0.9999]  1[0.0001]  0
0[1.0000]  1[0.0000]  0
0[0.7237]  1[0.2763]  0
0[1.0000]  1[0.0000]  0
0[1.0000]  1[0.0000]  0
0[0.1210]  1[0.8790]  1
0[0.0490]  1[0.9510]  1
0[0.0446]  1[0.9554]  1
0[0.9967]  1[0.0033]  0
0[0.9936]  1[0.0064]  0
0[0.0102]  1[0.9898]  1
0[0.0250]  1[0.9750]  1
0[1.0000]  1[0.0000]  0
0[1.0000]  1[0.0000]  0
0[0.9992]  1[0.0008]  0
0[0.9995]  1[0.0005]  0
0[0.9873]  1[0.0127]  0
0[0.9999]  1[0.0001]  0
0[0.0026]  1[0.9974]  1
0[0.0344]  1[0.9656]  1
0[0.9888]  1[0.0112]  0
0[0.9932]  1[0.0068]  0
0[0.6504]  1[0.3496]  0
0[0.0086]  1[0.9914]  1
0[0.0636]  1[0.9364]  1
0[1.0000]  1[0.0000]  0
0[0.9964]  1[0.0036]  0
0[0.9822]  1[0.0178]  0
0[0.0472]  1[0.9528]  1
0[0.9999]  1[0.0001]  0
0[1.0000]  1[0.0000]  0
0[0.5628]  1[0.4372]  0
0[0.9998]  1[0.0002]  0
0[0.0133]  1[0.9867]  1
0[0.9975]  1[0.0025]  0
0[1.0000]  1[0.0000]  0
0[0.9984]  1[0.0016]  0
0[1.0000]  1[0.0000]  0
0[0.0112]  1[0.9888]  1
0[1.0000]  1[0.0000]  0
0[0.9957]  1[0.0043]  0
0[0.9999]  1[0.0001]  0
0[0.9999]  1[0.0001]  0
0[0.9999]  1[0.0001]  0
0[0.9884]  1[0.0116]  0
0[0.9639]  1[0.0361]  0
0[0.9996]  1[0.0004]  0
0[0.9911]  1[0.0089]  0
0[0.9726]  1[0.0274]  0
0[1.0000]  1[0.0000]  0
0[1.0000]  1[0.0000]  0
0[1.0000]  1[0.0000]  0
0[0.9890]  1[0.0110]  0
0[0.9999]  1[0.0001]  0
0[1.0000]  1[0.0000]  0
0[1.0000]  1[0.0000]  0
0[0.9922]  1[0.0078]  0
0[1.0000]  1[0.0000]  0
0[0.0635]  1[0.9365]  1
0[1.0000]  1[0.0000]  0
0[1.0000]  1[0.0000]  0
0[1.0000]  1[0.0000]  0
0[0.9990]  1[0.0010]  0
0[0.9998]  1[0.0002]  0
0[0.9999]  1[0.0001]  0
0[1.0000]  1[0.0000]  0
0[0.9987]  1[0.0013]  0
0[0.9995]  1[0.0005]  0
0[1.0000]  1[0.0000]  0
0[0.9999]  1[0.0001]  0
0[0.0050]  1[0.9950]  1
0[0.8476]  1[0.1524]  0
0[1.0000]  1[0.0000]  0
0[0.9590]  1[0.0410]  0
0[1.0000]  1[0.0000]  0
0[0.9999]  1[0.0001]  0
0[0.9942]  1[0.0058]  0
0[0.9999]  1[0.0001]  0
0[0.9931]  1[0.0069]  0
0[1.0000]  1[0.0000]  0
0[0.9997]  1[0.0003]  0
0[1.0000]  1[0.0000]  0
0[1.0000]  1[0.0000]  0
0[0.9996]  1[0.0004]  0
0[1.0000]  1[0.0000]  0
0[0.9768]  1[0.0232]  0
0[0.9942]  1[0.0058]  0
0[0.9995]  1[0.0005]  0
0[0.0254]  1[0.9746]  1
0[1.0000]  1[0.0000]  0
0[0.9942]  1[0.0058]  0
0[0.0156]  1[0.9844]  1
0[0.9995]  1[0.0005]  0
0[0.0686]  1[0.9314]  1
0[0.9952]  1[0.0048]  0
0[1.0000]  1[0.0000]  0
0[0.0135]  1[0.9865]  1
0[0.9999]  1[0.0001]  0
0[0.9999]  1[0.0001]  0
0[0.9125]  1[0.0875]  0
0[0.9994]  1[0.0006]  0
0[0.9125]  1[0.0875]  0
0[0.5161]  1[0.4839]  0
0[0.0163]  1[0.9837]  1
0[0.9980]  1[0.0020]  0
0[0.9999]  1[0.0001]  0
0[0.9923]  1[0.0077]  0
0[0.9987]  1[0.0013]  0
0[0.9999]  1[0.0001]  0
0[0.0050]  1[0.9950]  1
0[1.0000]  1[0.0000]  0
0[0.9958]  1[0.0042]  0
0[1.0000]  1[0.0000]  0
0[0.9987]  1[0.0013]  0
0[0.0303]  1[0.9697]  1
0[0.9999]  1[0.0001]  0
0[0.0934]  1[0.9066]  1
0[0.0608]  1[0.9392]  1
0[0.4943]  1[0.5057]  1
0[0.0553]  1[0.9447]  1
0[0.0419]  1[0.9581]  1
0[1.0000]  1[0.0000]  0
0[0.8805]  1[0.1195]  0
0[1.0000]  1[0.0000]  0
0[0.9999]  1[0.0001]  0
0[0.0247]  1[0.9753]  1
0[1.0000]  1[0.0000]  0
0[0.0072]  1[0.9928]  1
0[0.0485]  1[0.9515]  1
0[0.9999]  1[0.0001]  0
0[0.9996]  1[0.0004]  0
0[0.9999]  1[0.0001]  0
0[0.0230]  1[0.9770]  1
0[0.0284]  1[0.9716]  1
0[0.1110]  1[0.8890]  1
0[0.9898]  1[0.0102]  0
0[0.0259]  1[0.9741]  1
0[0.9985]  1[0.0015]  0
0[0.0161]  1[0.9839]  1
0[0.9976]  1[0.0024]  0
0[1.0000]  1[0.0000]  0
0[0.9999]  1[0.0001]  0
0[0.9999]  1[0.0001]  0
0[0.9954]  1[0.0046]  0
0[0.9971]  1[0.0029]  0
0[0.4881]  1[0.5119]  1
0[0.1432]  1[0.8568]  1
0[0.1805]  1[0.8195]  1
0[0.9996]  1[0.0004]  0
0[0.9999]  1[0.0001]  0
0[0.9999]  1[0.0001]  0
0[1.0000]  1[0.0000]  0
0[0.9995]  1[0.0005]  0
0[1.0000]  1[0.0000]  0
0[0.9996]  1[0.0004]  0
0[0.9995]  1[0.0005]  0
0[0.9996]  1[0.0004]  0
0[0.9994]  1[0.0006]  0
0[0.9999]  1[0.0001]  0
0[0.0686]  1[0.9314]  1
0[0.9956]  1[0.0044]  0
0[0.9999]  1[0.0001]  0
0[1.0000]  1[0.0000]  0
0[0.0530]  1[0.9470]  1
0[0.9999]  1[0.0001]  0
0[0.0302]  1[0.9698]  1
0[1.0000]  1[0.0000]  0
0[1.0000]  1[0.0000]  0
0[1.0000]  1[0.0000]  0
0[0.0064]  1[0.9936]  1
0[1.0000]  1[0.0000]  0
0[0.0240]  1[0.9760]  1
0[1.0000]  1[0.0000]  0
0[0.9999]  1[0.0001]  0
0[1.0000]  1[0.0000]  0
0[0.9992]  1[0.0008]  0
0[0.8618]  1[0.1382]  0
0[1.0000]  1[0.0000]  0
0[0.9999]  1[0.0001]  0
0[0.9955]  1[0.0045]  0
0[0.0089]  1[0.9911]  1
0[1.0000]  1[0.0000]  0
0[1.0000]  1[0.0000]  0
0[0.9999]  1[0.0001]  0
0[0.9950]  1[0.0050]  0
0[0.9968]  1[0.0032]  0
0[0.9923]  1[0.0077]  0
0[0.9998]  1[0.0002]  0
0[0.9995]  1[0.0005]  0
0[0.9998]  1[0.0002]  0
0[0.9953]  1[0.0047]  0
0[0.9950]  1[0.0050]  0
0[0.2132]  1[0.7868]  1
0[0.9998]  1[0.0002]  0
0[0.1156]  1[0.8844]  1
0[1.0000]  1[0.0000]  0
0[0.9986]  1[0.0014]  0
0[0.0175]  1[0.9825]  1
0[1.0000]  1[0.0000]  0
0[0.9995]  1[0.0005]  0
0[1.0000]  1[0.0000]  0
0[0.0247]  1[0.9753]  1
0[0.9948]  1[0.0052]  0
0[0.1052]  1[0.8948]  1
0[1.0000]  1[0.0000]  0
0[0.9999]  1[0.0001]  0
0[1.0000]  1[0.0000]  0
0[1.0000]  1[0.0000]  0
0[0.0530]  1[0.9470]  1
0[1.0000]  1[0.0000]  0
0[0.9976]  1[0.0024]  0
0[0.9927]  1[0.0073]  0
0[1.0000]  1[0.0000]  0
0[0.9972]  1[0.0028]  0
0[0.9846]  1[0.0154]  0
0[0.0493]  1[0.9507]  1
0[0.9999]  1[0.0001]  0
0[1.0000]  1[0.0000]  0
0[0.9995]  1[0.0005]  0
0[1.0000]  1[0.0000]  0
0[0.9972]  1[0.0028]  0
0[0.1293]  1[0.8707]  1
0[1.0000]  1[0.0000]  0
0[0.0391]  1[0.9609]  1
0[0.9979]  1[0.0021]  0
0[0.9975]  1[0.0025]  0
0[1.0000]  1[0.0000]  0
0[1.0000]  1[0.0000]  0
0[1.0000]  1[0.0000]  0
0[1.0000]  1[0.0000]  0
0[0.9999]  1[0.0001]  0
0[1.0000]  1[0.0000]  0
0[0.9275]  1[0.0725]  0
0[0.9976]  1[0.0024]  0
0[1.0000]  1[0.0000]  0
0[0.9969]  1[0.0031]  0
0[0.9995]  1[0.0005]  0
0[0.9584]  1[0.0416]  0
0[0.9919]  1[0.0081]  0
0[0.9998]  1[0.0002]  0
0[1.0000]  1[0.0000]  0
0[0.9975]  1[0.0025]  0
0[1.0000]  1[0.0000]  0
0[0.0040]  1[0.9960]  1
0[0.9975]  1[0.0025]  0
0[0.9995]  1[0.0005]  0
0[0.9704]  1[0.0296]  0
0[1.0000]  1[0.0000]  0
0[0.9996]  1[0.0004]  0
0[0.9999]  1[0.0001]  0
0[0.9999]  1[0.0001]  0
0[0.9999]  1[0.0001]  0
0[0.9975]  1[0.0025]  0
0[0.9999]  1[0.0001]  0
0[0.9972]  1[0.0028]  0
0[0.9999]  1[0.0001]  0
0[0.9981]  1[0.0019]  0
0[0.9999]  1[0.0001]  0
0[0.9967]  1[0.0033]  0
0[0.9983]  1[0.0017]  0
0[1.0000]  1[0.0000]  0
0[1.0000]  1[0.0000]  0
0[0.9998]  1[0.0002]  0
0[0.9999]  1[0.0001]  0
0[0.9612]  1[0.0388]  0
0[0.0416]  1[0.9584]  1
0[1.0000]  1[0.0000]  0
0[1.0000]  1[0.0000]  0
0[1.0000]  1[0.0000]  0
0[0.9678]  1[0.0322]  0
0[1.0000]  1[0.0000]  0
0[0.9983]  1[0.0017]  0
0[0.9999]  1[0.0001]  0
0[0.9999]  1[0.0001]  0
0[0.9996]  1[0.0004]  0
0[0.9918]  1[0.0082]  0
0[0.9999]  1[0.0001]  0
0[1.0000]  1[0.0000]  0
0[0.8350]  1[0.1650]  0
0[0.9996]  1[0.0004]  0
0[0.9984]  1[0.0016]  0
0[0.9999]  1[0.0001]  0
0[1.0000]  1[0.0000]  0
0[0.9999]  1[0.0001]  0
0[0.9996]  1[0.0004]  0
0[0.9984]  1[0.0016]  0
0[0.9996]  1[0.0004]  0
0[0.9918]  1[0.0082]  0
0[0.9999]  1[0.0001]  0
0[0.9996]  1[0.0004]  0
0[0.9984]  1[0.0016]  0
0[1.0000]  1[0.0000]  0
0[0.9999]  1[0.0001]  0
0[0.9999]  1[0.0001]  0
0[0.9976]  1[0.0024]  0
0[0.0226]  1[0.9774]  1
0[1.0000]  1[0.0000]  0
0[0.9384]  1[0.0616]  0
0[0.9999]  1[0.0001]  0
0[0.9994]  1[0.0006]  0
0[0.1336]  1[0.8664]  1
0[0.9984]  1[0.0016]  0
0[1.0000]  1[0.0000]  0
0[1.0000]  1[0.0000]  0
0[0.9947]  1[0.0053]  0
0[0.9999]  1[0.0001]  0
0[0.0284]  1[0.9716]  1
0[0.0374]  1[0.9626]  1
0[0.1335]  1[0.8665]  1
0[0.9999]  1[0.0001]  0
0[0.9999]  1[0.0001]  0
0[1.0000]  1[0.0000]  0
