0[0.9977]  1[0.0023]  0
0[0.9985]  1[0.0015]  0
0[1.0000]  1[0.0000]  0
0[0.9999]  1[0.0001]  0
0[0.9999]  1[0.0001]  0
0[0.1079]  1[0.8921]  1
0[0.9994]  1[0.0006]  0
0[0.0169]  1[0.9831]  1
0[1.0000]  1[0.0000]  0
0[0.1079]  1[0.8921]  1
0[1.0000]  1[0.0000]  0
0[0.9963]  1[0.0037]  0
0[0.9999]  1[0.0001]  0
0[0.0285]  1[0.9715]  1
0[0.1079]  1[0.8921]  1
0[0.9911]  1[0.0089]  0
0[0.9994]  1[0.0006]  0
0[0.9998]  1[0.0002]  0
0[0.9999]  1[0.0001]  0
0[0.9995]  1[0.0005]  0
0[0.9945]  1[0.0055]  0
0[0.4980]  1[0.5020]  1
0[0.9999]  1[0.0001]  0
0[0.9990]  1[0.0010]  0
0[0.0543]  1[0.9457]  1
0[0.9998]  1[0.0002]  0
0[1.0000]  1[0.0000]  0
0[0.1079]  1[0.8921]  1
0[1.0000]  1[0.0000]  0
0[1.0000]  1[0.0000]  0
0[0.0327]  1[0.9673]  1
0[1.0000]  1[0.0000]  0
0[0.9981]  1[0.0019]  0
0[0.9995]  1[0.0005]  0
0[0.9998]  1[0.0002]  0
0[0.9999]  1[0.0001]  0
0[0.9999]  1[0.0001]  0
0[0.9999]  1[0.0001]  0
0[0.9999]  1[0.0001]  0
0[0.1594]  1[0.8406]  1
0[0.9993]  1[0.0007]  0
0[1.0000]  1[0.0000]  0
0[0.9994]  1[0.0006]  0
0[0.9999]  1[0.0001]  0
0[0.1079]  1[0.8921]  1
0[0.9999]  1[0.0001]  0
0[0.0686]  1[0.9314]  1
0[0.0246]  1[0.9754]  1
0[0.9999]  1[0.0001]  0
0[0.2128]  1[0.7872]  1
0[0.9996]  1[0.0004]  0
0[1.0000]  1[0.0000]  0
0[1.0000]  1[0.0000]  0
0[0.9999]  1[0.0001]  0
0[0.9997]  1[0.0003]  0
0[0.0247]  1[0.9753]  1
0[0.9999]  1[0.0001]  0
0[0.0090]  1[0.9910]  1
0[0.1297]  1[0.8703]  1
0[0.9995]  1[0.0005]  0
0[1.0000]  1[0.0000]  0
0[0.9956]  1[0.0044]  0
0[1.0000]  1[0.0000]  0
0[0.0161]  1[0.9839]  1
0[1.0000]  1[0.0000]  0
0[1.0000]  1[0.0000]  0
0[1.0000]  1[0.0000]  0
0[0.1297]  1[0.8703]  1
0[0.0886]  1[0.9114]  1
0[0.9896]  1[0.0104]  0
0[0.9998]  1[0.0002]  0
0[1.0000]  1[0.0000]  0
0[0.9960]  1[0.0040]  0
0[0.1079]  1[0.8921]  1
0[0.9767]  1[0.0233]  0
0[0.0543]  1[0.9457]  1
0[0.9997]  1[0.0003]  0
0[0.9984]  1[0.0016]  0
0[1.0000]  1[0.0000]  0
0[0.9995]  1[0.0005]  0
0[0.9999]  1[0.0001]  0
0[0.9999]  1[0.0001]  0
0[0.9994]  1[0.0006]  0
0[0.9982]  1[0.0018]  0
0[1.0000]  1[0.0000]  0
0[0.9963]  1[0.0037]  0
0[1.0000]  1[0.0000]  0
0[0.9999]  1[0.0001]  0
0[0.3390]  1[0.6610]  1
0[0.9967]  1[0.0033]  0
0[0.2065]  1[0.7935]  1
0[1.0000]  1[0.0000]  0
0[0.9977]  1[0.0023]  0
0[0.2133]  1[0.7867]  1
0[1.0000]  1[0.0000]  0
0[0.0133]  1[0.9867]  1
0[0.9956]  1[0.0044]  0
0[1.0000]  1[0.0000]  0
0[0.9950]  1[0.0050]  0
0[0.1079]  1[0.8921]  1
0[0.0232]  1[0.9768]  1
0[0.0161]  1[0.9839]  1
0[0.9999]  1[0.0001]  0
0[0.1297]  1[0.8703]  1
0[0.1538]  1[0.8462]  1
0[1.0000]  1[0.0000]  0
0[0.0078]  1[0.9922]  1
0[0.9907]  1[0.0093]  0
0[0.1540]  1[0.8460]  1
0[0.9924]  1[0.0076]  0
0[1.0000]  1[0.0000]  0
0[0.9829]  1[0.0171]  0
0[0.9849]  1[0.0151]  0
0[0.9985]  1[0.0015]  0
0[0.9939]  1[0.0061]  0
0[0.0543]  1[0.9457]  1
0[1.0000]  1[0.0000]  0
0[0.9999]  1[0.0001]  0
0[0.4309]  1[0.5691]  1
0[0.0287]  1[0.9713]  1
0[0.9390]  1[0.0610]  0
0[0.9934]  1[0.0066]  0
0[0.9986]  1[0.0014]  0
0[0.9965]  1[0.0035]  0
0[0.9877]  1[0.0123]  0
0[0.9692]  1[0.0308]  0
0[0.9996]  1[0.0004]  0
0[0.9692]  1[0.0308]  0
0[0.9998]  1[0.0002]  0
0[0.0141]  1[0.9859]  1
0[0.9996]  1[0.0004]  0
0[0.9960]  1[0.0040]  0
0[1.0000]  1[0.0000]  0
0[0.9998]  1[0.0002]  0
0[0.9930]  1[0.0070]  0
0[0.9999]  1[0.0001]  0
0[0.9854]  1[0.0146]  0
0[1.0000]  1[0.0000]  0
0[0.9795]  1[0.0205]  0
0[0.9917]  1[0.0083]  0
0[0.1079]  1[0.8921]  1
0[0.9999]  1[0.0001]  0
0[0.9861]  1[0.0139]  0
0[0.1297]  1[0.8703]  1
0[0.9989]  1[0.0011]  0
0[0.0161]  1[0.9839]  1
0[1.0000]  1[0.0000]  0
0[1.0000]  1[0.0000]  0
0[1.0000]  1[0.0000]  0
0[0.0041]  1[0.9959]  1
0[1.0000]  1[0.0000]  0
0[0.9990]  1[0.0010]  0
0[0.0285]  1[0.9715]  1
0[0.9985]  1[0.0015]  0
0[0.9986]  1[0.0014]  0
0[0.9999]  1[0.0001]  0
0[0.1079]  1[0.8921]  1
0[0.9999]  1[0.0001]  0
0[0.9999]  1[0.0001]  0
0[0.5269]  1[0.4731]  0
0[0.0327]  1[0.9673]  1
0[0.9999]  1[0.0001]  0
0[0.0103]  1[0.9897]  1
0[1.0000]  1[0.0000]  0
0[1.0000]  1[0.0000]  0
0[0.0406]  1[0.9594]  1
0[1.0000]  1[0.0000]  0
0[0.0331]  1[0.9669]  1
0[0.9999]  1[0.0001]  0
0[1.0000]  1[0.0000]  0
0[1.0000]  1[0.0000]  0
0[0.9999]  1[0.0001]  0
0[0.8847]  1[0.1153]  0
0[1.0000]  1[0.0000]  0
0[1.0000]  1[0.0000]  0
0[0.9998]  1[0.0002]  0
0[0.0406]  1[0.9594]  1
0[0.0285]  1[0.9715]  1
0[0.9994]  1[0.0006]  0
0[0.9629]  1[0.0371]  0
0[0.9998]  1[0.0002]  0
0[0.9999]  1[0.0001]  0
0[0.9797]  1[0.0203]  0
0[0.9984]  1[0.0016]  0
0[0.1079]  1[0.8921]  1
0[0.0161]  1[0.9839]  1
0[0.0197]  1[0.9803]  1
0[0.0078]  1[0.9922]  1
0[0.9999]  1[0.0001]  0
0[0.9976]  1[0.0024]  0
0[0.9998]  1[0.0002]  0
0[0.0075]  1[0.9925]  1
0[0.9999]  1[0.0001]  0
0[0.0531]  1[0.9469]  1
0[0.9997]  1[0.0003]  0
0[1.0000]  1[0.0000]  0
0[0.0810]  1[0.9190]  1
0[1.0000]  1[0.0000]  0
0[1.0000]  1[0.0000]  0
0[0.0292]  1[0.9708]  1
0[0.0292]  1[0.9708]  1
0[0.9988]  1[0.0012]  0
0[0.4148]  1[0.5852]  1
0[0.9999]  1[0.0001]  0
0[0.0129]  1[0.9871]  1
0[0.0246]  1[0.9754]  1
0[0.9995]  1[0.0005]  0
0[0.9999]  1[0.0001]  0
0[0.9989]  1[0.0011]  0
0[0.9994]  1[0.0006]  0
0[0.9996]  1[0.0004]  0
0[0.0085]  1[0.9915]  1
0[1.0000]  1[0.0000]  0
0[0.0161]  1[0.9839]  1
0[0.9996]  1[0.0004]  0
0[0.9976]  1[0.0024]  0
0[0.2481]  1[0.7519]  1
0[0.9872]  1[0.0128]  0
0[0.9983]  1[0.0017]  0
0[0.9995]  1[0.0005]  0
0[0.9995]  1[0.0005]  0
0[0.9995]  1[0.0005]  0
0[0.0903]  1[0.9097]  1
0[1.0000]  1[0.0000]  0
0[0.9999]  1[0.0001]  0
0[0.1079]  1[0.8921]  1
0[0.9962]  1[0.0038]  0
0[0.9994]  1[0.0006]  0
0[0.0696]  1[0.9304]  1
0[0.0285]  1[0.9715]  1
0[0.9995]  1[0.0005]  0
0[0.9999]  1[0.0001]  0
0[0.0050]  1[0.9950]  1
0[0.0724]  1[0.9276]  1
0[0.9996]  1[0.0004]  0
0[1.0000]  1[0.0000]  0
0[0.9993]  1[0.0007]  0
0[0.0290]  1[0.9710]  1
0[0.9985]  1[0.0015]  0
0[0.9996]  1[0.0004]  0
0[0.9995]  1[0.0005]  0
0[0.1079]  1[0.8921]  1
0[0.9994]  1[0.0006]  0
0[0.0246]  1[0.9754]  1
0[1.0000]  1[0.0000]  0
0[0.9934]  1[0.0066]  0
0[0.9806]  1[0.0194]  0
0[1.0000]  1[0.0000]  0
0[0.0161]  1[0.9839]  1
0[0.9998]  1[0.0002]  0
0[0.0543]  1[0.9457]  1
0[1.0000]  1[0.0000]  0
0[0.9822]  1[0.0178]  0
0[0.9999]  1[0.0001]  0
0[1.0000]  1[0.0000]  0
0[0.9864]  1[0.0136]  0
0[0.9999]  1[0.0001]  0
0[1.0000]  1[0.0000]  0
0[0.9999]  1[0.0001]  0
0[0.9116]  1[0.0884]  0
0[0.9999]  1[0.0001]  0
0[0.9994]  1[0.0006]  0
0[0.9999]  1[0.0001]  0
0[0.9999]  1[0.0001]  0
0[1.0000]  1[0.0000]  0
0[0.9996]  1[0.0004]  0
0[1.0000]  1[0.0000]  0
0[0.9989]  1[0.0011]  0
0[0.1079]  1[0.8921]  1
0[0.0230]  1[0.9770]  1
0[1.0000]  1[0.0000]  0
0[0.9948]  1[0.0052]  0
0[0.9999]  1[0.0001]  0
0[1.0000]  1[0.0000]  0
0[0.1079]  1[0.8921]  1
0[0.9998]  1[0.0002]  0
0[0.9999]  1[0.0001]  0
0[0.0285]  1[0.9715]  1
0[0.9999]  1[0.0001]  0
0[0.9982]  1[0.0018]  0
0[0.9968]  1[0.0032]  0
0[0.9984]  1[0.0016]  0
0[0.9999]  1[0.0001]  0
0[0.0617]  1[0.9383]  1
0[1.0000]  1[0.0000]  0
0[0.9952]  1[0.0048]  0
0[0.6100]  1[0.3900]  0
0[1.0000]  1[0.0000]  0
0[0.9668]  1[0.0332]  0
0[0.9999]  1[0.0001]  0
0[0.9688]  1[0.0312]  0
0[1.0000]  1[0.0000]  0
0[0.9986]  1[0.0014]  0
0[0.0577]  1[0.9423]  1
0[0.0642]  1[0.9358]  1
0[0.5337]  1[0.4663]  0
0[0.0359]  1[0.9641]  1
0[0.9999]  1[0.0001]  0
0[0.9999]  1[0.0001]  0
0[1.0000]  1[0.0000]  0
0[1.0000]  1[0.0000]  0
0[0.9988]  1[0.0012]  0
0[0.0595]  1[0.9405]  1
0[0.6926]  1[0.3074]  0
0[1.0000]  1[0.0000]  0
0[0.9490]  1[0.0510]  0
0[1.0000]  1[0.0000]  0
0[1.0000]  1[0.0000]  0
0[1.0000]  1[0.0000]  0
0[0.9862]  1[0.0138]  0
0[0.9999]  1[0.0001]  0
0[1.0000]  1[0.0000]  0
0[0.9976]  1[0.0024]  0
0[0.9996]  1[0.0004]  0
0[0.9862]  1[0.0138]  0
0[0.9994]  1[0.0006]  0
0[0.9995]  1[0.0005]  0
0[0.0806]  1[0.9194]  1
0[1.0000]  1[0.0000]  0
0[0.9996]  1[0.0004]  0
0[0.2252]  1[0.7748]  1
0[0.9999]  1[0.0001]  0
0[0.9996]  1[0.0004]  0
0[0.9998]  1[0.0002]  0
0[0.9961]  1[0.0039]  0
0[0.9954]  1[0.0046]  0
0[0.2949]  1[0.7051]  1
0[0.0084]  1[0.9916]  1
0[0.2253]  1[0.7747]  1
0[1.0000]  1[0.0000]  0
0[0.9914]  1[0.0086]  0
0[1.0000]  1[0.0000]  0
0[1.0000]  1[0.0000]  0
0[1.0000]  1[0.0000]  0
0[0.9999]  1[0.0001]  0
0[0.9998]  1[0.0002]  0
0[0.9995]  1[0.0005]  0
0[0.9991]  1[0.0009]  0
0[0.9956]  1[0.0044]  0
0[0.9976]  1[0.0024]  0
0[0.9976]  1[0.0024]  0
0[0.9980]  1[0.0020]  0
0[0.9956]  1[0.0044]  0
0[0.9980]  1[0.0020]  0
0[0.9971]  1[0.0029]  0
0[0.9999]  1[0.0001]  0
0[0.9988]  1[0.0012]  0
0[0.9999]  1[0.0001]  0
0[0.9999]  1[0.0001]  0
0[0.9996]  1[0.0004]  0
0[1.0000]  1[0.0000]  0
0[1.0000]  1[0.0000]  0
0[0.9946]  1[0.0054]  0
0[1.0000]  1[0.0000]  0
0[1.0000]  1[0.0000]  0
0[1.0000]  1[0.0000]  0
0[1.0000]  1[0.0000]  0
0[1.0000]  1[0.0000]  0
0[0.9999]  1[0.0001]  0
0[1.0000]  1[0.0000]  0
0[0.1077]  1[0.8923]  1
0[0.9866]  1[0.0134]  0
0[1.0000]  1[0.0000]  0
0[0.9963]  1[0.0037]  0
0[0.1811]  1[0.8189]  1
0[1.0000]  1[0.0000]  0
0[0.0408]  1[0.9592]  1
0[0.0346]  1[0.9654]  1
0[0.9991]  1[0.0009]  0
0[0.9996]  1[0.0004]  0
0[0.4729]  1[0.5271]  1
0[1.0000]  1[0.0000]  0
0[0.9960]  1[0.0040]  0
0[1.0000]  1[0.0000]  0
0[1.0000]  1[0.0000]  0
0[1.0000]  1[0.0000]  0
0[1.0000]  1[0.0000]  0
0[0.9999]  1[0.0001]  0
0[1.0000]  1[0.0000]  0
0[0.9998]  1[0.0002]  0
0[0.2949]  1[0.7051]  1
0[0.9965]  1[0.0035]  0
0[0.9996]  1[0.0004]  0
0[1.0000]  1[0.0000]  0
0[0.9654]  1[0.0346]  0
0[0.9959]  1[0.0041]  0
0[0.7090]  1[0.2910]  0
0[0.9999]  1[0.0001]  0
0[0.9989]  1[0.0011]  0
0[1.0000]  1[0.0000]  0
0[0.9995]  1[0.0005]  0
0[0.9999]  1[0.0001]  0
0[0.9943]  1[0.0057]  0
0[0.9999]  1[0.0001]  0
0[0.9999]  1[0.0001]  0
0[0.0094]  1[0.9906]  1
0[1.0000]  1[0.0000]  0
0[0.9984]  1[0.0016]  0
0[1.0000]  1[0.0000]  0
0[0.0096]  1[0.9904]  1
0[1.0000]  1[0.0000]  0
0[0.9995]  1[0.0005]  0
0[0.9743]  1[0.0257]  0
0[1.0000]  1[0.0000]  0
0[0.0486]  1[0.9514]  1
0[0.9996]  1[0.0004]  0
0[0.9987]  1[0.0013]  0
0[0.9954]  1[0.0046]  0
0[0.9996]  1[0.0004]  0
0[0.0094]  1[0.9906]  1
0[1.0000]  1[0.0000]  0
0[0.9996]  1[0.0004]  0
0[0.9980]  1[0.0020]  0
0[1.0000]  1[0.0000]  0
0[0.9996]  1[0.0004]  0
0[0.9996]  1[0.0004]  0
0[0.9954]  1[0.0046]  0
0[0.9992]  1[0.0008]  0
0[0.8854]  1[0.1146]  0
0[1.0000]  1[0.0000]  0
0[0.9992]  1[0.0008]  0
0[1.0000]  1[0.0000]  0
0[0.0155]  1[0.9845]  1
0[0.9991]  1[0.0009]  0
0[0.9982]  1[0.0018]  0
0[0.9999]  1[0.0001]  0
0[0.9996]  1[0.0004]  0
0[0.9999]  1[0.0001]  0
0[1.0000]  1[0.0000]  0
0[0.0155]  1[0.9845]  1
0[0.9991]  1[0.0009]  0
0[0.9982]  1[0.0018]  0
