0[0.9995]  1[0.0005]  0
0[0.9996]  1[0.0004]  0
0[1.0000]  1[0.0000]  0
0[0.9999]  1[0.0001]  0
0[0.9995]  1[0.0005]  0
0[0.9995]  1[0.0005]  0
0[0.9998]  1[0.0002]  0
0[0.9998]  1[0.0002]  0
0[1.0000]  1[0.0000]  0
0[0.9996]  1[0.0004]  0
0[0.9998]  1[0.0002]  0
0[0.7643]  1[0.2357]  0
0[1.0000]  1[0.0000]  0
0[0.9999]  1[0.0001]  0
0[0.0320]  1[0.9680]  1
0[0.9990]  1[0.0010]  0
0[1.0000]  1[0.0000]  0
0[0.9999]  1[0.0001]  0
0[0.9451]  1[0.0549]  0
0[0.9985]  1[0.0015]  0
0[0.9986]  1[0.0014]  0
0[0.1421]  1[0.8579]  1
0[0.7933]  1[0.2067]  0
0[0.9956]  1[0.0044]  0
0[0.0124]  1[0.9876]  1
0[0.9999]  1[0.0001]  0
0[1.0000]  1[0.0000]  0
0[0.9999]  1[0.0001]  0
0[0.9996]  1[0.0004]  0
0[0.7564]  1[0.2436]  0
0[0.0128]  1[0.9872]  1
0[0.0073]  1[0.9927]  1
0[0.9982]  1[0.0018]  0
0[0.0297]  1[0.9703]  1
0[0.9997]  1[0.0003]  0
0[0.9032]  1[0.0968]  0
0[0.9999]  1[0.0001]  0
0[0.9999]  1[0.0001]  0
0[0.9842]  1[0.0158]  0
0[0.9999]  1[0.0001]  0
0[0.8763]  1[0.1237]  0
0[0.9999]  1[0.0001]  0
0[0.9841]  1[0.0159]  0
0[0.0204]  1[0.9796]  1
0[0.9997]  1[0.0003]  0
0[1.0000]  1[0.0000]  0
0[0.8204]  1[0.1796]  0
0[0.9809]  1[0.0191]  0
0[0.9983]  1[0.0017]  0
0[0.9897]  1[0.0103]  0
0[0.0125]  1[0.9875]  1
0[0.9995]  1[0.0005]  0
0[0.9997]  1[0.0003]  0
0[0.0346]  1[0.9654]  1
0[0.9995]  1[0.0005]  0
0[0.9985]  1[0.0015]  0
0[0.9949]  1[0.0051]  0
0[0.9804]  1[0.0196]  0
0[0.9845]  1[0.0155]  0
0[1.0000]  1[0.0000]  0
0[0.9990]  1[0.0010]  0
0[1.0000]  1[0.0000]  0
0[0.9631]  1[0.0369]  0
0[0.9995]  1[0.0005]  0
0[1.0000]  1[0.0000]  0
0[0.0543]  1[0.9457]  1
0[0.9999]  1[0.0001]  0
0[0.9995]  1[0.0005]  0
0[0.9977]  1[0.0023]  0
0[0.9529]  1[0.0471]  0
0[1.0000]  1[0.0000]  0
0[0.9995]  1[0.0005]  0
0[0.9999]  1[0.0001]  0
0[0.9998]  1[0.0002]  0
0[1.0000]  1[0.0000]  0
0[1.0000]  1[0.0000]  0
0[0.9995]  1[0.0005]  0
0[0.9999]  1[0.0001]  0
0[0.9996]  1[0.0004]  0
0[0.9995]  1[0.0005]  0
0[0.9929]  1[0.0071]  0
0[0.6864]  1[0.3136]  0
0[0.9981]  1[0.0019]  0
0[0.7794]  1[0.2206]  0
0[0.9998]  1[0.0002]  0
0[0.9809]  1[0.0191]  0
0[0.9904]  1[0.0096]  0
0[0.9999]  1[0.0001]  0
0[0.9999]  1[0.0001]  0
0[0.9999]  1[0.0001]  0
0[0.0005]  1[0.9995]  1
0[1.0000]  1[0.0000]  0
0[0.9998]  1[0.0002]  0
0[0.1667]  1[0.8333]  1
0[0.9999]  1[0.0001]  0
0[0.6492]  1[0.3508]  0
0[0.9999]  1[0.0001]  0
0[0.9997]  1[0.0003]  0
0[0.9988]  1[0.0012]  0
0[0.9935]  1[0.0065]  0
0[0.9995]  1[0.0005]  0
0[0.9999]  1[0.0001]  0
0[0.9988]  1[0.0012]  0
0[0.9727]  1[0.0273]  0
0[0.9999]  1[0.0001]  0
0[0.9999]  1[0.0001]  0
0[0.9417]  1[0.0583]  0
0[0.9998]  1[0.0002]  0
0[0.9988]  1[0.0012]  0
0[0.9940]  1[0.0060]  0
0[0.9998]  1[0.0002]  0
0[0.9453]  1[0.0547]  0
0[0.9999]  1[0.0001]  0
0[0.0135]  1[0.9865]  1
0[0.9994]  1[0.0006]  0
0[0.9999]  1[0.0001]  0
0[0.9998]  1[0.0002]  0
0[0.9999]  1[0.0001]  0
0[0.6627]  1[0.3373]  0
0[0.9996]  1[0.0004]  0
0[0.9998]  1[0.0002]  0
0[0.5291]  1[0.4709]  0
0[1.0000]  1[0.0000]  0
0[0.9998]  1[0.0002]  0
0[1.0000]  1[0.0000]  0
0[0.2313]  1[0.7687]  1
0[1.0000]  1[0.0000]  0
0[0.3415]  1[0.6585]  1
0[0.0080]  1[0.9920]  1
0[1.0000]  1[0.0000]  0
0[0.9999]  1[0.0001]  0
0[0.9939]  1[0.0061]  0
0[0.9907]  1[0.0093]  0
0[0.4221]  1[0.5779]  1
0[0.0219]  1[0.9781]  1
0[1.0000]  1[0.0000]  0
0[0.9065]  1[0.0935]  0
0[0.0028]  1[0.9972]  1
0[0.9995]  1[0.0005]  0
0[1.0000]  1[0.0000]  0
0[0.9999]  1[0.0001]  0
0[1.0000]  1[0.0000]  0
0[0.9611]  1[0.0389]  0
0[1.0000]  1[0.0000]  0
0[0.9643]  1[0.0357]  0
0[0.9986]  1[0.0014]  0
0[0.9727]  1[0.0273]  0
0[0.9995]  1[0.0005]  0
0[0.9999]  1[0.0001]  0
0[0.9999]  1[0.0001]  0
0[0.0327]  1[0.9673]  1
0[0.9998]  1[0.0002]  0
0[0.9999]  1[0.0001]  0
0[0.9974]  1[0.0026]  0
0[0.0108]  1[0.9892]  1
0[0.3623]  1[0.6377]  1
0[1.0000]  1[0.0000]  0
0[0.0764]  1[0.9236]  1
0[0.9996]  1[0.0004]  0
0[0.9886]  1[0.0114]  0
0[1.0000]  1[0.0000]  0
0[0.9867]  1[0.0133]  0
0[1.0000]  1[0.0000]  0
0[0.9886]  1[0.0114]  0
0[0.9996]  1[0.0004]  0
0[1.0000]  1[0.0000]  0
0[0.8287]  1[0.1713]  0
0[0.0543]  1[0.9457]  1
0[0.9886]  1[0.0114]  0
0[0.9983]  1[0.0017]  0
0[0.9999]  1[0.0001]  0
0[0.0027]  1[0.9973]  1
0[0.9896]  1[0.0104]  0
0[0.5404]  1[0.4596]  0
0[0.9996]  1[0.0004]  0
0[1.0000]  1[0.0000]  0
0[0.0161]  1[0.9839]  1
0[0.9996]  1[0.0004]  0
0[0.9999]  1[0.0001]  0
0[0.9610]  1[0.0390]  0
0[0.9998]  1[0.0002]  0
0[0.9996]  1[0.0004]  0
0[1.0000]  1[0.0000]  0
0[0.9999]  1[0.0001]  0
0[0.9971]  1[0.0029]  0
0[0.9980]  1[0.0020]  0
0[1.0000]  1[0.0000]  0
0[0.9999]  1[0.0001]  0
0[0.9968]  1[0.0032]  0
0[0.0182]  1[0.9818]  1
0[0.9999]  1[0.0001]  0
0[0.0019]  1[0.9981]  1
0[0.9983]  1[0.0017]  0
0[1.0000]  1[0.0000]  0
0[0.9999]  1[0.0001]  0
0[0.0015]  1[0.9985]  1
0[0.9993]  1[0.0007]  0
0[0.9758]  1[0.0242]  0
0[1.0000]  1[0.0000]  0
0[0.9999]  1[0.0001]  0
0[0.9893]  1[0.0107]  0
0[0.0423]  1[0.9577]  1
0[0.1400]  1[0.8600]  1
0[1.0000]  1[0.0000]  0
0[0.9996]  1[0.0004]  0
0[0.0230]  1[0.9770]  1
0[0.0247]  1[0.9753]  1
0[0.9963]  1[0.0037]  0
0[0.9999]  1[0.0001]  0
0[0.9775]  1[0.0225]  0
0[0.9999]  1[0.0001]  0
0[1.0000]  1[0.0000]  0
0[1.0000]  1[0.0000]  0
0[0.9999]  1[0.0001]  0
0[0.7600]  1[0.2400]  0
0[0.8881]  1[0.1119]  0
0[1.0000]  1[0.0000]  0
0[0.0136]  1[0.9864]  1
0[1.0000]  1[0.0000]  0
0[0.9998]  1[0.0002]  0
0[0.0395]  1[0.9605]  1
0[0.9999]  1[0.0001]  0
0[0.0764]  1[0.9236]  1
0[0.9893]  1[0.0107]  0
0[0.9999]  1[0.0001]  0
0[0.9759]  1[0.0241]  0
0[0.9501]  1[0.0499]  0
0[0.9999]  1[0.0001]  0
0[0.9950]  1[0.0050]  0
0[0.9999]  1[0.0001]  0
0[0.9475]  1[0.0525]  0
0[0.0168]  1[0.9832]  1
0[0.9983]  1[0.0017]  0
0[0.9999]  1[0.0001]  0
0[0.6868]  1[0.3132]  0
0[0.9998]  1[0.0002]  0
0[1.0000]  1[0.0000]  0
0[0.9998]  1[0.0002]  0
0[0.9942]  1[0.0058]  0
0[1.0000]  1[0.0000]  0
0[0.9999]  1[0.0001]  0
0[0.9999]  1[0.0001]  0
0[1.0000]  1[0.0000]  0
0[0.9999]  1[0.0001]  0
0[1.0000]  1[0.0000]  0
0[0.9970]  1[0.0030]  0
0[0.9992]  1[0.0008]  0
0[0.9970]  1[0.0030]  0
0[1.0000]  1[0.0000]  0
0[0.9995]  1[0.0005]  0
0[0.9809]  1[0.0191]  0
0[0.9975]  1[0.0025]  0
0[1.0000]  1[0.0000]  0
0[0.9996]  1[0.0004]  0
0[0.9974]  1[0.0026]  0
0[0.9966]  1[0.0034]  0
0[0.9955]  1[0.0045]  0
0[1.0000]  1[0.0000]  0
0[0.2665]  1[0.7335]  1
0[1.0000]  1[0.0000]  0
0[0.0325]  1[0.9675]  1
0[1.0000]  1[0.0000]  0
0[0.1220]  1[0.8780]  1
0[1.0000]  1[0.0000]  0
0[0.9999]  1[0.0001]  0
0[0.9774]  1[0.0226]  0
0[0.9995]  1[0.0005]  0
0[0.9800]  1[0.0200]  0
0[0.9948]  1[0.0052]  0
0[0.9981]  1[0.0019]  0
0[0.4093]  1[0.5907]  1
0[0.8363]  1[0.1637]  0
0[1.0000]  1[0.0000]  0
0[1.0000]  1[0.0000]  0
0[0.9979]  1[0.0021]  0
0[1.0000]  1[0.0000]  0
0[0.2954]  1[0.7046]  1
0[0.0133]  1[0.9867]  1
0[1.0000]  1[0.0000]  0
0[1.0000]  1[0.0000]  0
0[0.9854]  1[0.0146]  0
0[0.9953]  1[0.0047]  0
0[0.9984]  1[0.0016]  0
0[0.9948]  1[0.0052]  0
0[0.9995]  1[0.0005]  0
0[0.4289]  1[0.5711]  1
0[0.9995]  1[0.0005]  0
0[0.9967]  1[0.0033]  0
0[1.0000]  1[0.0000]  0
0[0.7716]  1[0.2284]  0
0[0.9564]  1[0.0436]  0
0[1.0000]  1[0.0000]  0
0[1.0000]  1[0.0000]  0
0[1.0000]  1[0.0000]  0
0[0.9995]  1[0.0005]  0
0[1.0000]  1[0.0000]  0
0[1.0000]  1[0.0000]  0
0[1.0000]  1[0.0000]  0
0[0.9999]  1[0.0001]  0
0[0.9998]  1[0.0002]  0
0[1.0000]  1[0.0000]  0
0[1.0000]  1[0.0000]  0
0[0.3458]  1[0.6542]  1
0[0.0211]  1[0.9789]  1
0[0.9997]  1[0.0003]  0
0[1.0000]  1[0.0000]  0
0[0.4724]  1[0.5276]  1
0[1.0000]  1[0.0000]  0
0[0.4793]  1[0.5207]  1
0[1.0000]  1[0.0000]  0
0[1.0000]  1[0.0000]  0
0[0.9959]  1[0.0041]  0
0[0.9970]  1[0.0030]  0
0[0.0106]  1[0.9894]  1
0[0.9995]  1[0.0005]  0
0[0.9995]  1[0.0005]  0
0[0.0073]  1[0.9927]  1
0[1.0000]  1[0.0000]  0
0[0.9999]  1[0.0001]  0
0[0.9999]  1[0.0001]  0
0[1.0000]  1[0.0000]  0
0[0.9998]  1[0.0002]  0
0[0.9999]  1[0.0001]  0
0[0.9955]  1[0.0045]  0
0[0.9999]  1[0.0001]  0
0[0.9995]  1[0.0005]  0
0[0.9980]  1[0.0020]  0
0[0.9999]  1[0.0001]  0
0[1.0000]  1[0.0000]  0
0[0.9988]  1[0.0012]  0
0[0.9980]  1[0.0020]  0
0[0.0272]  1[0.9728]  1
0[0.9869]  1[0.0131]  0
0[0.9998]  1[0.0002]  0
0[0.9996]  1[0.0004]  0
0[1.0000]  1[0.0000]  0
0[0.9999]  1[0.0001]  0
0[0.9999]  1[0.0001]  0
0[1.0000]  1[0.0000]  0
0[0.9982]  1[0.0018]  0
0[0.9996]  1[0.0004]  0
0[0.0728]  1[0.9272]  1
0[0.9999]  1[0.0001]  0
0[0.9999]  1[0.0001]  0
0[0.9879]  1[0.0121]  0
0[0.9999]  1[0.0001]  0
0[1.0000]  1[0.0000]  0
0[0.9999]  1[0.0001]  0
0[0.9999]  1[0.0001]  0
0[1.0000]  1[0.0000]  0
0[0.9957]  1[0.0043]  0
0[0.9975]  1[0.0025]  0
0[0.0482]  1[0.9518]  1
0[0.9983]  1[0.0017]  0
0[1.0000]  1[0.0000]  0
0[0.9998]  1[0.0002]  0
0[1.0000]  1[0.0000]  0
0[1.0000]  1[0.0000]  0
0[0.9999]  1[0.0001]  0
0[1.0000]  1[0.0000]  0
0[0.9999]  1[0.0001]  0
0[0.9999]  1[0.0001]  0
0[0.9999]  1[0.0001]  0
0[0.0327]  1[0.9673]  1
0[0.9998]  1[0.0002]  0
0[0.9999]  1[0.0001]  0
0[0.0493]  1[0.9507]  1
0[0.9945]  1[0.0055]  0
0[0.9995]  1[0.0005]  0
0[0.9971]  1[0.0029]  0
0[0.9993]  1[0.0007]  0
0[0.9999]  1[0.0001]  0
0[0.9999]  1[0.0001]  0
0[1.0000]  1[0.0000]  0
0[0.9999]  1[0.0001]  0
0[1.0000]  1[0.0000]  0
0[1.0000]  1[0.0000]  0
0[0.9996]  1[0.0004]  0
0[0.0501]  1[0.9499]  1
0[1.0000]  1[0.0000]  0
0[0.9999]  1[0.0001]  0
0[0.9995]  1[0.0005]  0
0[0.9983]  1[0.0017]  0
0[1.0000]  1[0.0000]  0
0[0.9986]  1[0.0014]  0
0[0.9999]  1[0.0001]  0
0[0.9916]  1[0.0084]  0
0[0.9989]  1[0.0011]  0
0[0.9999]  1[0.0001]  0
