0[0.9995]  1[0.0005]  0
0[1.0000]  1[0.0000]  0
0[0.9997]  1[0.0003]  0
0[1.0000]  1[0.0000]  0
0[1.0000]  1[0.0000]  0
0[0.9255]  1[0.0745]  0
0[0.9976]  1[0.0024]  0
0[0.9999]  1[0.0001]  0
0[0.9961]  1[0.0039]  0
0[0.9981]  1[0.0019]  0
0[0.9999]  1[0.0001]  0
0[0.0311]  1[0.9689]  1
0[0.8841]  1[0.1159]  0
0[0.9999]  1[0.0001]  0
0[1.0000]  1[0.0000]  0
0[0.9032]  1[0.0968]  0
0[0.9904]  1[0.0096]  0
0[0.9999]  1[0.0001]  0
0[1.0000]  1[0.0000]  0
0[0.9817]  1[0.0183]  0
0[1.0000]  1[0.0000]  0
0[1.0000]  1[0.0000]  0
0[0.9999]  1[0.0001]  0
0[0.0286]  1[0.9714]  1
0[0.9999]  1[0.0001]  0
0[0.0856]  1[0.9144]  1
0[1.0000]  1[0.0000]  0
0[1.0000]  1[0.0000]  0
0[0.9925]  1[0.0075]  0
0[1.0000]  1[0.0000]  0
0[0.9989]  1[0.0011]  0
0[0.9999]  1[0.0001]  0
0[0.2063]  1[0.7937]  1
0[0.0284]  1[0.9716]  1
0[0.9702]  1[0.0298]  0
0[0.9998]  1[0.0002]  0
0[0.0422]  1[0.9578]  1
0[1.0000]  1[0.0000]  0
0[0.9961]  1[0.0039]  0
0[0.9995]  1[0.0005]  0
0[1.0000]  1[0.0000]  0
0[0.9978]  1[0.0022]  0
0[0.3364]  1[0.6636]  1
0[0.9949]  1[0.0051]  0
0[1.0000]  1[0.0000]  0
0[0.9988]  1[0.0012]  0
0[0.9935]  1[0.0065]  0
0[1.0000]  1[0.0000]  0
0[1.0000]  1[0.0000]  0
0[0.9863]  1[0.0137]  0
0[0.8386]  1[0.1614]  0
0[1.0000]  1[0.0000]  0
0[0.9997]  1[0.0003]  0
0[0.0161]  1[0.9839]  1
0[0.4253]  1[0.5747]  1
0[0.9743]  1[0.0257]  0
0[0.9998]  1[0.0002]  0
0[0.5073]  1[0.4927]  0
0[0.9997]  1[0.0003]  0
0[1.0000]  1[0.0000]  0
0[0.9999]  1[0.0001]  0
0[0.9996]  1[0.0004]  0
0[1.0000]  1[0.0000]  0
0[0.9995]  1[0.0005]  0
0[1.0000]  1[0.0000]  0
0[0.9994]  1[0.0006]  0
0[0.9999]  1[0.0001]  0
0[0.9992]  1[0.0008]  0
0[0.9870]  1[0.0130]  0
0[0.9957]  1[0.0043]  0
0[1.0000]  1[0.0000]  0
0[1.0000]  1[0.0000]  0
0[1.0000]  1[0.0000]  0
0[1.0000]  1[0.0000]  0
0[0.0165]  1[0.9835]  1
0[0.0668]  1[0.9332]  1
0[1.0000]  1[0.0000]  0
0[0.9764]  1[0.0236]  0
0[0.9950]  1[0.0050]  0
0[0.9999]  1[0.0001]  0
0[1.0000]  1[0.0000]  0
0[0.5421]  1[0.4579]  0
0[0.9996]  1[0.0004]  0
0[1.0000]  1[0.0000]  0
0[0.9999]  1[0.0001]  0
0[0.9998]  1[0.0002]  0
0[0.9893]  1[0.0107]  0
0[0.9942]  1[0.0058]  0
0[0.2358]  1[0.7642]  1
0[0.0630]  1[0.9370]  1
0[0.9951]  1[0.0049]  0
0[0.9980]  1[0.0020]  0
0[1.0000]  1[0.0000]  0
0[1.0000]  1[0.0000]  0
0[0.9976]  1[0.0024]  0
0[0.3804]  1[0.6196]  1
0[1.0000]  1[0.0000]  0
0[0.9917]  1[0.0083]  0
0[1.0000]  1[0.0000]  0
0[0.9992]  1[0.0008]  0
0[0.9997]  1[0.0003]  0
0[0.9999]  1[0.0001]  0
0[0.9999]  1[0.0001]  0
0[0.9998]  1[0.0002]  0
0[0.0276]  1[0.9724]  1
0[0.0084]  1[0.9916]  1
0[0.9995]  1[0.0005]  0
0[0.9990]  1[0.0010]  0
0[0.9961]  1[0.0039]  0
0[1.0000]  1[0.0000]  0
0[0.0750]  1[0.9250]  1
0[0.9957]  1[0.0043]  0
0[1.0000]  1[0.0000]  0
0[0.0775]  1[0.9225]  1
0[0.9999]  1[0.0001]  0
0[1.0000]  1[0.0000]  0
0[0.9999]  1[0.0001]  0
0[1.0000]  1[0.0000]  0
0[0.9998]  1[0.0002]  0
0[0.9998]  1[0.0002]  0
0[1.0000]  1[0.0000]  0
0[0.0806]  1[0.9194]  1
0[1.0000]  1[0.0000]  0
0[0.9999]  1[0.0001]  0
0[0.9998]  1[0.0002]  0
0[0.9999]  1[0.0001]  0
0[1.0000]  1[0.0000]  0
0[0.9994]  1[0.0006]  0
0[1.0000]  1[0.0000]  0
0[1.0000]  1[0.0000]  0
0[0.0065]  1[0.9935]  1
0[1.0000]  1[0.0000]  0
0[1.0000]  1[0.0000]  0
0[0.9999]  1[0.0001]  0
0[0.9976]  1[0.0024]  0
0[0.9768]  1[0.0232]  0
0[0.9969]  1[0.0031]  0
0[0.0285]  1[0.9715]  1
0[0.0122]  1[0.9878]  1
0[0.0191]  1[0.9809]  1
0[0.9927]  1[0.0073]  0
0[0.9882]  1[0.0118]  0
0[0.9999]  1[0.0001]  0
0[0.7219]  1[0.2781]  0
0[0.9915]  1[0.0085]  0
0[0.9651]  1[0.0349]  0
0[0.9999]  1[0.0001]  0
0[0.9981]  1[0.0019]  0
0[1.0000]  1[0.0000]  0
0[0.0334]  1[0.9666]  1
0[0.0530]  1[0.9470]  1
0[0.0201]  1[0.9799]  1
0[0.9999]  1[0.0001]  0
0[0.0272]  1[0.9728]  1
0[0.8403]  1[0.1597]  0
0[0.9983]  1[0.0017]  0
0[0.9964]  1[0.0036]  0
0[0.9996]  1[0.0004]  0
0[0.9576]  1[0.0424]  0
0[1.0000]  1[0.0000]  0
0[1.0000]  1[0.0000]  0
0[1.0000]  1[0.0000]  0
0[0.9922]  1[0.0078]  0
0[0.0296]  1[0.9704]  1
0[0.9999]  1[0.0001]  0
0[0.5406]  1[0.4594]  0
0[0.9999]  1[0.0001]  0
0[1.0000]  1[0.0000]  0
0[0.0371]  1[0.9629]  1
0[0.9899]  1[0.0101]  0
0[0.0165]  1[0.9835]  1
0[1.0000]  1[0.0000]  0
0[0.0381]  1[0.9619]  1
0[0.9989]  1[0.0011]  0
0[1.0000]  1[0.0000]  0
0[0.1077]  1[0.8923]  1
0[1.0000]  1[0.0000]  0
0[0.0025]  1[0.9975]  1
0[1.0000]  1[0.0000]  0
0[0.0092]  1[0.9908]  1
0[0.0251]  1[0.9749]  1
0[0.9998]  1[0.0002]  0
0[0.9999]  1[0.0001]  0
0[0.9290]  1[0.0710]  0
0[0.0783]  1[0.9217]  1
0[0.9980]  1[0.0020]  0
0[0.9983]  1[0.0017]  0
0[0.9996]  1[0.0004]  0
0[0.0175]  1[0.9825]  1
0[0.9978]  1[0.0022]  0
0[0.9943]  1[0.0057]  0
0[1.0000]  1[0.0000]  0
0[0.0833]  1[0.9167]  1
0[0.9995]  1[0.0005]  0
0[0.0161]  1[0.9839]  1
0[0.9999]  1[0.0001]  0
0[1.0000]  1[0.0000]  0
0[0.9989]  1[0.0011]  0
0[1.0000]  1[0.0000]  0
0[0.0078]  1[0.9922]  1
0[0.1126]  1[0.8874]  1
0[0.9973]  1[0.0027]  0
0[0.9997]  1[0.0003]  0
0[0.9995]  1[0.0005]  0
0[0.9999]  1[0.0001]  0
0[0.0161]  1[0.9839]  1
0[1.0000]  1[0.0000]  0
0[1.0000]  1[0.0000]  0
0[1.0000]  1[0.0000]  0
0[0.0047]  1[0.9953]  1
0[0.9985]  1[0.0015]  0
0[0.9999]  1[0.0001]  0
0[0.9984]  1[0.0016]  0
0[0.9999]  1[0.0001]  0
0[0.9999]  1[0.0001]  0
0[0.0184]  1[0.9816]  1
0[0.0146]  1[0.9854]  1
0[0.0381]  1[0.9619]  1
0[0.8629]  1[0.1371]  0
0[0.9954]  1[0.0046]  0
0[0.9990]  1[0.0010]  0
0[0.9999]  1[0.0001]  0
0[0.9960]  1[0.0040]  0
0[0.9994]  1[0.0006]  0
0[0.9949]  1[0.0051]  0
0[0.0524]  1[0.9476]  1
0[1.0000]  1[0.0000]  0
0[0.1931]  1[0.8069]  1
0[0.7830]  1[0.2170]  0
0[0.1399]  1[0.8601]  1
0[0.0285]  1[0.9715]  1
0[1.0000]  1[0.0000]  0
0[0.9989]  1[0.0011]  0
0[0.9995]  1[0.0005]  0
0[0.9999]  1[0.0001]  0
0[0.9989]  1[0.0011]  0
0[0.0025]  1[0.9975]  1
0[0.9996]  1[0.0004]  0
0[0.0150]  1[0.9850]  1
0[0.9999]  1[0.0001]  0
0[0.9319]  1[0.0681]  0
0[0.0755]  1[0.9245]  1
0[0.9996]  1[0.0004]  0
0[1.0000]  1[0.0000]  0
0[1.0000]  1[0.0000]  0
0[0.0039]  1[0.9961]  1
0[0.9999]  1[0.0001]  0
0[0.9995]  1[0.0005]  0
0[0.9999]  1[0.0001]  0
0[0.0057]  1[0.9943]  1
0[0.4298]  1[0.5702]  1
0[0.0161]  1[0.9839]  1
0[0.0142]  1[0.9858]  1
0[0.0246]  1[0.9754]  1
0[0.9954]  1[0.0046]  0
0[0.9999]  1[0.0001]  0
0[1.0000]  1[0.0000]  0
0[0.5291]  1[0.4709]  0
0[0.0397]  1[0.9603]  1
0[0.9999]  1[0.0001]  0
0[0.9987]  1[0.0013]  0
0[0.0266]  1[0.9734]  1
0[0.9999]  1[0.0001]  0
0[0.9991]  1[0.0009]  0
0[0.9917]  1[0.0083]  0
0[1.0000]  1[0.0000]  0
0[0.5326]  1[0.4674]  0
0[0.0470]  1[0.9530]  1
0[1.0000]  1[0.0000]  0
0[1.0000]  1[0.0000]  0
0[0.9972]  1[0.0028]  0
0[1.0000]  1[0.0000]  0
0[0.9999]  1[0.0001]  0
0[0.9980]  1[0.0020]  0
0[0.9968]  1[0.0032]  0
0[0.9999]  1[0.0001]  0
0[0.9998]  1[0.0002]  0
0[0.0577]  1[0.9423]  1
0[0.9996]  1[0.0004]  0
0[0.9995]  1[0.0005]  0
0[1.0000]  1[0.0000]  0
0[0.9999]  1[0.0001]  0
0[0.0624]  1[0.9376]  1
0[0.9996]  1[0.0004]  0
0[1.0000]  1[0.0000]  0
0[1.0000]  1[0.0000]  0
0[1.0000]  1[0.0000]  0
0[1.0000]  1[0.0000]  0
0[0.9117]  1[0.0883]  0
0[1.0000]  1[0.0000]  0
0[1.0000]  1[0.0000]  0
0[0.9980]  1[0.0020]  0
0[0.9681]  1[0.0319]  0
