0[0.0513]  1[0.9487]  1
0[0.0471]  1[0.9529]  1
0[0.0078]  1[0.9922]  1
0[0.9999]  1[0.0001]  0
0[0.9935]  1[0.0065]  0
0[0.9955]  1[0.0045]  0
0[0.0285]  1[0.9715]  1
0[0.0043]  1[0.9957]  1
0[0.0126]  1[0.9874]  1
0[0.9993]  1[0.0007]  0
0[0.9916]  1[0.0084]  0
0[0.7554]  1[0.2446]  0
0[0.9992]  1[0.0008]  0
0[0.0806]  1[0.9194]  1
0[0.9999]  1[0.0001]  0
0[0.0750]  1[0.9250]  1
0[0.5111]  1[0.4889]  0
0[1.0000]  1[0.0000]  0
0[0.9997]  1[0.0003]  0
0[0.0028]  1[0.9972]  1
0[0.9970]  1[0.0030]  0
0[0.0185]  1[0.9815]  1
0[0.9999]  1[0.0001]  0
0[0.9999]  1[0.0001]  0
0[0.1143]  1[0.8857]  1
0[0.9998]  1[0.0002]  0
0[0.9999]  1[0.0001]  0
0[0.0078]  1[0.9922]  1
0[0.9998]  1[0.0002]  0
0[0.9690]  1[0.0310]  0
0[0.9976]  1[0.0024]  0
0[0.9998]  1[0.0002]  0
0[0.0156]  1[0.9844]  1
0[0.9999]  1[0.0001]  0
0[0.0327]  1[0.9673]  1
0[0.9997]  1[0.0003]  0
0[1.0000]  1[0.0000]  0
0[0.9999]  1[0.0001]  0
0[0.9999]  1[0.0001]  0
0[0.9992]  1[0.0008]  0
0[0.9988]  1[0.0012]  0
0[0.0972]  1[0.9028]  1
0[0.0112]  1[0.9888]  1
0[0.0624]  1[0.9376]  1
0[0.0686]  1[0.9314]  1
0[0.0494]  1[0.9506]  1
0[1.0000]  1[0.0000]  0
0[0.9964]  1[0.0036]  0
0[0.0183]  1[0.9817]  1
0[0.9978]  1[0.0022]  0
0[0.9963]  1[0.0037]  0
0[0.0116]  1[0.9884]  1
0[0.0290]  1[0.9710]  1
0[0.0892]  1[0.9108]  1
0[0.9999]  1[0.0001]  0
0[0.9970]  1[0.0030]  0
0[0.1918]  1[0.8082]  1
0[0.9737]  1[0.0263]  0
0[0.9040]  1[0.0960]  0
0[1.0000]  1[0.0000]  0
0[0.9833]  1[0.0167]  0
0[0.9987]  1[0.0013]  0
0[0.9965]  1[0.0035]  0
0[0.9081]  1[0.0919]  0
0[0.7606]  1[0.2394]  0
0[0.0311]  1[0.9689]  1
0[0.1702]  1[0.8298]  1
0[0.9987]  1[0.0013]  0
0[0.9982]  1[0.0018]  0
0[1.0000]  1[0.0000]  0
0[0.9999]  1[0.0001]  0
0[1.0000]  1[0.0000]  0
0[0.0123]  1[0.9877]  1
0[0.9994]  1[0.0006]  0
0[0.1079]  1[0.8921]  1
0[0.9999]  1[0.0001]  0
0[0.9998]  1[0.0002]  0
0[0.9999]  1[0.0001]  0
0[0.0102]  1[0.9898]  1
0[0.9869]  1[0.0131]  0
0[0.9998]  1[0.0002]  0
0[0.0117]  1[0.9883]  1
0[0.9995]  1[0.0005]  0
0[0.0321]  1[0.9679]  1
0[0.0327]  1[0.9673]  1
0[1.0000]  1[0.0000]  0
0[0.0133]  1[0.9867]  1
0[0.9997]  1[0.0003]  0
0[0.9999]  1[0.0001]  0
0[0.0247]  1[0.9753]  1
0[0.9995]  1[0.0005]  0
0[1.0000]  1[0.0000]  0
0[1.0000]  1[0.0000]  0
0[0.9999]  1[0.0001]  0
0[1.0000]  1[0.0000]  0
0[1.0000]  1[0.0000]  0
0[0.2495]  1[0.7505]  1
0[0.9993]  1[0.0007]  0
0[0.9998]  1[0.0002]  0
0[0.0327]  1[0.9673]  1
0[0.0065]  1[0.9935]  1
0[0.0686]  1[0.9314]  1
0[0.9998]  1[0.0002]  0
0[0.9973]  1[0.0027]  0
0[0.9999]  1[0.0001]  0
0[0.2152]  1[0.7848]  1
0[0.0077]  1[0.9923]  1
0[0.6281]  1[0.3719]  0
0[1.0000]  1[0.0000]  0
0[0.9999]  1[0.0001]  0
0[0.0230]  1[0.9770]  1
0[1.0000]  1[0.0000]  0
0[0.9969]  1[0.0031]  0
0[0.9997]  1[0.0003]  0
0[0.0177]  1[0.9823]  1
0[0.9885]  1[0.0115]  0
0[1.0000]  1[0.0000]  0
0[0.9994]  1[0.0006]  0
0[0.9384]  1[0.0616]  0
0[0.9623]  1[0.0377]  0
0[0.9999]  1[0.0001]  0
0[0.0057]  1[0.9943]  1
0[0.9995]  1[0.0005]  0
0[0.9988]  1[0.0012]  0
0[0.9998]  1[0.0002]  0
0[0.9990]  1[0.0010]  0
0[0.9999]  1[0.0001]  0
0[1.0000]  1[0.0000]  0
0[0.9995]  1[0.0005]  0
0[0.9995]  1[0.0005]  0
0[0.9236]  1[0.0764]  0
0[1.0000]  1[0.0000]  0
0[0.9629]  1[0.0371]  0
0[0.9997]  1[0.0003]  0
0[0.9999]  1[0.0001]  0
0[0.9999]  1[0.0001]  0
0[0.9996]  1[0.0004]  0
0[0.9986]  1[0.0014]  0
0[0.9999]  1[0.0001]  0
0[0.0246]  1[0.9754]  1
0[0.9999]  1[0.0001]  0
0[0.9995]  1[0.0005]  0
0[0.9999]  1[0.0001]  0
0[1.0000]  1[0.0000]  0
0[0.9989]  1[0.0011]  0
0[0.9946]  1[0.0054]  0
0[1.0000]  1[0.0000]  0
0[0.0123]  1[0.9877]  1
0[0.9951]  1[0.0049]  0
0[0.9999]  1[0.0001]  0
0[0.0441]  1[0.9559]  1
0[0.9999]  1[0.0001]  0
