0[1.0000]  1[0.0000]  0
0[0.9999]  1[0.0001]  0
0[1.0000]  1[0.0000]  0
0[0.9989]  1[0.0011]  0
0[0.9962]  1[0.0038]  0
0[0.9986]  1[0.0014]  0
0[1.0000]  1[0.0000]  0
0[0.9991]  1[0.0009]  0
0[0.9998]  1[0.0002]  0
0[0.8090]  1[0.1910]  0
0[1.0000]  1[0.0000]  0
0[0.9995]  1[0.0005]  0
0[0.9984]  1[0.0016]  0
0[0.9932]  1[0.0068]  0
0[0.2335]  1[0.7665]  1
0[0.9999]  1[0.0001]  0
0[0.9093]  1[0.0907]  0
0[0.9916]  1[0.0084]  0
0[0.9948]  1[0.0052]  0
0[0.0161]  1[0.9839]  1
0[0.9999]  1[0.0001]  0
0[0.7313]  1[0.2687]  0
0[1.0000]  1[0.0000]  0
0[0.9973]  1[0.0027]  0
0[0.0823]  1[0.9177]  1
0[1.0000]  1[0.0000]  0
0[0.9999]  1[0.0001]  0
0[0.6826]  1[0.3174]  0
0[0.9999]  1[0.0001]  0
0[0.0154]  1[0.9846]  1
0[0.9999]  1[0.0001]  0
0[0.1490]  1[0.8510]  1
0[0.9996]  1[0.0004]  0
0[0.9996]  1[0.0004]  0
0[0.9999]  1[0.0001]  0
0[0.9999]  1[0.0001]  0
0[1.0000]  1[0.0000]  0
0[0.9989]  1[0.0011]  0
0[0.9999]  1[0.0001]  0
0[0.9994]  1[0.0006]  0
0[0.5117]  1[0.4883]  0
0[0.9999]  1[0.0001]  0
0[0.9997]  1[0.0003]  0
0[0.9997]  1[0.0003]  0
0[0.9992]  1[0.0008]  0
0[0.9990]  1[0.0010]  0
0[0.7929]  1[0.2071]  0
0[0.0161]  1[0.9839]  1
0[0.9981]  1[0.0019]  0
0[0.9989]  1[0.0011]  0
0[0.9991]  1[0.0009]  0
0[0.0093]  1[0.9907]  1
0[0.0076]  1[0.9924]  1
0[0.0161]  1[0.9839]  1
0[0.9999]  1[0.0001]  0
0[0.7313]  1[0.2687]  0
0[1.0000]  1[0.0000]  0
0[0.0076]  1[0.9924]  1
0[0.0161]  1[0.9839]  1
0[0.9280]  1[0.0720]  0
0[1.0000]  1[0.0000]  0
0[0.0516]  1[0.9484]  1
0[0.9964]  1[0.0036]  0
0[0.9985]  1[0.0015]  0
0[1.0000]  1[0.0000]  0
0[0.9975]  1[0.0025]  0
0[0.7926]  1[0.2074]  0
0[0.0338]  1[0.9662]  1
0[0.9997]  1[0.0003]  0
0[0.9999]  1[0.0001]  0
0[0.9999]  1[0.0001]  0
0[0.0230]  1[0.9770]  1
0[0.9998]  1[0.0002]  0
0[0.9999]  1[0.0001]  0
0[0.0516]  1[0.9484]  1
0[0.9890]  1[0.0110]  0
0[1.0000]  1[0.0000]  0
0[0.3112]  1[0.6888]  1
0[0.0423]  1[0.9577]  1
0[0.9999]  1[0.0001]  0
0[0.9975]  1[0.0025]  0
0[0.0019]  1[0.9981]  1
0[0.9684]  1[0.0316]  0
0[0.0126]  1[0.9874]  1
0[0.1414]  1[0.8586]  1
0[0.9999]  1[0.0001]  0
0[0.9988]  1[0.0012]  0
0[0.0086]  1[0.9914]  1
0[0.7063]  1[0.2937]  0
0[0.0154]  1[0.9846]  1
0[1.0000]  1[0.0000]  0
0[0.0133]  1[0.9867]  1
0[0.9995]  1[0.0005]  0
0[0.3766]  1[0.6234]  1
0[0.9629]  1[0.0371]  0
0[1.0000]  1[0.0000]  0
0[0.9999]  1[0.0001]  0
0[0.0135]  1[0.9865]  1
0[0.9999]  1[0.0001]  0
0[0.8511]  1[0.1489]  0
0[0.0218]  1[0.9782]  1
0[1.0000]  1[0.0000]  0
0[0.9983]  1[0.0017]  0
0[1.0000]  1[0.0000]  0
0[0.9972]  1[0.0028]  0
0[0.9998]  1[0.0002]  0
0[0.9978]  1[0.0022]  0
0[0.0133]  1[0.9867]  1
0[0.0003]  1[0.9997]  1
0[0.7600]  1[0.2400]  0
0[0.9575]  1[0.0425]  0
0[0.9995]  1[0.0005]  0
0[0.9926]  1[0.0074]  0
0[0.0119]  1[0.9881]  1
0[0.0516]  1[0.9484]  1
0[0.0005]  1[0.9995]  1
0[0.9107]  1[0.0893]  0
0[0.7319]  1[0.2681]  0
0[1.0000]  1[0.0000]  0
0[0.9998]  1[0.0002]  0
0[0.9969]  1[0.0031]  0
0[0.0183]  1[0.9817]  1
0[0.9991]  1[0.0009]  0
0[0.9932]  1[0.0068]  0
0[0.0086]  1[0.9914]  1
0[0.0266]  1[0.9734]  1
0[0.0354]  1[0.9646]  1
0[0.9990]  1[0.0010]  0
0[0.9974]  1[0.0026]  0
0[1.0000]  1[0.0000]  0
0[0.8796]  1[0.1204]  0
0[0.0327]  1[0.9673]  1
0[0.9998]  1[0.0002]  0
0[0.0076]  1[0.9924]  1
0[1.0000]  1[0.0000]  0
0[0.9999]  1[0.0001]  0
0[0.9995]  1[0.0005]  0
0[1.0000]  1[0.0000]  0
0[0.0136]  1[0.9864]  1
0[0.9995]  1[0.0005]  0
0[0.9999]  1[0.0001]  0
0[0.9995]  1[0.0005]  0
0[0.9984]  1[0.0016]  0
0[0.0086]  1[0.9914]  1
0[0.9999]  1[0.0001]  0
0[0.9646]  1[0.0354]  0
0[0.9996]  1[0.0004]  0
0[0.9978]  1[0.0022]  0
0[0.0175]  1[0.9825]  1
0[1.0000]  1[0.0000]  0
0[0.0327]  1[0.9673]  1
0[0.9996]  1[0.0004]  0
0[0.9178]  1[0.0822]  0
0[0.9816]  1[0.0184]  0
0[0.9867]  1[0.0133]  0
0[0.0516]  1[0.9484]  1
0[0.9989]  1[0.0011]  0
0[0.0295]  1[0.9705]  1
0[0.0247]  1[0.9753]  1
0[0.9998]  1[0.0002]  0
0[0.3112]  1[0.6888]  1
0[0.8214]  1[0.1786]  0
0[0.0230]  1[0.9770]  1
0[0.9997]  1[0.0003]  0
0[0.0078]  1[0.9922]  1
0[0.7604]  1[0.2396]  0
0[0.4192]  1[0.5808]  1
0[0.8239]  1[0.1761]  0
0[0.9087]  1[0.0913]  0
0[0.7792]  1[0.2208]  0
0[0.9918]  1[0.0082]  0
0[0.9981]  1[0.0019]  0
0[0.0161]  1[0.9839]  1
0[0.0161]  1[0.9839]  1
0[0.0327]  1[0.9673]  1
0[0.9999]  1[0.0001]  0
0[0.0183]  1[0.9817]  1
0[0.9999]  1[0.0001]  0
0[0.0086]  1[0.9914]  1
0[0.0161]  1[0.9839]  1
0[0.7074]  1[0.2926]  0
0[0.9999]  1[0.0001]  0
0[0.6258]  1[0.3742]  0
0[0.0183]  1[0.9817]  1
0[0.9999]  1[0.0001]  0
0[0.0013]  1[0.9987]  1
0[1.0000]  1[0.0000]  0
0[1.0000]  1[0.0000]  0
0[1.0000]  1[0.0000]  0
0[0.9998]  1[0.0002]  0
0[0.9999]  1[0.0001]  0
0[0.0148]  1[0.9852]  1
0[1.0000]  1[0.0000]  0
0[0.9989]  1[0.0011]  0
0[0.1079]  1[0.8921]  1
0[0.0007]  1[0.9993]  1
0[0.0023]  1[0.9977]  1
0[0.9988]  1[0.0012]  0
0[1.0000]  1[0.0000]  0
0[0.0186]  1[0.9814]  1
0[0.6193]  1[0.3807]  0
0[0.0197]  1[0.9803]  1
0[0.0161]  1[0.9839]  1
0[0.0066]  1[0.9934]  1
0[0.0518]  1[0.9482]  1
0[1.0000]  1[0.0000]  0
0[0.1428]  1[0.8572]  1
0[0.6727]  1[0.3273]  0
0[0.9989]  1[0.0011]  0
0[1.0000]  1[0.0000]  0
0[0.9995]  1[0.0005]  0
0[1.0000]  1[0.0000]  0
0[0.0247]  1[0.9753]  1
0[0.1900]  1[0.8100]  1
0[0.0061]  1[0.9939]  1
0[0.3193]  1[0.6807]  1
0[0.9972]  1[0.0028]  0
0[0.9999]  1[0.0001]  0
0[0.0178]  1[0.9822]  1
0[0.0305]  1[0.9695]  1
0[0.9999]  1[0.0001]  0
0[0.4441]  1[0.5559]  1
0[0.0127]  1[0.9873]  1
0[0.0300]  1[0.9700]  1
0[0.9979]  1[0.0021]  0
0[0.9813]  1[0.0187]  0
0[0.0275]  1[0.9725]  1
0[0.3595]  1[0.6405]  1
0[0.9964]  1[0.0036]  0
0[0.0399]  1[0.9601]  1
0[0.0273]  1[0.9727]  1
0[0.0161]  1[0.9839]  1
0[0.9956]  1[0.0044]  0
0[0.0005]  1[0.9995]  1
0[1.0000]  1[0.0000]  0
0[0.9944]  1[0.0056]  0
0[0.0019]  1[0.9981]  1
0[1.0000]  1[0.0000]  0
0[0.0161]  1[0.9839]  1
0[0.6969]  1[0.3031]  0
0[0.0610]  1[0.9390]  1
0[0.0097]  1[0.9903]  1
0[0.0156]  1[0.9844]  1
0[0.8845]  1[0.1155]  0
0[1.0000]  1[0.0000]  0
0[0.9991]  1[0.0009]  0
0[0.0748]  1[0.9252]  1
0[0.0161]  1[0.9839]  1
0[0.0076]  1[0.9924]  1
0[0.9997]  1[0.0003]  0
0[0.9974]  1[0.0026]  0
0[0.9994]  1[0.0006]  0
0[0.7762]  1[0.2238]  0
0[0.9999]  1[0.0001]  0
0[0.9999]  1[0.0001]  0
0[0.9967]  1[0.0033]  0
0[0.9959]  1[0.0041]  0
0[0.9986]  1[0.0014]  0
0[1.0000]  1[0.0000]  0
0[0.9997]  1[0.0003]  0
0[0.9998]  1[0.0002]  0
0[0.9999]  1[0.0001]  0
0[0.0285]  1[0.9715]  1
0[0.9991]  1[0.0009]  0
0[1.0000]  1[0.0000]  0
0[0.3246]  1[0.6754]  1
0[1.0000]  1[0.0000]  0
0[0.9995]  1[0.0005]  0
0[0.9402]  1[0.0598]  0
0[0.9999]  1[0.0001]  0
0[0.9998]  1[0.0002]  0
0[0.9991]  1[0.0009]  0
0[1.0000]  1[0.0000]  0
0[1.0000]  1[0.0000]  0
0[1.0000]  1[0.0000]  0
0[0.0448]  1[0.9552]  1
0[0.5011]  1[0.4989]  0
0[0.8774]  1[0.1226]  0
0[0.9996]  1[0.0004]  0
0[0.4537]  1[0.5463]  1
0[0.2253]  1[0.7747]  1
0[1.0000]  1[0.0000]  0
0[0.9996]  1[0.0004]  0
0[0.9087]  1[0.0913]  0
0[0.9995]  1[0.0005]  0
0[0.9996]  1[0.0004]  0
0[0.9999]  1[0.0001]  0
0[0.9994]  1[0.0006]  0
0[0.0159]  1[0.9841]  1
0[0.1878]  1[0.8122]  1
0[0.9967]  1[0.0033]  0
0[0.9999]  1[0.0001]  0
0[1.0000]  1[0.0000]  0
0[0.9993]  1[0.0007]  0
0[0.0040]  1[0.9960]  1
0[1.0000]  1[0.0000]  0
0[1.0000]  1[0.0000]  0
0[0.9614]  1[0.0386]  0
0[0.9999]  1[0.0001]  0
0[0.9975]  1[0.0025]  0
0[0.9987]  1[0.0013]  0
0[0.9991]  1[0.0009]  0
0[0.9996]  1[0.0004]  0
0[0.9999]  1[0.0001]  0
0[0.9999]  1[0.0001]  0
0[0.9994]  1[0.0006]  0
0[0.9939]  1[0.0061]  0
0[1.0000]  1[0.0000]  0
0[0.9999]  1[0.0001]  0
0[0.9992]  1[0.0008]  0
0[1.0000]  1[0.0000]  0
0[0.9999]  1[0.0001]  0
0[0.0230]  1[0.9770]  1
0[0.9996]  1[0.0004]  0
0[0.9984]  1[0.0016]  0
0[0.9921]  1[0.0079]  0
0[0.0023]  1[0.9977]  1
0[0.9989]  1[0.0011]  0
0[0.0835]  1[0.9165]  1
0[0.9999]  1[0.0001]  0
0[0.9999]  1[0.0001]  0
0[0.9998]  1[0.0002]  0
0[0.9999]  1[0.0001]  0
0[0.9980]  1[0.0020]  0
0[0.9999]  1[0.0001]  0
0[0.9997]  1[0.0003]  0
0[1.0000]  1[0.0000]  0
0[0.0204]  1[0.9796]  1
0[1.0000]  1[0.0000]  0
0[0.9999]  1[0.0001]  0
0[1.0000]  1[0.0000]  0
0[0.9999]  1[0.0001]  0
0[0.9999]  1[0.0001]  0
0[0.9997]  1[0.0003]  0
0[0.9999]  1[0.0001]  0
0[0.9999]  1[0.0001]  0
0[0.9995]  1[0.0005]  0
0[0.9974]  1[0.0026]  0
0[0.9999]  1[0.0001]  0
0[0.0516]  1[0.9484]  1
0[0.9911]  1[0.0089]  0
0[0.9998]  1[0.0002]  0
0[0.9998]  1[0.0002]  0
0[0.9996]  1[0.0004]  0
0[1.0000]  1[0.0000]  0
0[0.5136]  1[0.4864]  0
0[0.9925]  1[0.0075]  0
0[1.0000]  1[0.0000]  0
0[0.9998]  1[0.0002]  0
0[0.9499]  1[0.0501]  0
0[0.9998]  1[0.0002]  0
0[0.9628]  1[0.0372]  0
0[0.9999]  1[0.0001]  0
0[0.9991]  1[0.0009]  0
0[0.9971]  1[0.0029]  0
0[0.9995]  1[0.0005]  0
0[0.9982]  1[0.0018]  0
0[1.0000]  1[0.0000]  0
0[0.9999]  1[0.0001]  0
0[1.0000]  1[0.0000]  0
0[0.9999]  1[0.0001]  0
0[0.9999]  1[0.0001]  0
0[0.9991]  1[0.0009]  0
0[0.9971]  1[0.0029]  0
0[0.2253]  1[0.7747]  1
0[1.0000]  1[0.0000]  0
0[0.9999]  1[0.0001]  0
0[1.0000]  1[0.0000]  0
0[0.9999]  1[0.0001]  0
0[0.9999]  1[0.0001]  0
0[0.9991]  1[0.0009]  0
0[0.9971]  1[0.0029]  0
0[0.2253]  1[0.7747]  1
0[1.0000]  1[0.0000]  0
0[0.9999]  1[0.0001]  0
0[0.9995]  1[0.0005]  0
0[0.9999]  1[0.0001]  0
0[0.9999]  1[0.0001]  0
0[0.9927]  1[0.0073]  0
0[0.0285]  1[0.9715]  1
0[1.0000]  1[0.0000]  0
0[0.2253]  1[0.7747]  1
0[1.0000]  1[0.0000]  0
0[0.9997]  1[0.0003]  0
0[0.9989]  1[0.0011]  0
