0[1.0000]  1[0.0000]  0
0[1.0000]  1[0.0000]  0
0[0.9927]  1[0.0073]  0
0[0.9963]  1[0.0037]  0
0[0.2384]  1[0.7616]  1
0[0.9974]  1[0.0026]  0
0[0.9999]  1[0.0001]  0
0[0.0073]  1[0.9927]  1
0[1.0000]  1[0.0000]  0
0[1.0000]  1[0.0000]  0
0[0.9574]  1[0.0426]  0
0[0.0417]  1[0.9583]  1
0[0.9969]  1[0.0031]  0
0[0.9996]  1[0.0004]  0
0[0.9995]  1[0.0005]  0
0[0.9976]  1[0.0024]  0
0[0.9997]  1[0.0003]  0
0[0.9996]  1[0.0004]  0
0[0.0022]  1[0.9978]  1
0[0.9969]  1[0.0031]  0
0[0.9998]  1[0.0002]  0
0[0.9998]  1[0.0002]  0
0[0.0033]  1[0.9967]  1
0[0.9997]  1[0.0003]  0
0[1.0000]  1[0.0000]  0
0[1.0000]  1[0.0000]  0
0[0.9999]  1[0.0001]  0
0[0.9998]  1[0.0002]  0
0[0.0073]  1[0.9927]  1
0[0.1297]  1[0.8703]  1
0[1.0000]  1[0.0000]  0
0[0.9975]  1[0.0025]  0
0[1.0000]  1[0.0000]  0
0[0.9736]  1[0.0264]  0
0[1.0000]  1[0.0000]  0
0[0.0327]  1[0.9673]  1
0[1.0000]  1[0.0000]  0
0[0.9995]  1[0.0005]  0
0[0.0197]  1[0.9803]  1
0[0.0174]  1[0.9826]  1
0[1.0000]  1[0.0000]  0
0[0.0644]  1[0.9356]  1
0[0.0086]  1[0.9914]  1
0[0.9998]  1[0.0002]  0
0[0.0502]  1[0.9498]  1
0[0.0056]  1[0.9944]  1
0[0.9989]  1[0.0011]  0
0[0.9944]  1[0.0056]  0
0[1.0000]  1[0.0000]  0
0[1.0000]  1[0.0000]  0
0[0.9975]  1[0.0025]  0
0[0.7457]  1[0.2543]  0
