0[0.9994]  1[0.0006]  0
0[0.9990]  1[0.0010]  0
0[0.9988]  1[0.0012]  0
0[0.9994]  1[0.0006]  0
0[0.9999]  1[0.0001]  0
0[0.9999]  1[0.0001]  0
0[0.9990]  1[0.0010]  0
0[0.9979]  1[0.0021]  0
0[1.0000]  1[0.0000]  0
0[0.9984]  1[0.0016]  0
0[0.9989]  1[0.0011]  0
0[0.9984]  1[0.0016]  0
0[1.0000]  1[0.0000]  0
0[0.0161]  1[0.9839]  1
0[0.9924]  1[0.0076]  0
0[0.9984]  1[0.0016]  0
0[0.0175]  1[0.9825]  1
0[0.9963]  1[0.0037]  0
0[0.9999]  1[0.0001]  0
0[0.9993]  1[0.0007]  0
0[0.0019]  1[0.9981]  1
0[0.9996]  1[0.0004]  0
0[0.9999]  1[0.0001]  0
0[0.0246]  1[0.9754]  1
0[0.9891]  1[0.0109]  0
0[0.4430]  1[0.5570]  1
0[0.9999]  1[0.0001]  0
0[0.9998]  1[0.0002]  0
0[0.4499]  1[0.5501]  1
0[0.0190]  1[0.9810]  1
0[0.9659]  1[0.0341]  0
0[1.0000]  1[0.0000]  0
0[0.0404]  1[0.9596]  1
0[0.9999]  1[0.0001]  0
0[0.9999]  1[0.0001]  0
0[0.0127]  1[0.9873]  1
0[0.9999]  1[0.0001]  0
0[0.0161]  1[0.9839]  1
0[1.0000]  1[0.0000]  0
0[0.9986]  1[0.0014]  0
0[0.9961]  1[0.0039]  0
0[0.0327]  1[0.9673]  1
0[0.9996]  1[0.0004]  0
0[0.9998]  1[0.0002]  0
0[0.9999]  1[0.0001]  0
0[0.9996]  1[0.0004]  0
0[0.9999]  1[0.0001]  0
0[0.9981]  1[0.0019]  0
0[0.0497]  1[0.9503]  1
0[0.3390]  1[0.6610]  1
0[1.0000]  1[0.0000]  0
0[0.9999]  1[0.0001]  0
0[0.9999]  1[0.0001]  0
0[0.0204]  1[0.9796]  1
0[0.9995]  1[0.0005]  0
0[0.0426]  1[0.9574]  1
0[0.9994]  1[0.0006]  0
0[0.9989]  1[0.0011]  0
0[0.9996]  1[0.0004]  0
0[0.0190]  1[0.9810]  1
0[0.9920]  1[0.0080]  0
0[0.0322]  1[0.9678]  1
0[1.0000]  1[0.0000]  0
0[0.0086]  1[0.9914]  1
0[0.9980]  1[0.0020]  0
0[0.9996]  1[0.0004]  0
0[0.0050]  1[0.9950]  1
0[0.9999]  1[0.0001]  0
0[0.9992]  1[0.0008]  0
0[0.9996]  1[0.0004]  0
0[0.1928]  1[0.8072]  1
0[0.9999]  1[0.0001]  0
0[0.9998]  1[0.0002]  0
0[0.9995]  1[0.0005]  0
0[0.9747]  1[0.0253]  0
0[0.0339]  1[0.9661]  1
0[1.0000]  1[0.0000]  0
0[0.9996]  1[0.0004]  0
0[1.0000]  1[0.0000]  0
0[1.0000]  1[0.0000]  0
0[0.2949]  1[0.7051]  1
0[1.0000]  1[0.0000]  0
0[1.0000]  1[0.0000]  0
0[0.9994]  1[0.0006]  0
0[1.0000]  1[0.0000]  0
0[0.9999]  1[0.0001]  0
0[0.9995]  1[0.0005]  0
0[0.9989]  1[0.0011]  0
0[0.1161]  1[0.8839]  1
0[0.9732]  1[0.0268]  0
0[0.9988]  1[0.0012]  0
0[1.0000]  1[0.0000]  0
0[0.9943]  1[0.0057]  0
0[0.9995]  1[0.0005]  0
0[1.0000]  1[0.0000]  0
0[0.9999]  1[0.0001]  0
0[0.9995]  1[0.0005]  0
0[0.0806]  1[0.9194]  1
0[1.0000]  1[0.0000]  0
0[0.0081]  1[0.9919]  1
0[1.0000]  1[0.0000]  0
0[0.0686]  1[0.9314]  1
0[0.9994]  1[0.0006]  0
0[1.0000]  1[0.0000]  0
0[0.9996]  1[0.0004]  0
0[0.9768]  1[0.0232]  0
0[0.9992]  1[0.0008]  0
0[1.0000]  1[0.0000]  0
0[0.4728]  1[0.5272]  1
0[0.9975]  1[0.0025]  0
0[1.0000]  1[0.0000]  0
0[0.9966]  1[0.0034]  0
0[0.9911]  1[0.0089]  0
0[0.9999]  1[0.0001]  0
0[0.9736]  1[0.0264]  0
0[1.0000]  1[0.0000]  0
0[1.0000]  1[0.0000]  0
0[0.0431]  1[0.9569]  1
0[0.0576]  1[0.9424]  1
0[0.9836]  1[0.0164]  0
0[1.0000]  1[0.0000]  0
0[0.9759]  1[0.0241]  0
0[0.9489]  1[0.0511]  0
0[1.0000]  1[0.0000]  0
0[0.0806]  1[0.9194]  1
0[0.9977]  1[0.0023]  0
0[0.9971]  1[0.0029]  0
0[0.9999]  1[0.0001]  0
0[0.9842]  1[0.0158]  0
0[1.0000]  1[0.0000]  0
0[1.0000]  1[0.0000]  0
0[1.0000]  1[0.0000]  0
0[0.0362]  1[0.9638]  1
0[0.9966]  1[0.0034]  0
0[0.1684]  1[0.8316]  1
0[0.9974]  1[0.0026]  0
0[0.9995]  1[0.0005]  0
0[0.0133]  1[0.9867]  1
0[0.4756]  1[0.5244]  1
0[1.0000]  1[0.0000]  0
0[1.0000]  1[0.0000]  0
0[0.9981]  1[0.0019]  0
0[0.3927]  1[0.6073]  1
0[0.9985]  1[0.0015]  0
0[1.0000]  1[0.0000]  0
0[1.0000]  1[0.0000]  0
0[0.9956]  1[0.0044]  0
0[0.0686]  1[0.9314]  1
0[1.0000]  1[0.0000]  0
0[0.0806]  1[0.9194]  1
0[0.9999]  1[0.0001]  0
0[0.9984]  1[0.0016]  0
0[0.9988]  1[0.0012]  0
0[0.9981]  1[0.0019]  0
0[1.0000]  1[0.0000]  0
0[0.9995]  1[0.0005]  0
0[0.9995]  1[0.0005]  0
0[0.4701]  1[0.5299]  1
0[0.8465]  1[0.1535]  0
0[0.9984]  1[0.0016]  0
0[1.0000]  1[0.0000]  0
0[0.4353]  1[0.5647]  1
0[0.9985]  1[0.0015]  0
0[1.0000]  1[0.0000]  0
0[0.9989]  1[0.0011]  0
0[0.0216]  1[0.9784]  1
0[0.9950]  1[0.0050]  0
0[0.9997]  1[0.0003]  0
0[1.0000]  1[0.0000]  0
0[0.9999]  1[0.0001]  0
0[0.9950]  1[0.0050]  0
0[0.5194]  1[0.4806]  0
0[0.9995]  1[0.0005]  0
0[0.9900]  1[0.0100]  0
0[0.9988]  1[0.0012]  0
0[0.3129]  1[0.6871]  1
0[0.9993]  1[0.0007]  0
0[0.9989]  1[0.0011]  0
0[0.9999]  1[0.0001]  0
0[0.9987]  1[0.0013]  0
0[1.0000]  1[0.0000]  0
0[0.0349]  1[0.9651]  1
0[0.0115]  1[0.9885]  1
0[0.9956]  1[0.0044]  0
0[0.0115]  1[0.9885]  1
0[0.0452]  1[0.9548]  1
0[0.9999]  1[0.0001]  0
0[0.9988]  1[0.0012]  0
0[0.9935]  1[0.0065]  0
0[1.0000]  1[0.0000]  0
0[0.0103]  1[0.9897]  1
0[0.0195]  1[0.9805]  1
0[0.9998]  1[0.0002]  0
0[0.0036]  1[0.9964]  1
0[0.0775]  1[0.9225]  1
0[0.0127]  1[0.9873]  1
0[1.0000]  1[0.0000]  0
0[0.0086]  1[0.9914]  1
0[0.9999]  1[0.0001]  0
0[0.8430]  1[0.1570]  0
0[1.0000]  1[0.0000]  0
0[0.0070]  1[0.9930]  1
0[0.9997]  1[0.0003]  0
0[0.0138]  1[0.9862]  1
0[0.9999]  1[0.0001]  0
0[0.9995]  1[0.0005]  0
0[1.0000]  1[0.0000]  0
0[0.1705]  1[0.8295]  1
0[0.9998]  1[0.0002]  0
0[0.8873]  1[0.1127]  0
0[0.0686]  1[0.9314]  1
0[0.0288]  1[0.9712]  1
0[0.9979]  1[0.0021]  0
0[0.9990]  1[0.0010]  0
0[0.0050]  1[0.9950]  1
0[1.0000]  1[0.0000]  0
0[0.0127]  1[0.9873]  1
0[1.0000]  1[0.0000]  0
0[0.9999]  1[0.0001]  0
0[0.0357]  1[0.9643]  1
0[0.0154]  1[0.9846]  1
0[0.9996]  1[0.0004]  0
0[0.0198]  1[0.9802]  1
0[0.9984]  1[0.0016]  0
0[0.0327]  1[0.9673]  1
0[0.0103]  1[0.9897]  1
0[0.9999]  1[0.0001]  0
0[0.1079]  1[0.8921]  1
0[0.9999]  1[0.0001]  0
0[0.7001]  1[0.2999]  0
0[0.9987]  1[0.0013]  0
0[0.9988]  1[0.0012]  0
0[0.9935]  1[0.0065]  0
0[0.0127]  1[0.9873]  1
0[0.9931]  1[0.0069]  0
0[0.0383]  1[0.9617]  1
0[0.9995]  1[0.0005]  0
0[1.0000]  1[0.0000]  0
0[0.0206]  1[0.9794]  1
0[0.9993]  1[0.0007]  0
0[0.9999]  1[0.0001]  0
0[0.9994]  1[0.0006]  0
0[0.4450]  1[0.5550]  1
0[0.9923]  1[0.0077]  0
0[0.9996]  1[0.0004]  0
0[1.0000]  1[0.0000]  0
0[0.9995]  1[0.0005]  0
0[0.9994]  1[0.0006]  0
0[0.9999]  1[0.0001]  0
0[1.0000]  1[0.0000]  0
0[0.9980]  1[0.0020]  0
0[1.0000]  1[0.0000]  0
0[0.9984]  1[0.0016]  0
0[0.9999]  1[0.0001]  0
0[0.9999]  1[0.0001]  0
0[0.9999]  1[0.0001]  0
0[0.9969]  1[0.0031]  0
0[0.9994]  1[0.0006]  0
0[0.9970]  1[0.0030]  0
0[0.9980]  1[0.0020]  0
0[0.9999]  1[0.0001]  0
0[0.9998]  1[0.0002]  0
0[0.9998]  1[0.0002]  0
0[0.9935]  1[0.0065]  0
0[0.9935]  1[0.0065]  0
0[0.9947]  1[0.0053]  0
0[0.9823]  1[0.0177]  0
0[0.9939]  1[0.0061]  0
0[0.9927]  1[0.0073]  0
0[1.0000]  1[0.0000]  0
0[0.9897]  1[0.0103]  0
0[0.9897]  1[0.0103]  0
0[0.9910]  1[0.0090]  0
0[0.9996]  1[0.0004]  0
0[0.9947]  1[0.0053]  0
0[0.9915]  1[0.0085]  0
0[0.9958]  1[0.0042]  0
0[0.9913]  1[0.0087]  0
0[0.9995]  1[0.0005]  0
0[1.0000]  1[0.0000]  0
0[0.9685]  1[0.0315]  0
0[0.9991]  1[0.0009]  0
0[0.9944]  1[0.0056]  0
0[0.9995]  1[0.0005]  0
0[0.9947]  1[0.0053]  0
0[1.0000]  1[0.0000]  0
0[0.9999]  1[0.0001]  0
0[0.9996]  1[0.0004]  0
0[0.9826]  1[0.0174]  0
0[0.9826]  1[0.0174]  0
0[0.9826]  1[0.0174]  0
0[0.9999]  1[0.0001]  0
0[0.9904]  1[0.0096]  0
0[0.9998]  1[0.0002]  0
0[1.0000]  1[0.0000]  0
0[1.0000]  1[0.0000]  0
0[0.9907]  1[0.0093]  0
0[0.9989]  1[0.0011]  0
0[0.9998]  1[0.0002]  0
0[1.0000]  1[0.0000]  0
0[0.9999]  1[0.0001]  0
