0[1.0000]  1[0.0000]  0
0[0.9999]  1[0.0001]  0
0[0.0588]  1[0.9412]  1
0[0.9168]  1[0.0832]  0
0[1.0000]  1[0.0000]  0
0[0.9999]  1[0.0001]  0
0[0.9865]  1[0.0135]  0
0[1.0000]  1[0.0000]  0
0[0.9999]  1[0.0001]  0
0[1.0000]  1[0.0000]  0
0[1.0000]  1[0.0000]  0
0[1.0000]  1[0.0000]  0
0[0.0047]  1[0.9953]  1
0[0.9964]  1[0.0036]  0
0[0.9944]  1[0.0056]  0
0[0.9979]  1[0.0021]  0
0[0.0165]  1[0.9835]  1
0[0.9999]  1[0.0001]  0
0[0.9997]  1[0.0003]  0
0[0.9999]  1[0.0001]  0
0[0.9998]  1[0.0002]  0
0[0.8430]  1[0.1570]  0
0[0.9999]  1[0.0001]  0
0[1.0000]  1[0.0000]  0
0[0.9979]  1[0.0021]  0
0[0.9996]  1[0.0004]  0
0[0.9999]  1[0.0001]  0
0[0.0406]  1[0.9594]  1
0[0.9995]  1[0.0005]  0
0[0.9999]  1[0.0001]  0
0[0.9996]  1[0.0004]  0
0[0.9968]  1[0.0032]  0
0[1.0000]  1[0.0000]  0
0[0.0489]  1[0.9511]  1
0[0.0734]  1[0.9266]  1
0[0.0084]  1[0.9916]  1
0[0.9991]  1[0.0009]  0
0[0.0105]  1[0.9895]  1
0[0.1225]  1[0.8775]  1
0[1.0000]  1[0.0000]  0
0[0.9965]  1[0.0035]  0
0[0.0177]  1[0.9823]  1
0[0.9994]  1[0.0006]  0
0[0.9999]  1[0.0001]  0
0[0.9999]  1[0.0001]  0
0[0.9999]  1[0.0001]  0
0[1.0000]  1[0.0000]  0
0[0.9969]  1[0.0031]  0
0[1.0000]  1[0.0000]  0
0[0.9986]  1[0.0014]  0
0[1.0000]  1[0.0000]  0
0[0.9977]  1[0.0023]  0
0[0.0122]  1[0.9878]  1
0[0.0327]  1[0.9673]  1
0[0.9984]  1[0.0016]  0
0[1.0000]  1[0.0000]  0
0[0.9999]  1[0.0001]  0
0[0.9999]  1[0.0001]  0
0[0.0005]  1[0.9995]  1
0[0.9996]  1[0.0004]  0
0[0.9989]  1[0.0011]  0
0[1.0000]  1[0.0000]  0
0[0.9999]  1[0.0001]  0
0[1.0000]  1[0.0000]  0
0[0.0243]  1[0.9757]  1
0[1.0000]  1[0.0000]  0
0[0.9999]  1[0.0001]  0
0[0.6161]  1[0.3839]  0
0[0.0264]  1[0.9736]  1
0[0.0204]  1[0.9796]  1
0[0.9984]  1[0.0016]  0
0[0.0055]  1[0.9945]  1
0[0.0338]  1[0.9662]  1
0[0.9995]  1[0.0005]  0
0[0.9991]  1[0.0009]  0
0[0.9999]  1[0.0001]  0
0[1.0000]  1[0.0000]  0
0[0.0197]  1[0.9803]  1
0[0.9975]  1[0.0025]  0
0[0.0157]  1[0.9843]  1
0[0.0428]  1[0.9572]  1
0[0.0201]  1[0.9799]  1
0[0.9884]  1[0.0116]  0
0[1.0000]  1[0.0000]  0
0[0.9999]  1[0.0001]  0
0[1.0000]  1[0.0000]  0
0[0.9996]  1[0.0004]  0
0[0.9995]  1[0.0005]  0
0[1.0000]  1[0.0000]  0
0[1.0000]  1[0.0000]  0
0[1.0000]  1[0.0000]  0
0[0.9999]  1[0.0001]  0
0[1.0000]  1[0.0000]  0
0[0.9999]  1[0.0001]  0
0[0.0120]  1[0.9880]  1
0[0.0207]  1[0.9793]  1
0[0.9999]  1[0.0001]  0
0[0.9956]  1[0.0044]  0
0[0.9977]  1[0.0023]  0
0[1.0000]  1[0.0000]  0
0[1.0000]  1[0.0000]  0
0[0.0243]  1[0.9757]  1
0[1.0000]  1[0.0000]  0
0[0.6939]  1[0.3061]  0
0[0.9948]  1[0.0052]  0
0[0.9999]  1[0.0001]  0
0[0.9963]  1[0.0037]  0
0[0.9862]  1[0.0138]  0
0[1.0000]  1[0.0000]  0
0[1.0000]  1[0.0000]  0
0[0.9999]  1[0.0001]  0
0[0.9999]  1[0.0001]  0
0[0.0104]  1[0.9896]  1
0[0.9998]  1[0.0002]  0
0[1.0000]  1[0.0000]  0
0[0.9999]  1[0.0001]  0
0[1.0000]  1[0.0000]  0
0[1.0000]  1[0.0000]  0
0[0.9997]  1[0.0003]  0
0[1.0000]  1[0.0000]  0
0[1.0000]  1[0.0000]  0
0[0.0120]  1[0.9880]  1
0[0.1867]  1[0.8133]  1
0[1.0000]  1[0.0000]  0
0[1.0000]  1[0.0000]  0
0[0.9981]  1[0.0019]  0
0[1.0000]  1[0.0000]  0
0[1.0000]  1[0.0000]  0
0[0.0920]  1[0.9080]  1
0[1.0000]  1[0.0000]  0
0[0.9996]  1[0.0004]  0
0[0.9952]  1[0.0048]  0
0[0.9989]  1[0.0011]  0
0[0.9998]  1[0.0002]  0
0[1.0000]  1[0.0000]  0
0[1.0000]  1[0.0000]  0
0[1.0000]  1[0.0000]  0
0[0.0207]  1[0.9793]  1
0[0.9958]  1[0.0042]  0
0[0.0230]  1[0.9770]  1
0[0.8306]  1[0.1694]  0
0[1.0000]  1[0.0000]  0
0[0.9950]  1[0.0050]  0
0[1.0000]  1[0.0000]  0
0[0.9997]  1[0.0003]  0
0[1.0000]  1[0.0000]  0
0[1.0000]  1[0.0000]  0
0[0.9923]  1[0.0077]  0
0[1.0000]  1[0.0000]  0
0[1.0000]  1[0.0000]  0
0[0.9999]  1[0.0001]  0
0[0.9954]  1[0.0046]  0
0[0.9996]  1[0.0004]  0
0[0.9985]  1[0.0015]  0
0[0.9953]  1[0.0047]  0
0[0.0063]  1[0.9937]  1
0[0.0353]  1[0.9647]  1
0[1.0000]  1[0.0000]  0
0[1.0000]  1[0.0000]  0
0[0.9998]  1[0.0002]  0
0[1.0000]  1[0.0000]  0
0[0.9828]  1[0.0172]  0
0[0.9584]  1[0.0416]  0
0[0.9975]  1[0.0025]  0
0[0.9999]  1[0.0001]  0
0[0.5394]  1[0.4606]  0
0[1.0000]  1[0.0000]  0
0[0.9137]  1[0.0863]  0
0[0.0094]  1[0.9906]  1
0[1.0000]  1[0.0000]  0
0[1.0000]  1[0.0000]  0
0[0.2522]  1[0.7478]  1
0[0.9985]  1[0.0015]  0
0[0.9916]  1[0.0084]  0
0[0.3228]  1[0.6772]  1
0[0.0060]  1[0.9940]  1
0[0.1895]  1[0.8105]  1
0[0.8683]  1[0.1317]  0
0[1.0000]  1[0.0000]  0
0[0.9999]  1[0.0001]  0
0[1.0000]  1[0.0000]  0
0[0.9525]  1[0.0475]  0
0[1.0000]  1[0.0000]  0
0[0.1886]  1[0.8114]  1
0[1.0000]  1[0.0000]  0
0[1.0000]  1[0.0000]  0
0[0.0133]  1[0.9867]  1
0[0.1309]  1[0.8691]  1
0[1.0000]  1[0.0000]  0
0[0.9999]  1[0.0001]  0
0[0.9166]  1[0.0834]  0
0[0.9724]  1[0.0276]  0
0[0.9916]  1[0.0084]  0
0[0.9999]  1[0.0001]  0
0[1.0000]  1[0.0000]  0
0[0.9999]  1[0.0001]  0
0[0.6066]  1[0.3934]  0
0[1.0000]  1[0.0000]  0
0[0.9995]  1[0.0005]  0
0[0.9999]  1[0.0001]  0
0[0.0349]  1[0.9651]  1
0[1.0000]  1[0.0000]  0
0[0.9979]  1[0.0021]  0
0[0.9991]  1[0.0009]  0
0[0.9997]  1[0.0003]  0
0[0.2370]  1[0.7630]  1
0[0.9998]  1[0.0002]  0
0[0.9851]  1[0.0149]  0
0[0.9923]  1[0.0077]  0
0[1.0000]  1[0.0000]  0
0[0.9985]  1[0.0015]  0
0[0.9996]  1[0.0004]  0
0[0.9719]  1[0.0281]  0
0[0.9999]  1[0.0001]  0
0[0.9999]  1[0.0001]  0
0[1.0000]  1[0.0000]  0
0[0.0253]  1[0.9747]  1
0[1.0000]  1[0.0000]  0
0[0.0153]  1[0.9847]  1
0[1.0000]  1[0.0000]  0
0[0.0217]  1[0.9783]  1
0[1.0000]  1[0.0000]  0
0[1.0000]  1[0.0000]  0
0[0.9999]  1[0.0001]  0
0[0.9992]  1[0.0008]  0
0[0.9999]  1[0.0001]  0
0[0.9979]  1[0.0021]  0
0[0.9988]  1[0.0012]  0
0[0.0342]  1[0.9658]  1
0[1.0000]  1[0.0000]  0
0[0.4441]  1[0.5559]  1
0[0.9998]  1[0.0002]  0
0[1.0000]  1[0.0000]  0
0[1.0000]  1[0.0000]  0
0[0.0375]  1[0.9625]  1
0[1.0000]  1[0.0000]  0
0[0.0851]  1[0.9149]  1
0[1.0000]  1[0.0000]  0
0[0.9947]  1[0.0053]  0
0[0.9999]  1[0.0001]  0
0[0.9795]  1[0.0205]  0
0[1.0000]  1[0.0000]  0
0[0.0265]  1[0.9735]  1
0[0.9999]  1[0.0001]  0
0[1.0000]  1[0.0000]  0
0[0.0102]  1[0.9898]  1
0[0.9993]  1[0.0007]  0
0[0.1601]  1[0.8399]  1
0[0.9996]  1[0.0004]  0
0[0.9981]  1[0.0019]  0
0[1.0000]  1[0.0000]  0
0[0.9999]  1[0.0001]  0
0[0.9705]  1[0.0295]  0
0[0.9999]  1[0.0001]  0
0[0.9995]  1[0.0005]  0
0[1.0000]  1[0.0000]  0
0[0.9982]  1[0.0018]  0
0[0.9999]  1[0.0001]  0
0[0.0297]  1[0.9703]  1
0[0.3969]  1[0.6031]  1
0[0.8904]  1[0.1096]  0
0[1.0000]  1[0.0000]  0
0[0.9999]  1[0.0001]  0
0[0.0197]  1[0.9803]  1
0[0.9996]  1[0.0004]  0
0[0.9999]  1[0.0001]  0
0[0.9995]  1[0.0005]  0
0[0.0027]  1[0.9973]  1
0[0.2328]  1[0.7672]  1
0[1.0000]  1[0.0000]  0
0[0.9999]  1[0.0001]  0
0[0.0161]  1[0.9839]  1
0[0.3402]  1[0.6598]  1
0[1.0000]  1[0.0000]  0
0[1.0000]  1[0.0000]  0
0[0.9998]  1[0.0002]  0
0[0.9989]  1[0.0011]  0
0[0.9985]  1[0.0015]  0
0[1.0000]  1[0.0000]  0
0[0.9999]  1[0.0001]  0
0[1.0000]  1[0.0000]  0
0[0.9999]  1[0.0001]  0
0[0.9999]  1[0.0001]  0
0[1.0000]  1[0.0000]  0
0[1.0000]  1[0.0000]  0
0[1.0000]  1[0.0000]  0
0[0.0133]  1[0.9867]  1
0[1.0000]  1[0.0000]  0
0[1.0000]  1[0.0000]  0
0[0.9999]  1[0.0001]  0
0[0.9997]  1[0.0003]  0
0[0.9998]  1[0.0002]  0
0[1.0000]  1[0.0000]  0
0[0.9995]  1[0.0005]  0
0[1.0000]  1[0.0000]  0
