0[0.9999]  1[0.0001]  0
0[0.9995]  1[0.0005]  0
0[0.9995]  1[0.0005]  0
0[0.9884]  1[0.0116]  0
0[0.1230]  1[0.8770]  1
0[0.9996]  1[0.0004]  0
0[0.9998]  1[0.0002]  0
0[1.0000]  1[0.0000]  0
0[0.0228]  1[0.9772]  1
0[0.9920]  1[0.0080]  0
0[0.9323]  1[0.0677]  0
0[1.0000]  1[0.0000]  0
0[0.8386]  1[0.1614]  0
0[0.9998]  1[0.0002]  0
0[0.9930]  1[0.0070]  0
0[0.0065]  1[0.9935]  1
0[0.9999]  1[0.0001]  0
0[0.9999]  1[0.0001]  0
0[0.0204]  1[0.9796]  1
0[0.9851]  1[0.0149]  0
0[0.9989]  1[0.0011]  0
0[0.0246]  1[0.9754]  1
0[0.9963]  1[0.0037]  0
0[0.9742]  1[0.0258]  0
0[0.9999]  1[0.0001]  0
0[0.9998]  1[0.0002]  0
0[0.0189]  1[0.9811]  1
0[0.7665]  1[0.2335]  0
0[0.0246]  1[0.9754]  1
0[0.3077]  1[0.6923]  1
0[0.9997]  1[0.0003]  0
0[0.9968]  1[0.0032]  0
0[0.9999]  1[0.0001]  0
0[0.9897]  1[0.0103]  0
0[0.9882]  1[0.0118]  0
0[0.9999]  1[0.0001]  0
0[0.9905]  1[0.0095]  0
0[0.9999]  1[0.0001]  0
0[0.9999]  1[0.0001]  0
0[0.8755]  1[0.1245]  0
0[0.9987]  1[0.0013]  0
0[0.9994]  1[0.0006]  0
0[1.0000]  1[0.0000]  0
0[0.0161]  1[0.9839]  1
0[0.9730]  1[0.0270]  0
0[0.1004]  1[0.8996]  1
0[1.0000]  1[0.0000]  0
0[0.9996]  1[0.0004]  0
0[0.9922]  1[0.0078]  0
0[0.9997]  1[0.0003]  0
0[0.0014]  1[0.9986]  1
0[0.0406]  1[0.9594]  1
0[0.0797]  1[0.9203]  1
0[0.0161]  1[0.9839]  1
0[1.0000]  1[0.0000]  0
0[0.9998]  1[0.0002]  0
0[1.0000]  1[0.0000]  0
0[0.0161]  1[0.9839]  1
0[0.0427]  1[0.9573]  1
0[1.0000]  1[0.0000]  0
0[0.9994]  1[0.0006]  0
0[0.9996]  1[0.0004]  0
0[0.0286]  1[0.9714]  1
0[0.9996]  1[0.0004]  0
0[1.0000]  1[0.0000]  0
0[0.9999]  1[0.0001]  0
0[0.9976]  1[0.0024]  0
0[0.9999]  1[0.0001]  0
0[0.9936]  1[0.0064]  0
0[0.0408]  1[0.9592]  1
0[0.2002]  1[0.7998]  1
0[0.9999]  1[0.0001]  0
0[0.9984]  1[0.0016]  0
0[0.9995]  1[0.0005]  0
0[1.0000]  1[0.0000]  0
0[0.0065]  1[0.9935]  1
0[0.9999]  1[0.0001]  0
0[0.0060]  1[0.9940]  1
0[0.9980]  1[0.0020]  0
0[1.0000]  1[0.0000]  0
0[0.9999]  1[0.0001]  0
0[1.0000]  1[0.0000]  0
0[0.9935]  1[0.0065]  0
0[0.9893]  1[0.0107]  0
0[1.0000]  1[0.0000]  0
0[0.0025]  1[0.9975]  1
0[0.9989]  1[0.0011]  0
0[1.0000]  1[0.0000]  0
0[1.0000]  1[0.0000]  0
0[0.9999]  1[0.0001]  0
0[0.9999]  1[0.0001]  0
0[1.0000]  1[0.0000]  0
0[1.0000]  1[0.0000]  0
0[0.9979]  1[0.0021]  0
0[0.9964]  1[0.0036]  0
0[0.9999]  1[0.0001]  0
0[0.0220]  1[0.9780]  1
0[1.0000]  1[0.0000]  0
0[0.0543]  1[0.9457]  1
0[0.0246]  1[0.9754]  1
0[0.9772]  1[0.0228]  0
0[0.2328]  1[0.7672]  1
0[1.0000]  1[0.0000]  0
0[1.0000]  1[0.0000]  0
0[0.9998]  1[0.0002]  0
0[0.8702]  1[0.1298]  0
0[0.0246]  1[0.9754]  1
0[0.9994]  1[0.0006]  0
0[0.0065]  1[0.9935]  1
0[0.8505]  1[0.1495]  0
0[0.9998]  1[0.0002]  0
0[0.0849]  1[0.9151]  1
0[0.9999]  1[0.0001]  0
0[0.0322]  1[0.9678]  1
0[0.9999]  1[0.0001]  0
0[0.9999]  1[0.0001]  0
0[0.0135]  1[0.9865]  1
0[1.0000]  1[0.0000]  0
0[0.9999]  1[0.0001]  0
0[0.0810]  1[0.9190]  1
0[1.0000]  1[0.0000]  0
0[0.7596]  1[0.2404]  0
0[0.9990]  1[0.0010]  0
0[0.9999]  1[0.0001]  0
0[0.9475]  1[0.0525]  0
0[0.0543]  1[0.9457]  1
0[0.9999]  1[0.0001]  0
0[1.0000]  1[0.0000]  0
0[0.9994]  1[0.0006]  0
0[0.9999]  1[0.0001]  0
0[0.1251]  1[0.8749]  1
0[0.0235]  1[0.9765]  1
0[1.0000]  1[0.0000]  0
0[0.9262]  1[0.0738]  0
0[0.9998]  1[0.0002]  0
0[0.9999]  1[0.0001]  0
0[0.9958]  1[0.0042]  0
0[0.9999]  1[0.0001]  0
0[0.0153]  1[0.9847]  1
0[0.0161]  1[0.9839]  1
0[0.0764]  1[0.9236]  1
0[0.9994]  1[0.0006]  0
0[0.9800]  1[0.0200]  0
0[0.0689]  1[0.9311]  1
0[0.9894]  1[0.0106]  0
0[0.9996]  1[0.0004]  0
0[0.9998]  1[0.0002]  0
0[1.0000]  1[0.0000]  0
0[0.1294]  1[0.8706]  1
0[0.8104]  1[0.1896]  0
0[0.9999]  1[0.0001]  0
0[0.9999]  1[0.0001]  0
0[0.0065]  1[0.9935]  1
0[0.9991]  1[0.0009]  0
0[0.9996]  1[0.0004]  0
0[0.9999]  1[0.0001]  0
0[0.9998]  1[0.0002]  0
0[1.0000]  1[0.0000]  0
0[0.0177]  1[0.9823]  1
0[0.9999]  1[0.0001]  0
0[0.9999]  1[0.0001]  0
0[0.9996]  1[0.0004]  0
0[0.0025]  1[0.9975]  1
0[0.3594]  1[0.6406]  1
0[1.0000]  1[0.0000]  0
0[0.9999]  1[0.0001]  0
0[0.0156]  1[0.9844]  1
0[0.1048]  1[0.8952]  1
0[0.0821]  1[0.9179]  1
0[0.0349]  1[0.9651]  1
0[0.5745]  1[0.4255]  0
0[0.9957]  1[0.0043]  0
0[0.9979]  1[0.0021]  0
0[0.0131]  1[0.9869]  1
0[0.9999]  1[0.0001]  0
0[0.9969]  1[0.0031]  0
0[0.9913]  1[0.0087]  0
0[0.0003]  1[0.9997]  1
0[0.9999]  1[0.0001]  0
0[0.9997]  1[0.0003]  0
0[0.9966]  1[0.0034]  0
0[0.0246]  1[0.9754]  1
0[1.0000]  1[0.0000]  0
0[1.0000]  1[0.0000]  0
0[1.0000]  1[0.0000]  0
0[0.0161]  1[0.9839]  1
0[0.0543]  1[0.9457]  1
0[0.9996]  1[0.0004]  0
0[0.9739]  1[0.0261]  0
0[0.0174]  1[0.9826]  1
0[0.9999]  1[0.0001]  0
0[0.9995]  1[0.0005]  0
0[0.9995]  1[0.0005]  0
0[0.9985]  1[0.0015]  0
0[0.9976]  1[0.0024]  0
0[0.9999]  1[0.0001]  0
0[0.9999]  1[0.0001]  0
0[0.9999]  1[0.0001]  0
0[0.9998]  1[0.0002]  0
0[0.9954]  1[0.0046]  0
0[0.9782]  1[0.0218]  0
0[0.0027]  1[0.9973]  1
0[0.0246]  1[0.9754]  1
0[0.0764]  1[0.9236]  1
0[0.9992]  1[0.0008]  0
0[0.0945]  1[0.9055]  1
0[0.9996]  1[0.0004]  0
0[0.9990]  1[0.0010]  0
0[0.0349]  1[0.9651]  1
0[0.9999]  1[0.0001]  0
0[0.0246]  1[0.9754]  1
0[0.9527]  1[0.0473]  0
0[0.9235]  1[0.0765]  0
0[0.0013]  1[0.9987]  1
0[1.0000]  1[0.0000]  0
0[0.0246]  1[0.9754]  1
0[0.9999]  1[0.0001]  0
0[1.0000]  1[0.0000]  0
0[0.9471]  1[0.0529]  0
0[1.0000]  1[0.0000]  0
0[0.0247]  1[0.9753]  1
0[0.9979]  1[0.0021]  0
0[1.0000]  1[0.0000]  0
0[0.9753]  1[0.0247]  0
0[0.0290]  1[0.9710]  1
0[0.9999]  1[0.0001]  0
0[0.9999]  1[0.0001]  0
0[0.9998]  1[0.0002]  0
0[0.9648]  1[0.0352]  0
0[0.0246]  1[0.9754]  1
0[0.9986]  1[0.0014]  0
0[0.9983]  1[0.0017]  0
0[1.0000]  1[0.0000]  0
0[0.9995]  1[0.0005]  0
0[0.9957]  1[0.0043]  0
0[0.9994]  1[0.0006]  0
0[0.9997]  1[0.0003]  0
0[1.0000]  1[0.0000]  0
0[0.9773]  1[0.0227]  0
0[0.9988]  1[0.0012]  0
0[0.9973]  1[0.0027]  0
0[1.0000]  1[0.0000]  0
0[0.9995]  1[0.0005]  0
0[0.5371]  1[0.4629]  0
0[0.6553]  1[0.3447]  0
0[0.9979]  1[0.0021]  0
0[1.0000]  1[0.0000]  0
0[1.0000]  1[0.0000]  0
0[0.9999]  1[0.0001]  0
0[1.0000]  1[0.0000]  0
0[0.9873]  1[0.0127]  0
0[0.5925]  1[0.4075]  0
0[0.9689]  1[0.0311]  0
0[0.9999]  1[0.0001]  0
0[0.9987]  1[0.0013]  0
0[0.9999]  1[0.0001]  0
0[0.9924]  1[0.0076]  0
0[0.0342]  1[0.9658]  1
0[0.9736]  1[0.0264]  0
0[0.3394]  1[0.6606]  1
0[1.0000]  1[0.0000]  0
0[0.9932]  1[0.0068]  0
0[0.2133]  1[0.7867]  1
0[1.0000]  1[0.0000]  0
0[0.2253]  1[0.7747]  1
0[0.9989]  1[0.0011]  0
0[0.0175]  1[0.9825]  1
0[0.9996]  1[0.0004]  0
0[0.9981]  1[0.0019]  0
0[0.9953]  1[0.0047]  0
0[0.0211]  1[0.9789]  1
0[1.0000]  1[0.0000]  0
0[0.9999]  1[0.0001]  0
0[0.9972]  1[0.0028]  0
0[1.0000]  1[0.0000]  0
0[0.9999]  1[0.0001]  0
0[1.0000]  1[0.0000]  0
0[0.9982]  1[0.0018]  0
0[0.8355]  1[0.1645]  0
0[0.3256]  1[0.6744]  1
0[0.8577]  1[0.1423]  0
0[1.0000]  1[0.0000]  0
0[0.4853]  1[0.5147]  1
0[0.8363]  1[0.1637]  0
0[1.0000]  1[0.0000]  0
0[0.0508]  1[0.9492]  1
0[0.9983]  1[0.0017]  0
0[0.8991]  1[0.1009]  0
0[0.9890]  1[0.0110]  0
0[0.9999]  1[0.0001]  0
0[0.9991]  1[0.0009]  0
0[0.9990]  1[0.0010]  0
0[0.9984]  1[0.0016]  0
0[0.9994]  1[0.0006]  0
0[0.9955]  1[0.0045]  0
0[0.9980]  1[0.0020]  0
0[0.9999]  1[0.0001]  0
0[0.9538]  1[0.0462]  0
0[0.9958]  1[0.0042]  0
0[0.9999]  1[0.0001]  0
0[1.0000]  1[0.0000]  0
0[0.9929]  1[0.0071]  0
0[0.0807]  1[0.9193]  1
0[1.0000]  1[0.0000]  0
0[0.9998]  1[0.0002]  0
0[0.9999]  1[0.0001]  0
0[0.9979]  1[0.0021]  0
0[0.9963]  1[0.0037]  0
0[0.9999]  1[0.0001]  0
0[0.9994]  1[0.0006]  0
0[0.9998]  1[0.0002]  0
0[0.9999]  1[0.0001]  0
0[0.9979]  1[0.0021]  0
0[0.9971]  1[0.0029]  0
0[0.9999]  1[0.0001]  0
0[1.0000]  1[0.0000]  0
0[0.9986]  1[0.0014]  0
0[1.0000]  1[0.0000]  0
0[1.0000]  1[0.0000]  0
0[0.9980]  1[0.0020]  0
0[0.9995]  1[0.0005]  0
