0[0.0045]  1[0.9955]  1
0[0.9994]  1[0.0006]  0
0[0.0602]  1[0.9398]  1
0[0.9999]  1[0.0001]  0
0[1.0000]  1[0.0000]  0
0[0.0246]  1[0.9754]  1
0[0.9999]  1[0.0001]  0
0[0.0296]  1[0.9704]  1
0[0.9999]  1[0.0001]  0
0[0.9983]  1[0.0017]  0
0[0.9999]  1[0.0001]  0
0[0.9989]  1[0.0011]  0
0[0.9995]  1[0.0005]  0
0[0.9970]  1[0.0030]  0
0[0.8952]  1[0.1048]  0
0[0.9925]  1[0.0075]  0
0[0.9976]  1[0.0024]  0
0[1.0000]  1[0.0000]  0
0[0.9884]  1[0.0116]  0
0[0.9995]  1[0.0005]  0
0[0.9999]  1[0.0001]  0
0[0.9992]  1[0.0008]  0
0[1.0000]  1[0.0000]  0
0[0.9999]  1[0.0001]  0
0[0.9737]  1[0.0263]  0
0[0.9990]  1[0.0010]  0
0[0.9996]  1[0.0004]  0
0[1.0000]  1[0.0000]  0
0[0.9991]  1[0.0009]  0
0[0.9116]  1[0.0884]  0
0[0.9973]  1[0.0027]  0
0[0.9978]  1[0.0022]  0
0[1.0000]  1[0.0000]  0
0[0.9993]  1[0.0007]  0
0[0.9974]  1[0.0026]  0
0[0.9998]  1[0.0002]  0
0[1.0000]  1[0.0000]  0
0[0.9999]  1[0.0001]  0
0[0.9115]  1[0.0885]  0
0[0.9996]  1[0.0004]  0
0[1.0000]  1[0.0000]  0
0[0.0585]  1[0.9415]  1
0[1.0000]  1[0.0000]  0
0[0.9998]  1[0.0002]  0
0[1.0000]  1[0.0000]  0
0[0.0133]  1[0.9867]  1
0[1.0000]  1[0.0000]  0
0[0.9978]  1[0.0022]  0
0[0.0996]  1[0.9004]  1
0[0.9998]  1[0.0002]  0
0[1.0000]  1[0.0000]  0
0[1.0000]  1[0.0000]  0
0[0.9999]  1[0.0001]  0
0[0.9994]  1[0.0006]  0
0[0.9999]  1[0.0001]  0
0[0.9990]  1[0.0010]  0
0[0.9999]  1[0.0001]  0
0[0.9814]  1[0.0186]  0
0[0.9999]  1[0.0001]  0
0[0.0018]  1[0.9982]  1
0[0.9999]  1[0.0001]  0
0[1.0000]  1[0.0000]  0
0[0.9999]  1[0.0001]  0
0[1.0000]  1[0.0000]  0
0[0.9995]  1[0.0005]  0
0[0.9997]  1[0.0003]  0
0[0.6100]  1[0.3900]  0
0[0.0133]  1[0.9867]  1
0[0.9774]  1[0.0226]  0
0[1.0000]  1[0.0000]  0
0[0.8455]  1[0.1545]  0
0[0.8328]  1[0.1672]  0
0[1.0000]  1[0.0000]  0
0[0.9999]  1[0.0001]  0
0[0.9963]  1[0.0037]  0
0[0.7163]  1[0.2837]  0
0[0.9996]  1[0.0004]  0
0[1.0000]  1[0.0000]  0
0[0.9999]  1[0.0001]  0
0[0.9999]  1[0.0001]  0
0[1.0000]  1[0.0000]  0
0[0.9560]  1[0.0440]  0
0[0.7008]  1[0.2992]  0
0[1.0000]  1[0.0000]  0
0[0.9736]  1[0.0264]  0
0[0.9774]  1[0.0226]  0
0[0.9994]  1[0.0006]  0
0[1.0000]  1[0.0000]  0
0[0.9986]  1[0.0014]  0
0[0.9982]  1[0.0018]  0
0[1.0000]  1[0.0000]  0
0[0.9996]  1[0.0004]  0
0[0.2253]  1[0.7747]  1
0[1.0000]  1[0.0000]  0
0[0.9774]  1[0.0226]  0
0[0.0106]  1[0.9894]  1
0[0.9999]  1[0.0001]  0
0[0.9995]  1[0.0005]  0
0[0.9939]  1[0.0061]  0
0[0.9999]  1[0.0001]  0
0[1.0000]  1[0.0000]  0
0[0.9893]  1[0.0107]  0
0[1.0000]  1[0.0000]  0
0[0.2123]  1[0.7877]  1
0[0.9999]  1[0.0001]  0
0[1.0000]  1[0.0000]  0
0[0.0019]  1[0.9981]  1
0[0.0595]  1[0.9405]  1
0[0.0175]  1[0.9825]  1
0[0.9984]  1[0.0016]  0
0[0.3246]  1[0.6754]  1
0[0.9999]  1[0.0001]  0
0[0.3246]  1[0.6754]  1
0[0.6627]  1[0.3373]  0
0[1.0000]  1[0.0000]  0
0[1.0000]  1[0.0000]  0
0[1.0000]  1[0.0000]  0
0[0.9985]  1[0.0015]  0
0[1.0000]  1[0.0000]  0
0[0.9994]  1[0.0006]  0
0[1.0000]  1[0.0000]  0
0[0.9988]  1[0.0012]  0
0[0.9999]  1[0.0001]  0
0[0.9999]  1[0.0001]  0
0[1.0000]  1[0.0000]  0
0[0.9999]  1[0.0001]  0
0[0.0133]  1[0.9867]  1
0[0.7577]  1[0.2423]  0
0[1.0000]  1[0.0000]  0
0[0.9999]  1[0.0001]  0
0[0.9985]  1[0.0015]  0
0[1.0000]  1[0.0000]  0
0[0.9968]  1[0.0032]  0
0[0.9979]  1[0.0021]  0
0[0.8386]  1[0.1614]  0
0[0.9966]  1[0.0034]  0
0[0.9601]  1[0.0399]  0
0[0.9996]  1[0.0004]  0
0[0.9995]  1[0.0005]  0
0[0.9975]  1[0.0025]  0
0[0.9999]  1[0.0001]  0
0[0.9998]  1[0.0002]  0
0[0.0806]  1[0.9194]  1
0[0.0161]  1[0.9839]  1
0[0.9999]  1[0.0001]  0
0[0.9999]  1[0.0001]  0
0[0.9999]  1[0.0001]  0
0[0.9999]  1[0.0001]  0
0[0.0222]  1[0.9778]  1
0[0.9999]  1[0.0001]  0
0[0.9999]  1[0.0001]  0
0[0.9999]  1[0.0001]  0
0[0.0284]  1[0.9716]  1
0[0.3112]  1[0.6888]  1
0[1.0000]  1[0.0000]  0
0[0.9999]  1[0.0001]  0
0[0.9998]  1[0.0002]  0
0[0.9998]  1[0.0002]  0
0[0.9906]  1[0.0094]  0
0[0.0108]  1[0.9892]  1
0[0.9999]  1[0.0001]  0
0[0.9986]  1[0.0014]  0
0[0.9986]  1[0.0014]  0
0[0.9999]  1[0.0001]  0
0[0.9985]  1[0.0015]  0
0[0.9994]  1[0.0006]  0
0[0.9861]  1[0.0139]  0
0[0.8915]  1[0.1085]  0
0[0.9987]  1[0.0013]  0
0[0.9785]  1[0.0215]  0
0[0.9995]  1[0.0005]  0
0[0.9995]  1[0.0005]  0
0[0.0363]  1[0.9637]  1
0[0.0322]  1[0.9678]  1
0[0.9999]  1[0.0001]  0
0[0.1565]  1[0.8435]  1
0[0.9846]  1[0.0154]  0
0[0.0044]  1[0.9956]  1
0[0.9930]  1[0.0070]  0
0[0.9984]  1[0.0016]  0
0[0.9980]  1[0.0020]  0
0[0.9995]  1[0.0005]  0
0[0.9999]  1[0.0001]  0
0[1.0000]  1[0.0000]  0
0[0.9998]  1[0.0002]  0
0[0.9914]  1[0.0086]  0
0[0.9999]  1[0.0001]  0
0[0.9736]  1[0.0264]  0
0[0.9999]  1[0.0001]  0
0[0.9999]  1[0.0001]  0
0[0.9999]  1[0.0001]  0
0[0.9981]  1[0.0019]  0
0[0.9999]  1[0.0001]  0
0[0.9999]  1[0.0001]  0
0[0.9779]  1[0.0221]  0
0[0.1488]  1[0.8512]  1
0[0.9865]  1[0.0135]  0
0[0.9993]  1[0.0007]  0
0[0.9995]  1[0.0005]  0
0[0.9999]  1[0.0001]  0
0[0.9985]  1[0.0015]  0
0[0.9999]  1[0.0001]  0
0[0.0108]  1[0.9892]  1
0[1.0000]  1[0.0000]  0
0[0.9975]  1[0.0025]  0
0[0.9637]  1[0.0363]  0
0[0.9523]  1[0.0477]  0
0[0.9999]  1[0.0001]  0
0[0.9875]  1[0.0125]  0
0[0.9995]  1[0.0005]  0
0[0.2458]  1[0.7542]  1
0[0.9875]  1[0.0125]  0
0[0.9995]  1[0.0005]  0
0[0.9999]  1[0.0001]  0
0[0.9990]  1[0.0010]  0
0[0.9999]  1[0.0001]  0
0[0.1079]  1[0.8921]  1
0[1.0000]  1[0.0000]  0
0[1.0000]  1[0.0000]  0
0[0.0327]  1[0.9673]  1
0[0.9997]  1[0.0003]  0
0[1.0000]  1[0.0000]  0
0[0.5449]  1[0.4551]  0
0[0.9220]  1[0.0780]  0
0[0.0543]  1[0.9457]  1
0[0.9983]  1[0.0017]  0
0[0.9980]  1[0.0020]  0
0[0.9995]  1[0.0005]  0
0[0.0102]  1[0.9898]  1
0[0.9999]  1[0.0001]  0
0[1.0000]  1[0.0000]  0
0[0.9999]  1[0.0001]  0
0[1.0000]  1[0.0000]  0
0[0.9999]  1[0.0001]  0
0[0.9999]  1[0.0001]  0
0[0.0764]  1[0.9236]  1
0[0.0493]  1[0.9507]  1
0[0.9999]  1[0.0001]  0
0[0.9999]  1[0.0001]  0
0[0.9999]  1[0.0001]  0
0[0.0254]  1[0.9746]  1
0[1.0000]  1[0.0000]  0
0[0.9996]  1[0.0004]  0
0[1.0000]  1[0.0000]  0
0[0.9998]  1[0.0002]  0
0[1.0000]  1[0.0000]  0
0[0.9975]  1[0.0025]  0
0[1.0000]  1[0.0000]  0
0[0.9995]  1[0.0005]  0
0[1.0000]  1[0.0000]  0
0[0.3166]  1[0.6834]  1
0[0.9995]  1[0.0005]  0
0[0.0219]  1[0.9781]  1
0[0.9999]  1[0.0001]  0
0[0.9994]  1[0.0006]  0
0[0.0064]  1[0.9936]  1
0[0.9982]  1[0.0018]  0
0[0.0170]  1[0.9830]  1
0[0.9992]  1[0.0008]  0
0[0.0161]  1[0.9839]  1
0[0.9995]  1[0.0005]  0
0[0.9996]  1[0.0004]  0
0[0.0102]  1[0.9898]  1
0[0.9999]  1[0.0001]  0
0[0.9999]  1[0.0001]  0
0[0.0416]  1[0.9584]  1
0[1.0000]  1[0.0000]  0
0[0.0373]  1[0.9627]  1
0[0.7099]  1[0.2901]  0
0[0.9985]  1[0.0015]  0
0[0.0232]  1[0.9768]  1
0[1.0000]  1[0.0000]  0
0[0.9997]  1[0.0003]  0
0[1.0000]  1[0.0000]  0
0[1.0000]  1[0.0000]  0
0[0.9996]  1[0.0004]  0
0[0.9842]  1[0.0158]  0
0[0.5657]  1[0.4343]  0
0[1.0000]  1[0.0000]  0
0[0.9954]  1[0.0046]  0
0[0.9999]  1[0.0001]  0
0[0.9988]  1[0.0012]  0
0[0.0130]  1[0.9870]  1
0[0.0313]  1[0.9687]  1
0[0.2235]  1[0.7765]  1
0[0.1079]  1[0.8921]  1
0[0.9999]  1[0.0001]  0
0[0.9995]  1[0.0005]  0
0[0.0745]  1[0.9255]  1
0[1.0000]  1[0.0000]  0
0[0.9995]  1[0.0005]  0
0[0.1079]  1[0.8921]  1
0[0.0350]  1[0.9650]  1
0[0.5092]  1[0.4908]  0
0[0.9994]  1[0.0006]  0
0[0.9999]  1[0.0001]  0
0[1.0000]  1[0.0000]  0
0[0.9994]  1[0.0006]  0
0[0.5768]  1[0.4232]  0
0[1.0000]  1[0.0000]  0
0[1.0000]  1[0.0000]  0
0[0.0019]  1[0.9981]  1
0[0.9992]  1[0.0008]  0
0[0.0001]  1[0.9999]  1
0[0.8230]  1[0.1770]  0
0[0.9999]  1[0.0001]  0
0[0.0750]  1[0.9250]  1
0[1.0000]  1[0.0000]  0
0[0.9998]  1[0.0002]  0
0[0.0119]  1[0.9881]  1
0[0.0045]  1[0.9955]  1
0[0.9988]  1[0.0012]  0
0[0.0349]  1[0.9651]  1
0[1.0000]  1[0.0000]  0
0[0.9999]  1[0.0001]  0
0[0.0327]  1[0.9673]  1
0[1.0000]  1[0.0000]  0
0[0.9996]  1[0.0004]  0
0[0.9999]  1[0.0001]  0
0[0.9993]  1[0.0007]  0
0[0.0631]  1[0.9369]  1
0[0.9999]  1[0.0001]  0
0[0.0076]  1[0.9924]  1
0[0.9999]  1[0.0001]  0
0[0.9995]  1[0.0005]  0
0[0.9918]  1[0.0082]  0
0[1.0000]  1[0.0000]  0
0[0.9663]  1[0.0337]  0
0[1.0000]  1[0.0000]  0
0[1.0000]  1[0.0000]  0
0[0.9795]  1[0.0205]  0
0[0.9996]  1[0.0004]  0
0[0.9855]  1[0.0145]  0
0[0.9999]  1[0.0001]  0
0[0.9998]  1[0.0002]  0
0[1.0000]  1[0.0000]  0
0[0.9855]  1[0.0145]  0
0[0.9996]  1[0.0004]  0
0[1.0000]  1[0.0000]  0
0[0.9998]  1[0.0002]  0
0[0.9869]  1[0.0131]  0
0[0.9995]  1[0.0005]  0
0[1.0000]  1[0.0000]  0
0[1.0000]  1[0.0000]  0
0[0.9855]  1[0.0145]  0
0[1.0000]  1[0.0000]  0
0[0.9998]  1[0.0002]  0
0[0.9995]  1[0.0005]  0
0[1.0000]  1[0.0000]  0
0[0.9980]  1[0.0020]  0
0[0.9992]  1[0.0008]  0
0[0.9994]  1[0.0006]  0
0[0.9839]  1[0.0161]  0
0[1.0000]  1[0.0000]  0
0[0.9999]  1[0.0001]  0
0[1.0000]  1[0.0000]  0
0[1.0000]  1[0.0000]  0
0[1.0000]  1[0.0000]  0
0[1.0000]  1[0.0000]  0
0[0.9950]  1[0.0050]  0
0[0.9977]  1[0.0023]  0
0[0.0744]  1[0.9256]  1
0[1.0000]  1[0.0000]  0
0[0.9995]  1[0.0005]  0
0[1.0000]  1[0.0000]  0
0[1.0000]  1[0.0000]  0
0[1.0000]  1[0.0000]  0
0[0.6676]  1[0.3324]  0
0[0.9998]  1[0.0002]  0
0[0.9993]  1[0.0007]  0
0[0.9871]  1[0.0129]  0
0[0.9998]  1[0.0002]  0
0[0.9998]  1[0.0002]  0
0[0.9998]  1[0.0002]  0
0[0.9998]  1[0.0002]  0
0[0.9999]  1[0.0001]  0
0[0.9994]  1[0.0006]  0
0[1.0000]  1[0.0000]  0
0[0.9999]  1[0.0001]  0
0[0.9963]  1[0.0037]  0
0[0.9999]  1[0.0001]  0
0[1.0000]  1[0.0000]  0
0[0.9961]  1[0.0039]  0
0[0.9795]  1[0.0205]  0
0[0.9826]  1[0.0174]  0
0[0.9996]  1[0.0004]  0
0[1.0000]  1[0.0000]  0
0[0.9998]  1[0.0002]  0
0[0.9826]  1[0.0174]  0
0[0.9999]  1[0.0001]  0
0[1.0000]  1[0.0000]  0
0[0.9998]  1[0.0002]  0
