0[0.9995]  1[0.0005]  0
0[1.0000]  1[0.0000]  0
0[0.9976]  1[0.0024]  0
0[0.0122]  1[0.9878]  1
0[0.0064]  1[0.9936]  1
0[0.9947]  1[0.0053]  0
0[1.0000]  1[0.0000]  0
0[0.9999]  1[0.0001]  0
0[0.0211]  1[0.9789]  1
0[0.0355]  1[0.9645]  1
0[0.9966]  1[0.0034]  0
0[0.9921]  1[0.0079]  0
0[0.9999]  1[0.0001]  0
0[0.0360]  1[0.9640]  1
0[0.9993]  1[0.0007]  0
0[0.0505]  1[0.9495]  1
0[0.0027]  1[0.9973]  1
0[0.9999]  1[0.0001]  0
0[1.0000]  1[0.0000]  0
0[0.9986]  1[0.0014]  0
0[0.0686]  1[0.9314]  1
0[1.0000]  1[0.0000]  0
0[1.0000]  1[0.0000]  0
0[0.9989]  1[0.0011]  0
0[0.9843]  1[0.0157]  0
0[0.2626]  1[0.7374]  1
0[1.0000]  1[0.0000]  0
0[0.0407]  1[0.9593]  1
0[0.0327]  1[0.9673]  1
0[0.0066]  1[0.9934]  1
0[0.9995]  1[0.0005]  0
0[0.0970]  1[0.9030]  1
0[0.0007]  1[0.9993]  1
0[0.0134]  1[0.9866]  1
0[1.0000]  1[0.0000]  0
0[0.9999]  1[0.0001]  0
0[0.9999]  1[0.0001]  0
0[1.0000]  1[0.0000]  0
0[0.9998]  1[0.0002]  0
0[0.9936]  1[0.0064]  0
0[0.9921]  1[0.0079]  0
0[0.0025]  1[0.9975]  1
0[0.9788]  1[0.0212]  0
0[0.9070]  1[0.0930]  0
0[0.9992]  1[0.0008]  0
0[0.0338]  1[0.9662]  1
0[0.9995]  1[0.0005]  0
0[0.1415]  1[0.8585]  1
0[0.9974]  1[0.0026]  0
0[0.1310]  1[0.8690]  1
0[0.9976]  1[0.0024]  0
0[1.0000]  1[0.0000]  0
0[0.9999]  1[0.0001]  0
0[0.9977]  1[0.0023]  0
0[0.0040]  1[0.9960]  1
0[0.9999]  1[0.0001]  0
0[0.9914]  1[0.0086]  0
0[0.8631]  1[0.1369]  0
0[0.9989]  1[0.0011]  0
0[0.6307]  1[0.3693]  0
0[0.9988]  1[0.0012]  0
0[0.9996]  1[0.0004]  0
0[0.9996]  1[0.0004]  0
0[0.9989]  1[0.0011]  0
0[0.0057]  1[0.9943]  1
0[0.9924]  1[0.0076]  0
0[0.0360]  1[0.9640]  1
0[0.9999]  1[0.0001]  0
0[0.0189]  1[0.9811]  1
0[0.9999]  1[0.0001]  0
0[0.9989]  1[0.0011]  0
0[0.9962]  1[0.0038]  0
0[0.0204]  1[0.9796]  1
0[0.0157]  1[0.9843]  1
0[0.9990]  1[0.0010]  0
0[0.9977]  1[0.0023]  0
0[0.0161]  1[0.9839]  1
0[0.9997]  1[0.0003]  0
0[0.9996]  1[0.0004]  0
0[0.9998]  1[0.0002]  0
0[0.9992]  1[0.0008]  0
0[0.9854]  1[0.0146]  0
0[0.0764]  1[0.9236]  1
0[0.0567]  1[0.9433]  1
0[0.9996]  1[0.0004]  0
0[0.9920]  1[0.0080]  0
0[1.0000]  1[0.0000]  0
0[0.9952]  1[0.0048]  0
0[0.0568]  1[0.9432]  1
0[0.9985]  1[0.0015]  0
0[0.9918]  1[0.0082]  0
0[0.0060]  1[0.9940]  1
0[1.0000]  1[0.0000]  0
0[0.9998]  1[0.0002]  0
0[0.9989]  1[0.0011]  0
0[0.1361]  1[0.8639]  1
0[0.0040]  1[0.9960]  1
0[0.9984]  1[0.0016]  0
0[0.8755]  1[0.1245]  0
0[0.9988]  1[0.0012]  0
0[0.9999]  1[0.0001]  0
0[0.9999]  1[0.0001]  0
0[0.9995]  1[0.0005]  0
0[0.9995]  1[0.0005]  0
0[0.5406]  1[0.4594]  0
0[1.0000]  1[0.0000]  0
0[0.0678]  1[0.9322]  1
0[0.0842]  1[0.9158]  1
0[0.0059]  1[0.9941]  1
0[0.9999]  1[0.0001]  0
0[0.9988]  1[0.0012]  0
0[0.9940]  1[0.0060]  0
0[0.0188]  1[0.9812]  1
0[0.0269]  1[0.9731]  1
0[0.9990]  1[0.0010]  0
0[0.9641]  1[0.0359]  0
0[1.0000]  1[0.0000]  0
0[0.9970]  1[0.0030]  0
0[0.9999]  1[0.0001]  0
0[0.0221]  1[0.9779]  1
0[0.0139]  1[0.9861]  1
0[0.2785]  1[0.7215]  1
0[0.0113]  1[0.9887]  1
0[0.0770]  1[0.9230]  1
0[1.0000]  1[0.0000]  0
0[0.0225]  1[0.9775]  1
0[0.9990]  1[0.0010]  0
0[0.0073]  1[0.9927]  1
0[0.9651]  1[0.0349]  0
0[0.1079]  1[0.8921]  1
0[0.0027]  1[0.9973]  1
0[0.9981]  1[0.0019]  0
0[0.0169]  1[0.9831]  1
0[0.0325]  1[0.9675]  1
0[0.6950]  1[0.3050]  0
0[0.9471]  1[0.0529]  0
0[0.0583]  1[0.9417]  1
0[0.9995]  1[0.0005]  0
0[0.9935]  1[0.0065]  0
0[0.0427]  1[0.9573]  1
0[0.4080]  1[0.5920]  1
0[1.0000]  1[0.0000]  0
0[0.9967]  1[0.0033]  0
0[0.0479]  1[0.9521]  1
0[0.9985]  1[0.0015]  0
0[0.9955]  1[0.0045]  0
0[0.0340]  1[0.9660]  1
0[0.9994]  1[0.0006]  0
0[0.9985]  1[0.0015]  0
0[0.9995]  1[0.0005]  0
0[0.9999]  1[0.0001]  0
0[0.0161]  1[0.9839]  1
0[0.0018]  1[0.9982]  1
0[0.9999]  1[0.0001]  0
0[0.9999]  1[0.0001]  0
0[0.9999]  1[0.0001]  0
0[0.9999]  1[0.0001]  0
0[0.9999]  1[0.0001]  0
0[0.9892]  1[0.0108]  0
0[0.9995]  1[0.0005]  0
0[0.9967]  1[0.0033]  0
0[0.9998]  1[0.0002]  0
0[0.9995]  1[0.0005]  0
0[0.9984]  1[0.0016]  0
0[0.9999]  1[0.0001]  0
0[0.9999]  1[0.0001]  0
0[0.9976]  1[0.0024]  0
0[0.9996]  1[0.0004]  0
0[0.9998]  1[0.0002]  0
0[0.9980]  1[0.0020]  0
0[0.9995]  1[0.0005]  0
0[0.0030]  1[0.9970]  1
0[0.9919]  1[0.0081]  0
0[1.0000]  1[0.0000]  0
0[1.0000]  1[0.0000]  0
0[0.1277]  1[0.8723]  1
0[0.0686]  1[0.9314]  1
