0[0.9999]  1[0.0001]  0
0[1.0000]  1[0.0000]  0
0[1.0000]  1[0.0000]  0
0[0.1681]  1[0.8319]  1
0[1.0000]  1[0.0000]  0
0[0.9996]  1[0.0004]  0
0[1.0000]  1[0.0000]  0
0[0.9995]  1[0.0005]  0
0[0.0086]  1[0.9914]  1
0[0.9698]  1[0.0302]  0
0[0.6993]  1[0.3007]  0
0[0.9976]  1[0.0024]  0
0[0.9996]  1[0.0004]  0
0[0.0093]  1[0.9907]  1
0[0.9991]  1[0.0009]  0
0[1.0000]  1[0.0000]  0
0[0.9995]  1[0.0005]  0
0[0.9675]  1[0.0325]  0
0[0.9992]  1[0.0008]  0
0[0.9166]  1[0.0834]  0
0[0.0531]  1[0.9469]  1
0[0.0078]  1[0.9922]  1
0[0.9791]  1[0.0209]  0
0[0.9995]  1[0.0005]  0
0[1.0000]  1[0.0000]  0
0[0.9999]  1[0.0001]  0
0[0.9999]  1[0.0001]  0
0[0.9982]  1[0.0018]  0
0[0.9999]  1[0.0001]  0
0[0.9988]  1[0.0012]  0
0[0.9989]  1[0.0011]  0
0[0.9997]  1[0.0003]  0
0[0.0050]  1[0.9950]  1
0[1.0000]  1[0.0000]  0
0[0.9965]  1[0.0035]  0
0[0.9864]  1[0.0136]  0
0[0.9859]  1[0.0141]  0
0[1.0000]  1[0.0000]  0
0[0.0185]  1[0.9815]  1
0[0.0019]  1[0.9981]  1
0[0.9999]  1[0.0001]  0
0[0.8563]  1[0.1437]  0
0[0.9999]  1[0.0001]  0
0[0.9989]  1[0.0011]  0
0[0.9999]  1[0.0001]  0
0[1.0000]  1[0.0000]  0
0[0.9996]  1[0.0004]  0
0[1.0000]  1[0.0000]  0
0[1.0000]  1[0.0000]  0
0[0.0010]  1[0.9990]  1
0[0.9999]  1[0.0001]  0
0[0.9979]  1[0.0021]  0
0[0.9999]  1[0.0001]  0
0[0.0172]  1[0.9828]  1
0[0.9890]  1[0.0110]  0
0[0.0202]  1[0.9798]  1
0[0.9995]  1[0.0005]  0
0[0.4297]  1[0.5703]  1
0[0.6258]  1[0.3742]  0
0[0.9999]  1[0.0001]  0
0[1.0000]  1[0.0000]  0
0[0.0019]  1[0.9981]  1
0[0.0133]  1[0.9867]  1
0[0.0078]  1[0.9922]  1
0[0.9999]  1[0.0001]  0
0[0.6863]  1[0.3137]  0
0[0.9983]  1[0.0017]  0
0[0.9999]  1[0.0001]  0
0[0.9999]  1[0.0001]  0
0[1.0000]  1[0.0000]  0
0[0.9999]  1[0.0001]  0
0[0.9999]  1[0.0001]  0
0[0.0161]  1[0.9839]  1
0[0.9891]  1[0.0109]  0
0[0.0106]  1[0.9894]  1
0[0.9997]  1[0.0003]  0
0[1.0000]  1[0.0000]  0
0[0.0694]  1[0.9306]  1
0[0.9999]  1[0.0001]  0
0[0.9931]  1[0.0069]  0
0[0.9987]  1[0.0013]  0
0[0.9953]  1[0.0047]  0
0[0.9997]  1[0.0003]  0
0[0.9999]  1[0.0001]  0
