0[0.9995]  1[0.0005]  0
0[1.0000]  1[0.0000]  0
0[0.9996]  1[0.0004]  0
0[0.9974]  1[0.0026]  0
0[0.9999]  1[0.0001]  0
0[1.0000]  1[0.0000]  0
0[0.9961]  1[0.0039]  0
0[1.0000]  1[0.0000]  0
0[0.9988]  1[0.0012]  0
0[0.9956]  1[0.0044]  0
0[0.9109]  1[0.0891]  0
0[1.0000]  1[0.0000]  0
0[0.0115]  1[0.9885]  1
0[1.0000]  1[0.0000]  0
0[0.9999]  1[0.0001]  0
0[0.9996]  1[0.0004]  0
0[0.9995]  1[0.0005]  0
0[0.9999]  1[0.0001]  0
0[0.9973]  1[0.0027]  0
0[0.0237]  1[0.9763]  1
0[0.9997]  1[0.0003]  0
0[0.9995]  1[0.0005]  0
0[0.9986]  1[0.0014]  0
0[1.0000]  1[0.0000]  0
0[0.9999]  1[0.0001]  0
0[0.0108]  1[0.9892]  1
0[0.9995]  1[0.0005]  0
0[0.9096]  1[0.0904]  0
0[0.0115]  1[0.9885]  1
0[1.0000]  1[0.0000]  0
0[0.9999]  1[0.0001]  0
0[0.9999]  1[0.0001]  0
0[0.9999]  1[0.0001]  0
0[0.9999]  1[0.0001]  0
0[0.9993]  1[0.0007]  0
0[0.9995]  1[0.0005]  0
0[0.1079]  1[0.8921]  1
0[0.9969]  1[0.0031]  0
0[0.9948]  1[0.0052]  0
0[0.9996]  1[0.0004]  0
0[0.9585]  1[0.0415]  0
0[0.0156]  1[0.9844]  1
0[0.9975]  1[0.0025]  0
0[0.9974]  1[0.0026]  0
0[0.9992]  1[0.0008]  0
0[0.9951]  1[0.0049]  0
0[0.0298]  1[0.9702]  1
0[0.0086]  1[0.9914]  1
0[0.9999]  1[0.0001]  0
0[0.9996]  1[0.0004]  0
0[0.0026]  1[0.9974]  1
0[0.9984]  1[0.0016]  0
0[0.7953]  1[0.2047]  0
0[1.0000]  1[0.0000]  0
0[0.3112]  1[0.6888]  1
0[0.0561]  1[0.9439]  1
0[0.0248]  1[0.9752]  1
0[1.0000]  1[0.0000]  0
0[0.0065]  1[0.9935]  1
0[0.9960]  1[0.0040]  0
0[0.0161]  1[0.9839]  1
0[0.0248]  1[0.9752]  1
0[0.0060]  1[0.9940]  1
0[0.9998]  1[0.0002]  0
0[0.0078]  1[0.9922]  1
0[0.0416]  1[0.9584]  1
0[0.0246]  1[0.9754]  1
0[0.9975]  1[0.0025]  0
0[1.0000]  1[0.0000]  0
0[0.9116]  1[0.0884]  0
0[0.0161]  1[0.9839]  1
0[0.9999]  1[0.0001]  0
0[0.0161]  1[0.9839]  1
0[0.0078]  1[0.9922]  1
0[0.9978]  1[0.0022]  0
0[0.0017]  1[0.9983]  1
0[0.9995]  1[0.0005]  0
0[0.8631]  1[0.1369]  0
0[0.9999]  1[0.0001]  0
0[0.3112]  1[0.6888]  1
0[0.1025]  1[0.8975]  1
0[0.4239]  1[0.5761]  1
0[0.0072]  1[0.9928]  1
0[1.0000]  1[0.0000]  0
0[0.8793]  1[0.1207]  0
0[0.0416]  1[0.9584]  1
0[0.9960]  1[0.0040]  0
0[0.9996]  1[0.0004]  0
0[0.9999]  1[0.0001]  0
0[0.5291]  1[0.4709]  0
0[0.9999]  1[0.0001]  0
0[0.9995]  1[0.0005]  0
0[1.0000]  1[0.0000]  0
0[0.0072]  1[0.9928]  1
0[0.9999]  1[0.0001]  0
0[0.9979]  1[0.0021]  0
0[0.0050]  1[0.9950]  1
0[0.9984]  1[0.0016]  0
0[0.0543]  1[0.9457]  1
0[0.5291]  1[0.4709]  0
0[0.0183]  1[0.9817]  1
0[0.9986]  1[0.0014]  0
0[0.9963]  1[0.0037]  0
0[0.7554]  1[0.2446]  0
0[1.0000]  1[0.0000]  0
0[0.0308]  1[0.9692]  1
0[0.0384]  1[0.9616]  1
0[1.0000]  1[0.0000]  0
0[0.9999]  1[0.0001]  0
0[0.9999]  1[0.0001]  0
0[1.0000]  1[0.0000]  0
0[0.9967]  1[0.0033]  0
0[0.9813]  1[0.0187]  0
0[0.0308]  1[0.9692]  1
0[0.0410]  1[0.9590]  1
0[0.0898]  1[0.9102]  1
0[0.1234]  1[0.8766]  1
0[0.9999]  1[0.0001]  0
0[0.9999]  1[0.0001]  0
0[0.0033]  1[0.9967]  1
0[1.0000]  1[0.0000]  0
0[0.9996]  1[0.0004]  0
0[0.9999]  1[0.0001]  0
0[0.9999]  1[0.0001]  0
0[0.1380]  1[0.8620]  1
0[0.0024]  1[0.9976]  1
0[0.0691]  1[0.9309]  1
0[0.0117]  1[0.9883]  1
0[0.9941]  1[0.0059]  0
0[0.9985]  1[0.0015]  0
0[0.9999]  1[0.0001]  0
0[0.9970]  1[0.0030]  0
0[1.0000]  1[0.0000]  0
0[0.0409]  1[0.9591]  1
0[0.6448]  1[0.3552]  0
0[0.9989]  1[0.0011]  0
0[0.1079]  1[0.8921]  1
0[1.0000]  1[0.0000]  0
0[0.9906]  1[0.0094]  0
0[0.0122]  1[0.9878]  1
0[1.0000]  1[0.0000]  0
0[0.0019]  1[0.9981]  1
0[0.0119]  1[0.9881]  1
0[0.0011]  1[0.9989]  1
0[0.9999]  1[0.0001]  0
0[0.9975]  1[0.0025]  0
0[0.0025]  1[0.9975]  1
0[1.0000]  1[0.0000]  0
0[0.8463]  1[0.1537]  0
0[1.0000]  1[0.0000]  0
0[0.9995]  1[0.0005]  0
0[1.0000]  1[0.0000]  0
0[0.9940]  1[0.0060]  0
0[0.9996]  1[0.0004]  0
0[0.9995]  1[0.0005]  0
0[0.0126]  1[0.9874]  1
0[0.9995]  1[0.0005]  0
0[1.0000]  1[0.0000]  0
0[0.8367]  1[0.1633]  0
0[1.0000]  1[0.0000]  0
0[0.9996]  1[0.0004]  0
0[0.9999]  1[0.0001]  0
0[0.9999]  1[0.0001]  0
0[1.0000]  1[0.0000]  0
0[0.9999]  1[0.0001]  0
0[0.9907]  1[0.0093]  0
0[0.1540]  1[0.8460]  1
0[0.9999]  1[0.0001]  0
0[1.0000]  1[0.0000]  0
0[1.0000]  1[0.0000]  0
0[0.9999]  1[0.0001]  0
0[0.6442]  1[0.3558]  0
0[0.9996]  1[0.0004]  0
0[0.9736]  1[0.0264]  0
0[1.0000]  1[0.0000]  0
0[0.9999]  1[0.0001]  0
0[0.6863]  1[0.3137]  0
0[0.9989]  1[0.0011]  0
0[0.9981]  1[0.0019]  0
0[0.9519]  1[0.0481]  0
0[0.0124]  1[0.9876]  1
0[0.9999]  1[0.0001]  0
0[0.9981]  1[0.0019]  0
0[0.9998]  1[0.0002]  0
0[0.9992]  1[0.0008]  0
0[0.9986]  1[0.0014]  0
0[0.9987]  1[0.0013]  0
0[0.9736]  1[0.0264]  0
0[1.0000]  1[0.0000]  0
0[0.9971]  1[0.0029]  0
0[0.9993]  1[0.0007]  0
0[0.9436]  1[0.0564]  0
0[1.0000]  1[0.0000]  0
0[0.9709]  1[0.0291]  0
0[0.9995]  1[0.0005]  0
0[0.4093]  1[0.5907]  1
0[0.8363]  1[0.1637]  0
0[0.9999]  1[0.0001]  0
0[0.9989]  1[0.0011]  0
0[0.9991]  1[0.0009]  0
0[1.0000]  1[0.0000]  0
0[0.9999]  1[0.0001]  0
0[0.9999]  1[0.0001]  0
0[0.0118]  1[0.9882]  1
0[1.0000]  1[0.0000]  0
0[1.0000]  1[0.0000]  0
0[0.9989]  1[0.0011]  0
0[0.9996]  1[0.0004]  0
0[0.9991]  1[0.0009]  0
0[0.9999]  1[0.0001]  0
0[0.9999]  1[0.0001]  0
0[0.9991]  1[0.0009]  0
0[0.8576]  1[0.1424]  0
0[0.9667]  1[0.0333]  0
0[0.9976]  1[0.0024]  0
0[1.0000]  1[0.0000]  0
0[0.0204]  1[0.9796]  1
0[0.2502]  1[0.7498]  1
0[0.9998]  1[0.0002]  0
0[0.7987]  1[0.2013]  0
0[0.9999]  1[0.0001]  0
0[0.9999]  1[0.0001]  0
0[0.9999]  1[0.0001]  0
0[0.9985]  1[0.0015]  0
0[0.9999]  1[0.0001]  0
0[1.0000]  1[0.0000]  0
0[1.0000]  1[0.0000]  0
0[0.9999]  1[0.0001]  0
0[0.9999]  1[0.0001]  0
0[0.9980]  1[0.0020]  0
0[0.9999]  1[0.0001]  0
0[1.0000]  1[0.0000]  0
0[0.4054]  1[0.5946]  1
0[0.9975]  1[0.0025]  0
0[1.0000]  1[0.0000]  0
0[1.0000]  1[0.0000]  0
0[0.9998]  1[0.0002]  0
0[0.9975]  1[0.0025]  0
0[1.0000]  1[0.0000]  0
0[0.0650]  1[0.9350]  1
0[1.0000]  1[0.0000]  0
0[0.9999]  1[0.0001]  0
0[0.9967]  1[0.0033]  0
0[0.9983]  1[0.0017]  0
0[0.9943]  1[0.0057]  0
0[0.9982]  1[0.0018]  0
0[0.9957]  1[0.0043]  0
0[1.0000]  1[0.0000]  0
0[0.9989]  1[0.0011]  0
0[0.9871]  1[0.0129]  0
0[0.0025]  1[0.9975]  1
0[0.9999]  1[0.0001]  0
0[1.0000]  1[0.0000]  0
0[1.0000]  1[0.0000]  0
0[0.9967]  1[0.0033]  0
0[1.0000]  1[0.0000]  0
0[0.9957]  1[0.0043]  0
0[0.9996]  1[0.0004]  0
0[0.9999]  1[0.0001]  0
0[0.9953]  1[0.0047]  0
0[0.9968]  1[0.0032]  0
0[0.9959]  1[0.0041]  0
0[0.9997]  1[0.0003]  0
0[0.9996]  1[0.0004]  0
0[0.9999]  1[0.0001]  0
0[0.5486]  1[0.4514]  0
0[0.9957]  1[0.0043]  0
0[1.0000]  1[0.0000]  0
0[0.9999]  1[0.0001]  0
0[0.9998]  1[0.0002]  0
0[0.9999]  1[0.0001]  0
0[0.9963]  1[0.0037]  0
0[0.9779]  1[0.0221]  0
0[1.0000]  1[0.0000]  0
0[0.9999]  1[0.0001]  0
0[1.0000]  1[0.0000]  0
0[0.9947]  1[0.0053]  0
0[0.9985]  1[0.0015]  0
0[0.9996]  1[0.0004]  0
0[1.0000]  1[0.0000]  0
0[0.9992]  1[0.0008]  0
0[0.9947]  1[0.0053]  0
0[0.0515]  1[0.9485]  1
0[0.9994]  1[0.0006]  0
0[0.9998]  1[0.0002]  0
0[0.9997]  1[0.0003]  0
0[1.0000]  1[0.0000]  0
0[0.9939]  1[0.0061]  0
0[0.9947]  1[0.0053]  0
0[0.9769]  1[0.0231]  0
0[0.9963]  1[0.0037]  0
0[0.9996]  1[0.0004]  0
0[1.0000]  1[0.0000]  0
0[0.2529]  1[0.7471]  1
0[0.9999]  1[0.0001]  0
0[1.0000]  1[0.0000]  0
0[0.9957]  1[0.0043]  0
0[1.0000]  1[0.0000]  0
0[1.0000]  1[0.0000]  0
