0[0.9999]  1[0.0001]  0
0[1.0000]  1[0.0000]  0
0[0.9984]  1[0.0016]  0
0[1.0000]  1[0.0000]  0
0[0.9995]  1[0.0005]  0
0[0.9973]  1[0.0027]  0
0[1.0000]  1[0.0000]  0
0[0.9955]  1[0.0045]  0
0[0.9990]  1[0.0010]  0
0[0.4317]  1[0.5683]  1
0[0.9999]  1[0.0001]  0
0[0.0698]  1[0.9302]  1
0[0.9999]  1[0.0001]  0
0[1.0000]  1[0.0000]  0
0[0.0012]  1[0.9988]  1
0[0.0578]  1[0.9422]  1
0[0.9999]  1[0.0001]  0
0[0.9999]  1[0.0001]  0
0[1.0000]  1[0.0000]  0
0[0.9991]  1[0.0009]  0
0[0.9999]  1[0.0001]  0
0[0.9893]  1[0.0107]  0
0[0.9971]  1[0.0029]  0
0[0.9986]  1[0.0014]  0
0[0.9956]  1[0.0044]  0
0[0.0545]  1[0.9455]  1
0[0.9995]  1[0.0005]  0
0[0.0246]  1[0.9754]  1
0[0.0327]  1[0.9673]  1
0[0.0161]  1[0.9839]  1
0[0.9999]  1[0.0001]  0
0[0.9498]  1[0.0502]  0
0[0.0547]  1[0.9453]  1
0[0.9673]  1[0.0327]  0
0[0.9928]  1[0.0072]  0
0[0.9999]  1[0.0001]  0
0[0.9968]  1[0.0032]  0
0[0.9984]  1[0.0016]  0
0[1.0000]  1[0.0000]  0
0[0.9998]  1[0.0002]  0
0[0.9984]  1[0.0016]  0
0[0.9985]  1[0.0015]  0
0[0.0327]  1[0.9673]  1
0[0.0284]  1[0.9716]  1
0[0.9996]  1[0.0004]  0
0[0.9996]  1[0.0004]  0
0[0.9983]  1[0.0017]  0
0[0.9994]  1[0.0006]  0
0[0.9999]  1[0.0001]  0
0[0.0480]  1[0.9520]  1
0[1.0000]  1[0.0000]  0
0[0.9997]  1[0.0003]  0
0[0.0078]  1[0.9922]  1
0[0.0012]  1[0.9988]  1
0[0.9999]  1[0.0001]  0
0[0.0955]  1[0.9045]  1
0[1.0000]  1[0.0000]  0
0[0.9999]  1[0.0001]  0
0[0.9998]  1[0.0002]  0
0[1.0000]  1[0.0000]  0
0[1.0000]  1[0.0000]  0
0[0.0264]  1[0.9736]  1
0[1.0000]  1[0.0000]  0
0[0.9999]  1[0.0001]  0
0[0.0161]  1[0.9839]  1
0[0.9983]  1[0.0017]  0
0[0.9955]  1[0.0045]  0
0[0.9870]  1[0.0130]  0
0[0.9885]  1[0.0115]  0
0[0.9905]  1[0.0095]  0
0[0.0512]  1[0.9488]  1
0[1.0000]  1[0.0000]  0
0[1.0000]  1[0.0000]  0
0[0.0050]  1[0.9950]  1
0[0.9999]  1[0.0001]  0
0[0.0078]  1[0.9922]  1
0[0.9973]  1[0.0027]  0
0[0.9967]  1[0.0033]  0
0[1.0000]  1[0.0000]  0
0[0.9994]  1[0.0006]  0
0[0.9999]  1[0.0001]  0
0[0.9977]  1[0.0023]  0
0[0.9946]  1[0.0054]  0
0[0.9868]  1[0.0132]  0
0[1.0000]  1[0.0000]  0
0[0.9995]  1[0.0005]  0
0[0.9992]  1[0.0008]  0
0[0.9970]  1[0.0030]  0
0[0.9612]  1[0.0388]  0
0[0.9995]  1[0.0005]  0
0[0.0966]  1[0.9034]  1
0[0.9973]  1[0.0027]  0
0[0.9961]  1[0.0039]  0
0[0.9999]  1[0.0001]  0
0[0.9999]  1[0.0001]  0
0[1.0000]  1[0.0000]  0
0[0.9967]  1[0.0033]  0
0[1.0000]  1[0.0000]  0
0[1.0000]  1[0.0000]  0
0[0.9999]  1[0.0001]  0
0[0.3663]  1[0.6337]  1
0[1.0000]  1[0.0000]  0
0[1.0000]  1[0.0000]  0
0[0.9999]  1[0.0001]  0
0[0.9991]  1[0.0009]  0
0[0.9999]  1[0.0001]  0
0[1.0000]  1[0.0000]  0
0[1.0000]  1[0.0000]  0
0[0.9991]  1[0.0009]  0
0[1.0000]  1[0.0000]  0
0[1.0000]  1[0.0000]  0
0[1.0000]  1[0.0000]  0
0[1.0000]  1[0.0000]  0
0[0.9736]  1[0.0264]  0
0[0.6968]  1[0.3032]  0
0[1.0000]  1[0.0000]  0
0[1.0000]  1[0.0000]  0
0[0.9747]  1[0.0253]  0
0[1.0000]  1[0.0000]  0
0[0.9955]  1[0.0045]  0
0[1.0000]  1[0.0000]  0
0[1.0000]  1[0.0000]  0
0[1.0000]  1[0.0000]  0
0[1.0000]  1[0.0000]  0
0[0.4289]  1[0.5711]  1
0[1.0000]  1[0.0000]  0
0[0.9999]  1[0.0001]  0
0[1.0000]  1[0.0000]  0
0[0.9999]  1[0.0001]  0
0[1.0000]  1[0.0000]  0
0[0.9979]  1[0.0021]  0
0[1.0000]  1[0.0000]  0
0[1.0000]  1[0.0000]  0
0[0.0135]  1[0.9865]  1
0[0.0092]  1[0.9908]  1
0[0.0433]  1[0.9567]  1
0[1.0000]  1[0.0000]  0
0[0.9999]  1[0.0001]  0
0[0.9991]  1[0.0009]  0
0[0.9999]  1[0.0001]  0
0[0.0033]  1[0.9967]  1
0[0.0028]  1[0.9972]  1
0[1.0000]  1[0.0000]  0
0[0.9985]  1[0.0015]  0
0[0.9947]  1[0.0053]  0
0[0.2098]  1[0.7902]  1
0[0.9963]  1[0.0037]  0
0[0.1079]  1[0.8921]  1
0[1.0000]  1[0.0000]  0
0[0.0543]  1[0.9457]  1
0[1.0000]  1[0.0000]  0
0[0.9999]  1[0.0001]  0
0[0.9999]  1[0.0001]  0
0[0.0956]  1[0.9044]  1
0[0.9999]  1[0.0001]  0
0[0.9999]  1[0.0001]  0
0[0.9999]  1[0.0001]  0
0[0.9971]  1[0.0029]  0
0[1.0000]  1[0.0000]  0
0[0.9996]  1[0.0004]  0
0[0.0004]  1[0.9996]  1
0[1.0000]  1[0.0000]  0
0[0.9996]  1[0.0004]  0
0[0.1983]  1[0.8017]  1
0[0.9995]  1[0.0005]  0
0[0.9999]  1[0.0001]  0
0[0.0246]  1[0.9754]  1
0[0.9998]  1[0.0002]  0
0[0.9997]  1[0.0003]  0
0[0.9997]  1[0.0003]  0
0[0.0019]  1[0.9981]  1
0[0.9999]  1[0.0001]  0
0[0.9999]  1[0.0001]  0
0[0.9998]  1[0.0002]  0
0[0.0161]  1[0.9839]  1
0[0.9498]  1[0.0502]  0
0[0.9947]  1[0.0053]  0
0[0.9998]  1[0.0002]  0
0[0.0543]  1[0.9457]  1
0[0.9998]  1[0.0002]  0
0[0.9998]  1[0.0002]  0
0[0.0050]  1[0.9950]  1
0[0.6015]  1[0.3985]  0
0[0.9951]  1[0.0049]  0
0[0.0543]  1[0.9457]  1
0[0.9998]  1[0.0002]  0
0[0.0161]  1[0.9839]  1
0[0.9999]  1[0.0001]  0
0[0.0325]  1[0.9675]  1
0[0.9999]  1[0.0001]  0
0[1.0000]  1[0.0000]  0
0[0.9999]  1[0.0001]  0
0[1.0000]  1[0.0000]  0
0[0.0327]  1[0.9673]  1
0[0.0092]  1[0.9908]  1
0[0.0246]  1[0.9754]  1
0[0.9992]  1[0.0008]  0
0[0.9978]  1[0.0022]  0
0[0.9999]  1[0.0001]  0
0[0.0395]  1[0.9605]  1
0[0.0106]  1[0.9894]  1
0[1.0000]  1[0.0000]  0
0[0.9999]  1[0.0001]  0
0[0.9999]  1[0.0001]  0
0[1.0000]  1[0.0000]  0
0[0.0543]  1[0.9457]  1
0[0.0050]  1[0.9950]  1
0[0.9999]  1[0.0001]  0
0[0.9992]  1[0.0008]  0
0[0.9978]  1[0.0022]  0
0[0.9984]  1[0.0016]  0
0[0.9999]  1[0.0001]  0
0[0.9984]  1[0.0016]  0
0[0.0028]  1[0.9972]  1
0[0.9999]  1[0.0001]  0
0[0.9985]  1[0.0015]  0
0[1.0000]  1[0.0000]  0
0[0.0086]  1[0.9914]  1
0[0.9999]  1[0.0001]  0
0[0.9999]  1[0.0001]  0
0[1.0000]  1[0.0000]  0
0[0.0019]  1[0.9981]  1
0[1.0000]  1[0.0000]  0
0[0.9930]  1[0.0070]  0
0[0.0564]  1[0.9436]  1
0[0.9998]  1[0.0002]  0
0[0.9994]  1[0.0006]  0
0[0.0040]  1[0.9960]  1
0[0.9979]  1[0.0021]  0
0[0.0745]  1[0.9255]  1
0[0.9999]  1[0.0001]  0
0[0.9994]  1[0.0006]  0
0[0.1079]  1[0.8921]  1
0[0.9999]  1[0.0001]  0
0[0.0243]  1[0.9757]  1
0[1.0000]  1[0.0000]  0
0[1.0000]  1[0.0000]  0
0[0.9996]  1[0.0004]  0
0[1.0000]  1[0.0000]  0
0[0.0027]  1[0.9973]  1
0[1.0000]  1[0.0000]  0
0[0.0030]  1[0.9970]  1
0[1.0000]  1[0.0000]  0
0[0.0327]  1[0.9673]  1
0[0.0246]  1[0.9754]  1
0[0.1079]  1[0.8921]  1
0[1.0000]  1[0.0000]  0
0[0.3147]  1[0.6853]  1
0[0.9960]  1[0.0040]  0
0[0.9995]  1[0.0005]  0
0[0.0161]  1[0.9839]  1
0[0.0638]  1[0.9362]  1
0[0.0464]  1[0.9536]  1
0[0.9996]  1[0.0004]  0
0[0.9823]  1[0.0177]  0
0[0.9815]  1[0.0185]  0
0[0.0327]  1[0.9673]  1
0[0.9999]  1[0.0001]  0
0[0.9999]  1[0.0001]  0
0[0.5805]  1[0.4195]  0
0[0.0072]  1[0.9928]  1
0[0.9995]  1[0.0005]  0
0[0.9986]  1[0.0014]  0
0[1.0000]  1[0.0000]  0
0[0.0103]  1[0.9897]  1
0[0.0161]  1[0.9839]  1
0[0.0027]  1[0.9973]  1
0[0.9999]  1[0.0001]  0
0[0.0183]  1[0.9817]  1
0[0.0561]  1[0.9439]  1
0[0.1079]  1[0.8921]  1
0[0.9999]  1[0.0001]  0
0[0.9985]  1[0.0015]  0
0[1.0000]  1[0.0000]  0
0[0.0106]  1[0.9894]  1
0[0.9999]  1[0.0001]  0
0[0.9999]  1[0.0001]  0
0[0.9994]  1[0.0006]  0
0[1.0000]  1[0.0000]  0
0[0.0543]  1[0.9457]  1
0[0.1235]  1[0.8765]  1
0[0.9985]  1[0.0015]  0
0[0.9986]  1[0.0014]  0
0[1.0000]  1[0.0000]  0
0[0.0216]  1[0.9784]  1
0[0.9993]  1[0.0007]  0
0[0.0019]  1[0.9981]  1
0[0.9995]  1[0.0005]  0
0[0.9992]  1[0.0008]  0
0[0.0161]  1[0.9839]  1
0[0.0748]  1[0.9252]  1
0[0.0205]  1[0.9795]  1
0[0.0543]  1[0.9457]  1
0[1.0000]  1[0.0000]  0
0[0.0327]  1[0.9673]  1
0[0.9977]  1[0.0023]  0
0[0.0246]  1[0.9754]  1
0[0.9999]  1[0.0001]  0
0[0.9992]  1[0.0008]  0
0[0.9957]  1[0.0043]  0
0[0.9999]  1[0.0001]  0
0[0.9986]  1[0.0014]  0
0[0.9935]  1[0.0065]  0
0[0.9991]  1[0.0009]  0
0[1.0000]  1[0.0000]  0
0[0.9999]  1[0.0001]  0
0[0.9999]  1[0.0001]  0
0[1.0000]  1[0.0000]  0
0[0.9998]  1[0.0002]  0
0[0.9974]  1[0.0026]  0
0[0.9981]  1[0.0019]  0
0[0.9930]  1[0.0070]  0
0[0.9999]  1[0.0001]  0
0[1.0000]  1[0.0000]  0
0[1.0000]  1[0.0000]  0
0[0.9999]  1[0.0001]  0
0[0.9982]  1[0.0018]  0
0[0.9994]  1[0.0006]  0
0[0.9999]  1[0.0001]  0
0[0.9998]  1[0.0002]  0
0[0.9981]  1[0.0019]  0
0[0.0217]  1[0.9783]  1
0[0.9999]  1[0.0001]  0
0[0.0103]  1[0.9897]  1
0[0.9957]  1[0.0043]  0
0[0.9996]  1[0.0004]  0
0[1.0000]  1[0.0000]  0
0[0.9996]  1[0.0004]  0
0[0.9999]  1[0.0001]  0
0[0.9988]  1[0.0012]  0
0[0.9991]  1[0.0009]  0
0[0.9959]  1[0.0041]  0
0[1.0000]  1[0.0000]  0
0[0.9999]  1[0.0001]  0
0[0.9904]  1[0.0096]  0
0[0.9995]  1[0.0005]  0
0[0.9986]  1[0.0014]  0
0[0.9982]  1[0.0018]  0
0[0.9961]  1[0.0039]  0
0[1.0000]  1[0.0000]  0
0[0.9985]  1[0.0015]  0
0[1.0000]  1[0.0000]  0
0[0.9999]  1[0.0001]  0
0[0.9960]  1[0.0040]  0
0[1.0000]  1[0.0000]  0
0[0.9967]  1[0.0033]  0
0[0.9999]  1[0.0001]  0
0[0.9999]  1[0.0001]  0
0[0.9999]  1[0.0001]  0
0[0.0658]  1[0.9342]  1
0[0.9985]  1[0.0015]  0
0[0.9959]  1[0.0041]  0
0[0.0079]  1[0.9921]  1
0[1.0000]  1[0.0000]  0
0[0.9999]  1[0.0001]  0
0[0.9999]  1[0.0001]  0
0[1.0000]  1[0.0000]  0
0[0.9998]  1[0.0002]  0
0[0.0658]  1[0.9342]  1
0[0.9985]  1[0.0015]  0
0[0.9959]  1[0.0041]  0
0[0.9998]  1[0.0002]  0
0[1.0000]  1[0.0000]  0
0[1.0000]  1[0.0000]  0
0[0.0564]  1[0.9436]  1
0[1.0000]  1[0.0000]  0
0[1.0000]  1[0.0000]  0
0[0.0564]  1[0.9436]  1
0[0.9998]  1[0.0002]  0
0[0.9994]  1[0.0006]  0
0[1.0000]  1[0.0000]  0
0[0.9999]  1[0.0001]  0
0[0.9999]  1[0.0001]  0
0[0.9999]  1[0.0001]  0
0[0.9961]  1[0.0039]  0
