0[0.9999]  1[0.0001]  0
0[0.9996]  1[0.0004]  0
0[0.9949]  1[0.0051]  0
0[0.9975]  1[0.0025]  0
0[0.9996]  1[0.0004]  0
0[0.9999]  1[0.0001]  0
0[0.9951]  1[0.0049]  0
0[0.9999]  1[0.0001]  0
0[1.0000]  1[0.0000]  0
0[1.0000]  1[0.0000]  0
0[0.0050]  1[0.9950]  1
0[0.9996]  1[0.0004]  0
0[0.0078]  1[0.9922]  1
0[0.9981]  1[0.0019]  0
0[0.9965]  1[0.0035]  0
0[0.0327]  1[0.9673]  1
0[0.0242]  1[0.9758]  1
0[0.9116]  1[0.0884]  0
0[0.9996]  1[0.0004]  0
0[0.9996]  1[0.0004]  0
0[0.9998]  1[0.0002]  0
0[0.0161]  1[0.9839]  1
0[0.9967]  1[0.0033]  0
0[0.9995]  1[0.0005]  0
0[0.0030]  1[0.9970]  1
0[0.9985]  1[0.0015]  0
0[0.0161]  1[0.9839]  1
0[0.9995]  1[0.0005]  0
0[0.9999]  1[0.0001]  0
0[0.9980]  1[0.0020]  0
0[0.9996]  1[0.0004]  0
0[0.9988]  1[0.0012]  0
0[0.9955]  1[0.0045]  0
0[0.9999]  1[0.0001]  0
0[1.0000]  1[0.0000]  0
0[0.2455]  1[0.7545]  1
0[0.9966]  1[0.0034]  0
0[0.9995]  1[0.0005]  0
0[0.9999]  1[0.0001]  0
0[0.9999]  1[0.0001]  0
0[0.9995]  1[0.0005]  0
0[0.9999]  1[0.0001]  0
0[0.9999]  1[0.0001]  0
0[0.9998]  1[0.0002]  0
0[0.9966]  1[0.0034]  0
0[1.0000]  1[0.0000]  0
0[1.0000]  1[0.0000]  0
0[0.9996]  1[0.0004]  0
0[0.3806]  1[0.6194]  1
0[0.9986]  1[0.0014]  0
0[0.9936]  1[0.0064]  0
0[0.9955]  1[0.0045]  0
0[0.0230]  1[0.9770]  1
0[1.0000]  1[0.0000]  0
0[0.9999]  1[0.0001]  0
0[0.9999]  1[0.0001]  0
0[0.9902]  1[0.0098]  0
0[0.6579]  1[0.3421]  0
0[1.0000]  1[0.0000]  0
0[0.9999]  1[0.0001]  0
0[0.2949]  1[0.7051]  1
0[0.9999]  1[0.0001]  0
0[1.0000]  1[0.0000]  0
0[0.9506]  1[0.0494]  0
0[1.0000]  1[0.0000]  0
0[0.9982]  1[0.0018]  0
0[0.9939]  1[0.0061]  0
0[0.9997]  1[0.0003]  0
0[0.9996]  1[0.0004]  0
0[0.4728]  1[0.5272]  1
0[0.9989]  1[0.0011]  0
0[0.9882]  1[0.0118]  0
0[0.0969]  1[0.9031]  1
0[1.0000]  1[0.0000]  0
0[1.0000]  1[0.0000]  0
0[0.9985]  1[0.0015]  0
0[0.9999]  1[0.0001]  0
0[0.9947]  1[0.0053]  0
0[0.9999]  1[0.0001]  0
0[0.0132]  1[0.9868]  1
0[1.0000]  1[0.0000]  0
0[0.9991]  1[0.0009]  0
0[1.0000]  1[0.0000]  0
0[1.0000]  1[0.0000]  0
0[0.2565]  1[0.7435]  1
0[0.9999]  1[0.0001]  0
0[0.9882]  1[0.0118]  0
0[0.1077]  1[0.8923]  1
0[0.9948]  1[0.0052]  0
0[0.9992]  1[0.0008]  0
0[1.0000]  1[0.0000]  0
0[0.2253]  1[0.7747]  1
0[0.9999]  1[0.0001]  0
0[0.0806]  1[0.9194]  1
0[0.9998]  1[0.0002]  0
0[1.0000]  1[0.0000]  0
0[0.9787]  1[0.0213]  0
0[0.9975]  1[0.0025]  0
0[1.0000]  1[0.0000]  0
0[0.9996]  1[0.0004]  0
0[0.4065]  1[0.5935]  1
0[0.9999]  1[0.0001]  0
0[0.9999]  1[0.0001]  0
0[0.9977]  1[0.0023]  0
0[0.0373]  1[0.9627]  1
0[0.9999]  1[0.0001]  0
0[1.0000]  1[0.0000]  0
0[0.9983]  1[0.0017]  0
0[0.2133]  1[0.7867]  1
0[0.9882]  1[0.0118]  0
0[0.0133]  1[0.9867]  1
0[1.0000]  1[0.0000]  0
0[0.2253]  1[0.7747]  1
0[1.0000]  1[0.0000]  0
0[0.9994]  1[0.0006]  0
0[1.0000]  1[0.0000]  0
0[0.2949]  1[0.7051]  1
0[1.0000]  1[0.0000]  0
0[0.9999]  1[0.0001]  0
0[1.0000]  1[0.0000]  0
0[1.0000]  1[0.0000]  0
0[0.9999]  1[0.0001]  0
0[1.0000]  1[0.0000]  0
0[0.9998]  1[0.0002]  0
0[1.0000]  1[0.0000]  0
0[0.1762]  1[0.8238]  1
0[0.9979]  1[0.0021]  0
0[0.8664]  1[0.1336]  0
0[0.9999]  1[0.0001]  0
0[0.0554]  1[0.9446]  1
0[0.9999]  1[0.0001]  0
0[1.0000]  1[0.0000]  0
0[0.9970]  1[0.0030]  0
0[0.9999]  1[0.0001]  0
0[0.9993]  1[0.0007]  0
0[0.9999]  1[0.0001]  0
0[0.9999]  1[0.0001]  0
0[0.9985]  1[0.0015]  0
0[1.0000]  1[0.0000]  0
0[0.9972]  1[0.0028]  0
0[0.9116]  1[0.0884]  0
0[0.9996]  1[0.0004]  0
0[0.3112]  1[0.6888]  1
0[1.0000]  1[0.0000]  0
0[0.1225]  1[0.8775]  1
0[1.0000]  1[0.0000]  0
0[0.0543]  1[0.9457]  1
0[0.9985]  1[0.0015]  0
0[0.9994]  1[0.0006]  0
0[0.9999]  1[0.0001]  0
0[0.9959]  1[0.0041]  0
0[0.9976]  1[0.0024]  0
0[0.0543]  1[0.9457]  1
0[0.9940]  1[0.0060]  0
0[0.9995]  1[0.0005]  0
0[0.9966]  1[0.0034]  0
0[0.9988]  1[0.0012]  0
0[0.9934]  1[0.0066]  0
0[0.9610]  1[0.0390]  0
0[0.0247]  1[0.9753]  1
0[0.9999]  1[0.0001]  0
0[0.5291]  1[0.4709]  0
0[0.9996]  1[0.0004]  0
0[0.9993]  1[0.0007]  0
0[0.9983]  1[0.0017]  0
0[0.0543]  1[0.9457]  1
0[0.0072]  1[0.9928]  1
0[0.9989]  1[0.0011]  0
0[0.9938]  1[0.0062]  0
0[0.9967]  1[0.0033]  0
0[0.9607]  1[0.0393]  0
0[0.9981]  1[0.0019]  0
0[1.0000]  1[0.0000]  0
0[0.9966]  1[0.0034]  0
0[0.9989]  1[0.0011]  0
0[0.9939]  1[0.0061]  0
0[0.9939]  1[0.0061]  0
0[0.0247]  1[0.9753]  1
0[0.9995]  1[0.0005]  0
0[0.0872]  1[0.9128]  1
0[0.9996]  1[0.0004]  0
0[0.9994]  1[0.0006]  0
0[0.9997]  1[0.0003]  0
0[0.9996]  1[0.0004]  0
0[0.0331]  1[0.9669]  1
0[0.9983]  1[0.0017]  0
0[0.9977]  1[0.0023]  0
0[0.9997]  1[0.0003]  0
0[1.0000]  1[0.0000]  0
0[0.9989]  1[0.0011]  0
0[0.9961]  1[0.0039]  0
0[0.9983]  1[0.0017]  0
0[0.0413]  1[0.9587]  1
0[0.9995]  1[0.0005]  0
0[0.9996]  1[0.0004]  0
0[0.9995]  1[0.0005]  0
0[0.0078]  1[0.9922]  1
0[0.0050]  1[0.9950]  1
0[0.9999]  1[0.0001]  0
0[0.9993]  1[0.0007]  0
0[0.0543]  1[0.9457]  1
0[0.0010]  1[0.9990]  1
0[0.9996]  1[0.0004]  0
0[0.9996]  1[0.0004]  0
0[0.9116]  1[0.0884]  0
0[0.9999]  1[0.0001]  0
0[0.9995]  1[0.0005]  0
0[0.9998]  1[0.0002]  0
0[1.0000]  1[0.0000]  0
0[1.0000]  1[0.0000]  0
0[0.9999]  1[0.0001]  0
0[0.9996]  1[0.0004]  0
0[0.9999]  1[0.0001]  0
0[0.0078]  1[0.9922]  1
0[0.9999]  1[0.0001]  0
0[0.9999]  1[0.0001]  0
0[0.9999]  1[0.0001]  0
0[0.0161]  1[0.9839]  1
0[0.9590]  1[0.0410]  0
0[0.9967]  1[0.0033]  0
0[0.9999]  1[0.0001]  0
0[0.9967]  1[0.0033]  0
0[0.1097]  1[0.8903]  1
0[0.9995]  1[0.0005]  0
0[0.9999]  1[0.0001]  0
0[0.0285]  1[0.9715]  1
0[0.9939]  1[0.0061]  0
0[0.9989]  1[0.0011]  0
0[0.0543]  1[0.9457]  1
0[1.0000]  1[0.0000]  0
0[0.0078]  1[0.9922]  1
0[1.0000]  1[0.0000]  0
0[0.9965]  1[0.0035]  0
0[0.9994]  1[0.0006]  0
0[0.1039]  1[0.8961]  1
0[1.0000]  1[0.0000]  0
0[0.0161]  1[0.9839]  1
0[0.6907]  1[0.3093]  0
0[0.0201]  1[0.9799]  1
0[0.0543]  1[0.9457]  1
0[0.9915]  1[0.0085]  0
0[1.0000]  1[0.0000]  0
0[0.0084]  1[0.9916]  1
0[0.9999]  1[0.0001]  0
0[0.9988]  1[0.0012]  0
0[0.3788]  1[0.6212]  1
0[0.9995]  1[0.0005]  0
0[0.9996]  1[0.0004]  0
0[0.9989]  1[0.0011]  0
0[0.9944]  1[0.0056]  0
0[0.9999]  1[0.0001]  0
0[0.9994]  1[0.0006]  0
0[0.9971]  1[0.0029]  0
0[0.9935]  1[0.0065]  0
0[0.0050]  1[0.9950]  1
0[0.0230]  1[0.9770]  1
0[0.0161]  1[0.9839]  1
0[0.9996]  1[0.0004]  0
0[0.9983]  1[0.0017]  0
0[0.9999]  1[0.0001]  0
0[0.9984]  1[0.0016]  0
0[0.0161]  1[0.9839]  1
0[0.9996]  1[0.0004]  0
0[0.9989]  1[0.0011]  0
0[0.9995]  1[0.0005]  0
0[0.9987]  1[0.0013]  0
0[0.9999]  1[0.0001]  0
0[0.9999]  1[0.0001]  0
0[0.9998]  1[0.0002]  0
0[0.9996]  1[0.0004]  0
0[0.9999]  1[0.0001]  0
0[1.0000]  1[0.0000]  0
0[0.9962]  1[0.0038]  0
0[0.0897]  1[0.9103]  1
0[0.9999]  1[0.0001]  0
0[0.9988]  1[0.0012]  0
0[0.9999]  1[0.0001]  0
0[0.0806]  1[0.9194]  1
0[0.9999]  1[0.0001]  0
0[0.9997]  1[0.0003]  0
0[1.0000]  1[0.0000]  0
0[0.9991]  1[0.0009]  0
0[1.0000]  1[0.0000]  0
0[1.0000]  1[0.0000]  0
0[0.9993]  1[0.0007]  0
0[0.9994]  1[0.0006]  0
0[0.9952]  1[0.0048]  0
0[1.0000]  1[0.0000]  0
0[0.9999]  1[0.0001]  0
0[1.0000]  1[0.0000]  0
0[1.0000]  1[0.0000]  0
0[1.0000]  1[0.0000]  0
0[1.0000]  1[0.0000]  0
0[1.0000]  1[0.0000]  0
