2015-05-09 14:28:31.490 [main] INFO  class sg.edu.nus.comp.pdtb.runners.PdtbParser - Running the PDTB parser
2015-05-09 14:28:31.495 [main] INFO  class sg.edu.nus.comp.pdtb.runners.PdtbParser - Running connective classifier...
2015-05-09 14:28:32.002 [main] INFO  class sg.edu.nus.comp.pdtb.runners.PdtbParser - Done.
2015-05-09 14:28:32.002 [main] INFO  class sg.edu.nus.comp.pdtb.runners.PdtbParser - Running argument position classifier...
2015-05-09 14:28:32.050 [main] INFO  class sg.edu.nus.comp.pdtb.runners.PdtbParser - Done.
2015-05-09 14:28:32.052 [main] INFO  class sg.edu.nus.comp.pdtb.runners.PdtbParser - Running argument extractor classifier...
2015-05-09 14:28:32.416 [main] INFO  class sg.edu.nus.comp.pdtb.runners.PdtbParser - Done.
2015-05-09 14:28:32.416 [main] INFO  class sg.edu.nus.comp.pdtb.runners.PdtbParser - Running Explicit classifier...
2015-05-09 14:28:32.439 [main] INFO  class sg.edu.nus.comp.pdtb.runners.PdtbParser - Done.
2015-05-09 14:28:32.443 [main] INFO  class sg.edu.nus.comp.pdtb.runners.PdtbParser - Running NonExplicit classifier...
2015-05-09 14:28:32.443 [main] INFO  class sg.edu.nus.comp.pdtb.runners.PdtbParser - Done with everything. The PDTB relations for the file are in: tmp/test_file.pipe
2015-05-09 15:01:11.162 [main] INFO  sg.edu.nus.comp.pdtb.runners.Tester - NonExplicit component
2015-05-09 15:01:11.201 [main] INFO  sg.edu.nus.comp.pdtb.runners.Tester - Testing .gs
2015-05-09 15:01:11.201 [main] INFO  sg.edu.nus.comp.pdtb.parser.NonExplicitComp - Testing (.gs):
2015-05-09 15:01:11.202 [main] INFO  sg.edu.nus.comp.pdtb.parser.NonExplicitComp - Section: 23
2015-05-09 15:01:12.967 [main] INFO  sg.edu.nus.comp.pdtb.runners.Tester - Prec	Recall	F1
37.56 37.56 37.56
2015-05-09 15:01:12.968 [main] INFO  sg.edu.nus.comp.pdtb.runners.Tester - Testing .gs.ep
2015-05-09 15:01:12.968 [main] INFO  sg.edu.nus.comp.pdtb.parser.NonExplicitComp - Testing (.gs.ep):
2015-05-09 15:01:12.968 [main] INFO  sg.edu.nus.comp.pdtb.parser.NonExplicitComp - Section: 23
2015-05-09 15:01:14.283 [main] INFO  sg.edu.nus.comp.pdtb.runners.Tester - Prec	Recall	F1
27.54 29.60 28.53
2015-05-09 15:01:14.283 [main] INFO  sg.edu.nus.comp.pdtb.runners.Tester - Testing .auto.ep
2015-05-09 15:01:14.298 [main] INFO  sg.edu.nus.comp.pdtb.runners.Tester - Prec	Recall	F1
26.92 29.01 27.92
2015-05-09 15:01:32.875 [main] INFO  sg.edu.nus.comp.pdtb.runners.Tester - NonExplicit component
2015-05-09 15:01:32.914 [main] INFO  sg.edu.nus.comp.pdtb.runners.Tester - Testing .gs
2015-05-09 15:01:32.914 [main] INFO  sg.edu.nus.comp.pdtb.parser.NonExplicitComp - Testing (.gs):
2015-05-09 15:01:32.915 [main] INFO  sg.edu.nus.comp.pdtb.parser.NonExplicitComp - Section: 23
2015-05-09 15:01:34.686 [main] INFO  sg.edu.nus.comp.pdtb.runners.Tester - Prec	Recall	F1
37.56 37.56 37.56
2015-05-09 15:01:34.687 [main] INFO  sg.edu.nus.comp.pdtb.runners.Tester - Testing .gs.ep
2015-05-09 15:01:34.687 [main] INFO  sg.edu.nus.comp.pdtb.parser.NonExplicitComp - Testing (.gs.ep):
2015-05-09 15:01:34.687 [main] INFO  sg.edu.nus.comp.pdtb.parser.NonExplicitComp - Section: 23
2015-05-09 15:01:35.560 [main] INFO  sg.edu.nus.comp.pdtb.runners.Tester - Prec	Recall	F1
27.54 29.60 28.53
2015-05-09 15:01:35.560 [main] INFO  sg.edu.nus.comp.pdtb.runners.Tester - Testing .auto.ep
2015-05-09 15:01:35.571 [main] INFO  sg.edu.nus.comp.pdtb.runners.Tester - Prec	Recall	F1
26.92 29.01 27.92
2015-05-09 15:32:01.697 [main] INFO  sg.edu.nus.comp.pdtb.runners.Tester - NonExplicit component
2015-05-09 15:32:01.737 [main] INFO  sg.edu.nus.comp.pdtb.runners.Tester - Testing .gs
2015-05-09 15:32:01.737 [main] INFO  sg.edu.nus.comp.pdtb.parser.NonExplicitComp - Testing (.gs):
2015-05-09 15:32:01.737 [main] INFO  sg.edu.nus.comp.pdtb.parser.NonExplicitComp - Section: 23
2015-05-09 15:32:03.847 [main] INFO  sg.edu.nus.comp.pdtb.runners.Tester - Prec	Recall	F1
37.56 37.56 37.56
2015-05-09 15:32:03.847 [main] INFO  sg.edu.nus.comp.pdtb.runners.Tester - Testing .gs.ep
2015-05-09 15:32:03.847 [main] INFO  sg.edu.nus.comp.pdtb.parser.NonExplicitComp - Testing (.gs.ep):
2015-05-09 15:32:03.847 [main] INFO  sg.edu.nus.comp.pdtb.parser.NonExplicitComp - Section: 23
2015-05-09 15:32:04.943 [main] INFO  sg.edu.nus.comp.pdtb.runners.Tester - Prec	Recall	F1
27.54 29.60 28.53
2015-05-09 15:32:04.943 [main] INFO  sg.edu.nus.comp.pdtb.runners.Tester - Testing .auto.ep
2015-05-09 15:32:04.943 [main] INFO  sg.edu.nus.comp.pdtb.parser.NonExplicitComp - Testing (.auto.ep):
2015-05-09 15:32:04.943 [main] INFO  sg.edu.nus.comp.pdtb.parser.NonExplicitComp - Section: 23
2015-05-09 15:32:05.964 [main] INFO  sg.edu.nus.comp.pdtb.runners.Tester - Prec	Recall	F1
26.73 28.81 27.73
2015-05-09 15:33:19.452 [main] INFO  sg.edu.nus.comp.pdtb.runners.Tester - NonExplicit component
2015-05-09 15:33:19.491 [main] INFO  sg.edu.nus.comp.pdtb.parser.NonExplicitComp - Testing (.auto.ep):
2015-05-09 15:33:19.491 [main] INFO  sg.edu.nus.comp.pdtb.parser.NonExplicitComp - Section: 23
2015-05-09 15:33:38.917 [main] INFO  sg.edu.nus.comp.pdtb.runners.Tester - NonExplicit component
2015-05-09 15:33:38.956 [main] INFO  sg.edu.nus.comp.pdtb.parser.NonExplicitComp - Testing (.auto.ep):
2015-05-09 15:33:38.956 [main] INFO  sg.edu.nus.comp.pdtb.parser.NonExplicitComp - Section: 23
2015-05-09 15:33:40.974 [main] INFO  sg.edu.nus.comp.pdtb.runners.Tester - Testing .gs
2015-05-09 15:33:40.974 [main] INFO  sg.edu.nus.comp.pdtb.parser.NonExplicitComp - Testing (.gs):
2015-05-09 15:33:40.974 [main] INFO  sg.edu.nus.comp.pdtb.parser.NonExplicitComp - Section: 23
2015-05-09 15:33:41.750 [main] INFO  sg.edu.nus.comp.pdtb.runners.Tester - Prec	Recall	F1
37.56 37.56 37.56
2015-05-09 15:33:41.750 [main] INFO  sg.edu.nus.comp.pdtb.runners.Tester - Testing .gs.ep
2015-05-09 15:33:41.750 [main] INFO  sg.edu.nus.comp.pdtb.parser.NonExplicitComp - Testing (.gs.ep):
2015-05-09 15:33:41.750 [main] INFO  sg.edu.nus.comp.pdtb.parser.NonExplicitComp - Section: 23
2015-05-09 15:33:42.817 [main] INFO  sg.edu.nus.comp.pdtb.runners.Tester - Prec	Recall	F1
26.90 28.91 27.87
2015-05-09 15:33:42.817 [main] INFO  sg.edu.nus.comp.pdtb.runners.Tester - Testing .auto.ep
2015-05-09 15:33:42.817 [main] INFO  sg.edu.nus.comp.pdtb.parser.NonExplicitComp - Testing (.auto.ep):
2015-05-09 15:33:42.817 [main] INFO  sg.edu.nus.comp.pdtb.parser.NonExplicitComp - Section: 23
2015-05-09 15:33:43.798 [main] INFO  sg.edu.nus.comp.pdtb.runners.Tester - Prec	Recall	F1
27.01 29.11 28.02
2015-05-09 15:34:21.636 [main] INFO  sg.edu.nus.comp.pdtb.runners.Tester - NonExplicit component
2015-05-09 15:34:21.674 [main] INFO  sg.edu.nus.comp.pdtb.runners.Tester - Testing .gs
2015-05-09 15:34:21.674 [main] INFO  sg.edu.nus.comp.pdtb.parser.NonExplicitComp - Testing (.gs):
2015-05-09 15:34:21.675 [main] INFO  sg.edu.nus.comp.pdtb.parser.NonExplicitComp - Section: 23
2015-05-09 15:34:23.435 [main] INFO  sg.edu.nus.comp.pdtb.runners.Tester - Prec	Recall	F1
37.56 37.56 37.56
2015-05-09 15:34:23.435 [main] INFO  sg.edu.nus.comp.pdtb.runners.Tester - Testing .gs.ep
2015-05-09 15:34:23.435 [main] INFO  sg.edu.nus.comp.pdtb.parser.NonExplicitComp - Testing (.gs.ep):
2015-05-09 15:34:23.435 [main] INFO  sg.edu.nus.comp.pdtb.parser.NonExplicitComp - Section: 23
2015-05-09 15:34:24.507 [main] INFO  sg.edu.nus.comp.pdtb.runners.Tester - Prec	Recall	F1
26.90 28.91 27.87
2015-05-09 15:34:24.507 [main] INFO  sg.edu.nus.comp.pdtb.runners.Tester - Testing .auto.ep
2015-05-09 15:34:24.507 [main] INFO  sg.edu.nus.comp.pdtb.parser.NonExplicitComp - Testing (.auto.ep):
2015-05-09 15:34:24.507 [main] INFO  sg.edu.nus.comp.pdtb.parser.NonExplicitComp - Section: 23
2015-05-09 15:34:25.529 [main] INFO  sg.edu.nus.comp.pdtb.runners.Tester - Prec	Recall	F1
27.01 29.11 28.02
2015-05-09 15:35:19.208 [main] INFO  sg.edu.nus.comp.pdtb.runners.Tester - NonExplicit component
2015-05-09 15:35:19.246 [main] INFO  sg.edu.nus.comp.pdtb.runners.Tester - Testing .gs
2015-05-09 15:35:19.246 [main] INFO  sg.edu.nus.comp.pdtb.parser.NonExplicitComp - Testing (.gs):
2015-05-09 15:35:19.246 [main] INFO  sg.edu.nus.comp.pdtb.parser.NonExplicitComp - Section: 23
2015-05-09 15:35:21.005 [main] INFO  sg.edu.nus.comp.pdtb.runners.Tester - Prec	Recall	F1
37.56 37.56 37.56
2015-05-09 15:35:21.006 [main] INFO  sg.edu.nus.comp.pdtb.runners.Tester - Testing .gs.ep
2015-05-09 15:35:21.006 [main] INFO  sg.edu.nus.comp.pdtb.parser.NonExplicitComp - Testing (.gs.ep):
2015-05-09 15:35:21.006 [main] INFO  sg.edu.nus.comp.pdtb.parser.NonExplicitComp - Section: 23
2015-05-09 15:35:22.096 [main] INFO  sg.edu.nus.comp.pdtb.runners.Tester - Prec	Recall	F1
26.90 28.91 27.87
2015-05-09 15:35:22.097 [main] INFO  sg.edu.nus.comp.pdtb.runners.Tester - Testing .auto.ep
2015-05-09 15:35:22.097 [main] INFO  sg.edu.nus.comp.pdtb.parser.NonExplicitComp - Testing (.auto.ep):
2015-05-09 15:35:22.097 [main] INFO  sg.edu.nus.comp.pdtb.parser.NonExplicitComp - Section: 23
2015-05-09 15:35:23.152 [main] INFO  sg.edu.nus.comp.pdtb.runners.Tester - Prec	Recall	F1
27.01 29.11 28.02
2015-05-09 15:35:46.345 [main] INFO  sg.edu.nus.comp.pdtb.runners.Tester - NonExplicit component
2015-05-09 15:35:46.383 [main] INFO  sg.edu.nus.comp.pdtb.runners.Tester - Testing .gs
2015-05-09 15:35:46.384 [main] INFO  sg.edu.nus.comp.pdtb.parser.NonExplicitComp - Testing (.gs):
2015-05-09 15:35:46.384 [main] INFO  sg.edu.nus.comp.pdtb.parser.NonExplicitComp - Section: 23
2015-05-09 15:35:48.141 [main] INFO  sg.edu.nus.comp.pdtb.runners.Tester - Prec	Recall	F1
37.56 37.56 37.56
2015-05-09 15:35:48.141 [main] INFO  sg.edu.nus.comp.pdtb.runners.Tester - Testing .gs.ep
2015-05-09 15:35:48.141 [main] INFO  sg.edu.nus.comp.pdtb.parser.NonExplicitComp - Testing (.gs.ep):
2015-05-09 15:35:48.141 [main] INFO  sg.edu.nus.comp.pdtb.parser.NonExplicitComp - Section: 23
2015-05-09 15:35:49.098 [main] INFO  sg.edu.nus.comp.pdtb.runners.Tester - Prec	Recall	F1
27.54 29.60 28.53
2015-05-09 15:35:49.098 [main] INFO  sg.edu.nus.comp.pdtb.runners.Tester - Testing .auto.ep
2015-05-09 15:35:49.099 [main] INFO  sg.edu.nus.comp.pdtb.parser.NonExplicitComp - Testing (.auto.ep):
2015-05-09 15:35:49.099 [main] INFO  sg.edu.nus.comp.pdtb.parser.NonExplicitComp - Section: 23
2015-05-09 15:35:49.990 [main] INFO  sg.edu.nus.comp.pdtb.runners.Tester - Prec	Recall	F1
26.73 28.81 27.73
2015-05-09 15:36:21.193 [main] INFO  sg.edu.nus.comp.pdtb.runners.Tester - NonExplicit component
2015-05-09 15:36:21.232 [main] INFO  sg.edu.nus.comp.pdtb.runners.Tester - Testing .gs
2015-05-09 15:36:21.233 [main] INFO  sg.edu.nus.comp.pdtb.parser.NonExplicitComp - Testing (.gs):
2015-05-09 15:36:21.233 [main] INFO  sg.edu.nus.comp.pdtb.parser.NonExplicitComp - Section: 23
2015-05-09 15:36:23.034 [main] INFO  sg.edu.nus.comp.pdtb.runners.Tester - Prec	Recall	F1
37.56 37.56 37.56
2015-05-09 15:36:23.034 [main] INFO  sg.edu.nus.comp.pdtb.runners.Tester - Testing .gs.ep
2015-05-09 15:36:23.035 [main] INFO  sg.edu.nus.comp.pdtb.parser.NonExplicitComp - Testing (.gs.ep):
2015-05-09 15:36:23.035 [main] INFO  sg.edu.nus.comp.pdtb.parser.NonExplicitComp - Section: 23
2015-05-09 15:36:24.055 [main] INFO  sg.edu.nus.comp.pdtb.runners.Tester - Prec	Recall	F1
27.54 29.60 28.53
2015-05-09 15:36:24.055 [main] INFO  sg.edu.nus.comp.pdtb.runners.Tester - Testing .auto.ep
2015-05-09 15:36:24.056 [main] INFO  sg.edu.nus.comp.pdtb.parser.NonExplicitComp - Testing (.auto.ep):
2015-05-09 15:36:24.056 [main] INFO  sg.edu.nus.comp.pdtb.parser.NonExplicitComp - Section: 23
2015-05-09 15:36:25.125 [main] INFO  sg.edu.nus.comp.pdtb.runners.Tester - Prec	Recall	F1
27.01 29.11 28.02
2015-05-09 15:36:55.068 [main] INFO  sg.edu.nus.comp.pdtb.runners.Tester - NonExplicit component
2015-05-09 15:36:55.107 [main] INFO  sg.edu.nus.comp.pdtb.parser.NonExplicitComp - Testing (.gs.ep):
2015-05-09 15:36:55.107 [main] INFO  sg.edu.nus.comp.pdtb.parser.NonExplicitComp - Section: 23
2015-05-09 15:37:32.734 [main] INFO  sg.edu.nus.comp.pdtb.runners.Tester - NonExplicit component
2015-05-09 15:37:32.775 [main] INFO  sg.edu.nus.comp.pdtb.parser.NonExplicitComp - Testing (.gs.ep):
2015-05-09 15:37:32.775 [main] INFO  sg.edu.nus.comp.pdtb.parser.NonExplicitComp - Section: 23
2015-05-09 15:37:34.591 [main] INFO  sg.edu.nus.comp.pdtb.runners.Tester - Testing .gs
2015-05-09 15:37:34.592 [main] INFO  sg.edu.nus.comp.pdtb.parser.NonExplicitComp - Testing (.gs):
2015-05-09 15:37:34.592 [main] INFO  sg.edu.nus.comp.pdtb.parser.NonExplicitComp - Section: 23
2015-05-09 15:37:35.439 [main] INFO  sg.edu.nus.comp.pdtb.runners.Tester - Prec	Recall	F1
37.56 37.56 37.56
2015-05-09 15:37:35.439 [main] INFO  sg.edu.nus.comp.pdtb.runners.Tester - Testing .gs.ep
2015-05-09 15:37:35.440 [main] INFO  sg.edu.nus.comp.pdtb.parser.NonExplicitComp - Testing (.gs.ep):
2015-05-09 15:37:35.440 [main] INFO  sg.edu.nus.comp.pdtb.parser.NonExplicitComp - Section: 23
2015-05-09 15:37:36.405 [main] INFO  sg.edu.nus.comp.pdtb.runners.Tester - Prec	Recall	F1
27.54 29.60 28.53
2015-05-09 15:37:36.405 [main] INFO  sg.edu.nus.comp.pdtb.runners.Tester - Testing .auto.ep
2015-05-09 15:37:36.405 [main] INFO  sg.edu.nus.comp.pdtb.parser.NonExplicitComp - Testing (.auto.ep):
2015-05-09 15:37:36.405 [main] INFO  sg.edu.nus.comp.pdtb.parser.NonExplicitComp - Section: 23
2015-05-09 15:37:37.508 [main] INFO  sg.edu.nus.comp.pdtb.runners.Tester - Prec	Recall	F1
27.01 29.11 28.02
2015-05-09 15:38:54.999 [main] INFO  sg.edu.nus.comp.pdtb.runners.Tester - NonExplicit component
2015-05-09 15:38:55.037 [main] INFO  sg.edu.nus.comp.pdtb.parser.NonExplicitComp - Testing (.gs.ep):
2015-05-09 15:38:55.038 [main] INFO  sg.edu.nus.comp.pdtb.parser.NonExplicitComp - Section: 23
2015-05-09 15:38:56.839 [main] INFO  sg.edu.nus.comp.pdtb.runners.Tester - Prec	Recall	F1
27.36 29.40 28.34
2015-05-09 15:38:56.839 [main] INFO  sg.edu.nus.comp.pdtb.runners.Tester - Testing .gs
2015-05-09 15:38:56.839 [main] INFO  sg.edu.nus.comp.pdtb.parser.NonExplicitComp - Testing (.gs):
2015-05-09 15:38:56.839 [main] INFO  sg.edu.nus.comp.pdtb.parser.NonExplicitComp - Section: 23
2015-05-09 15:38:57.646 [main] INFO  sg.edu.nus.comp.pdtb.runners.Tester - Prec	Recall	F1
37.56 37.56 37.56
2015-05-09 15:38:57.646 [main] INFO  sg.edu.nus.comp.pdtb.runners.Tester - Testing .gs.ep
2015-05-09 15:38:57.646 [main] INFO  sg.edu.nus.comp.pdtb.parser.NonExplicitComp - Testing (.gs.ep):
2015-05-09 15:38:57.646 [main] INFO  sg.edu.nus.comp.pdtb.parser.NonExplicitComp - Section: 23
2015-05-09 15:38:58.541 [main] INFO  sg.edu.nus.comp.pdtb.runners.Tester - Prec	Recall	F1
27.54 29.60 28.53
2015-05-09 15:38:58.541 [main] INFO  sg.edu.nus.comp.pdtb.runners.Tester - Testing .auto.ep
2015-05-09 15:38:58.541 [main] INFO  sg.edu.nus.comp.pdtb.parser.NonExplicitComp - Testing (.auto.ep):
2015-05-09 15:38:58.541 [main] INFO  sg.edu.nus.comp.pdtb.parser.NonExplicitComp - Section: 23
2015-05-09 15:38:59.561 [main] INFO  sg.edu.nus.comp.pdtb.runners.Tester - Prec	Recall	F1
27.01 29.11 28.02
2015-05-09 15:41:09.032 [main] INFO  sg.edu.nus.comp.pdtb.runners.Tester - NonExplicit component
2015-05-09 15:41:09.071 [main] INFO  sg.edu.nus.comp.pdtb.runners.Tester - Testing .gs
2015-05-09 15:41:09.072 [main] INFO  sg.edu.nus.comp.pdtb.parser.NonExplicitComp - Testing (.gs):
2015-05-09 15:41:09.072 [main] INFO  sg.edu.nus.comp.pdtb.parser.NonExplicitComp - Section: 23
2015-05-09 15:41:10.854 [main] INFO  sg.edu.nus.comp.pdtb.runners.Tester - Prec	Recall	F1
37.56 37.56 37.56
2015-05-09 15:41:10.855 [main] INFO  sg.edu.nus.comp.pdtb.runners.Tester - Testing .gs.ep
2015-05-09 15:41:10.855 [main] INFO  sg.edu.nus.comp.pdtb.parser.NonExplicitComp - Testing (.gs.ep):
2015-05-09 15:41:10.855 [main] INFO  sg.edu.nus.comp.pdtb.parser.NonExplicitComp - Section: 23
2015-05-09 15:41:11.950 [main] INFO  sg.edu.nus.comp.pdtb.runners.Tester - Prec	Recall	F1
26.90 28.91 27.87
2015-05-09 15:41:11.950 [main] INFO  sg.edu.nus.comp.pdtb.runners.Tester - Testing .auto.ep
2015-05-09 15:41:11.951 [main] INFO  sg.edu.nus.comp.pdtb.parser.NonExplicitComp - Testing (.auto.ep):
2015-05-09 15:41:11.951 [main] INFO  sg.edu.nus.comp.pdtb.parser.NonExplicitComp - Section: 23
2015-05-09 15:41:13.017 [main] INFO  sg.edu.nus.comp.pdtb.runners.Tester - Prec	Recall	F1
27.01 29.11 28.02
2015-05-09 16:19:53.635 [main] INFO  class sg.edu.nus.comp.pdtb.runners.PdtbParser - Running the PDTB parser
2015-05-09 16:19:53.637 [main] INFO  class sg.edu.nus.comp.pdtb.runners.PdtbParser - Running connective classifier...
2015-05-09 16:19:54.141 [main] INFO  class sg.edu.nus.comp.pdtb.runners.PdtbParser - Done.
2015-05-09 16:19:54.142 [main] INFO  class sg.edu.nus.comp.pdtb.runners.PdtbParser - Running argument position classifier...
2015-05-09 16:19:54.188 [main] INFO  class sg.edu.nus.comp.pdtb.runners.PdtbParser - Done.
2015-05-09 16:19:54.190 [main] INFO  class sg.edu.nus.comp.pdtb.runners.PdtbParser - Running argument extractor classifier...
2015-05-09 16:19:54.564 [main] INFO  class sg.edu.nus.comp.pdtb.runners.PdtbParser - Done.
2015-05-09 16:19:54.565 [main] INFO  class sg.edu.nus.comp.pdtb.runners.PdtbParser - Running Explicit classifier...
2015-05-09 16:19:54.588 [main] INFO  class sg.edu.nus.comp.pdtb.runners.PdtbParser - Done.
2015-05-09 16:19:54.593 [main] INFO  class sg.edu.nus.comp.pdtb.runners.PdtbParser - Running NonExplicit classifier...
2015-05-09 16:22:16.734 [main] INFO  class sg.edu.nus.comp.pdtb.runners.PdtbParser - Running the PDTB parser
2015-05-09 16:22:16.739 [main] INFO  class sg.edu.nus.comp.pdtb.runners.PdtbParser - Running connective classifier...
2015-05-09 16:22:17.234 [main] INFO  class sg.edu.nus.comp.pdtb.runners.PdtbParser - Done.
2015-05-09 16:22:17.235 [main] INFO  class sg.edu.nus.comp.pdtb.runners.PdtbParser - Running argument position classifier...
2015-05-09 16:22:17.281 [main] INFO  class sg.edu.nus.comp.pdtb.runners.PdtbParser - Done.
2015-05-09 16:22:17.289 [main] INFO  class sg.edu.nus.comp.pdtb.runners.PdtbParser - Running argument extractor classifier...
2015-05-09 16:22:30.977 [main] INFO  class sg.edu.nus.comp.pdtb.runners.PdtbParser - Done.
2015-05-09 16:22:30.978 [main] INFO  class sg.edu.nus.comp.pdtb.runners.PdtbParser - Running Explicit classifier...
2015-05-09 16:22:30.997 [main] INFO  class sg.edu.nus.comp.pdtb.runners.PdtbParser - Done.
2015-05-09 16:22:31.006 [main] INFO  class sg.edu.nus.comp.pdtb.runners.PdtbParser - Running NonExplicit classifier...
2015-05-09 16:23:35.647 [main] INFO  class sg.edu.nus.comp.pdtb.runners.PdtbParser - Running the PDTB parser
2015-05-09 16:23:35.653 [main] INFO  class sg.edu.nus.comp.pdtb.runners.PdtbParser - Running connective classifier...
2015-05-09 16:23:36.145 [main] INFO  class sg.edu.nus.comp.pdtb.runners.PdtbParser - Done.
2015-05-09 16:23:36.145 [main] INFO  class sg.edu.nus.comp.pdtb.runners.PdtbParser - Running argument position classifier...
2015-05-09 16:23:36.187 [main] INFO  class sg.edu.nus.comp.pdtb.runners.PdtbParser - Done.
2015-05-09 16:23:36.189 [main] INFO  class sg.edu.nus.comp.pdtb.runners.PdtbParser - Running argument extractor classifier...
2015-05-09 16:23:36.551 [main] INFO  class sg.edu.nus.comp.pdtb.runners.PdtbParser - Done.
2015-05-09 16:23:36.552 [main] INFO  class sg.edu.nus.comp.pdtb.runners.PdtbParser - Running Explicit classifier...
2015-05-09 16:23:36.574 [main] INFO  class sg.edu.nus.comp.pdtb.runners.PdtbParser - Done.
2015-05-09 16:23:36.584 [main] INFO  class sg.edu.nus.comp.pdtb.runners.PdtbParser - Running NonExplicit classifier...
2015-05-09 16:24:38.430 [main] INFO  class sg.edu.nus.comp.pdtb.runners.PdtbParser - Running the PDTB parser
2015-05-09 16:24:38.435 [main] INFO  class sg.edu.nus.comp.pdtb.runners.PdtbParser - Running connective classifier...
2015-05-09 16:24:38.937 [main] INFO  class sg.edu.nus.comp.pdtb.runners.PdtbParser - Done.
2015-05-09 16:24:38.938 [main] INFO  class sg.edu.nus.comp.pdtb.runners.PdtbParser - Running argument position classifier...
2015-05-09 16:24:38.980 [main] INFO  class sg.edu.nus.comp.pdtb.runners.PdtbParser - Done.
2015-05-09 16:24:38.982 [main] INFO  class sg.edu.nus.comp.pdtb.runners.PdtbParser - Running argument extractor classifier...
2015-05-09 16:24:39.330 [main] INFO  class sg.edu.nus.comp.pdtb.runners.PdtbParser - Done.
2015-05-09 16:24:39.331 [main] INFO  class sg.edu.nus.comp.pdtb.runners.PdtbParser - Running Explicit classifier...
2015-05-09 16:24:39.353 [main] INFO  class sg.edu.nus.comp.pdtb.runners.PdtbParser - Done.
2015-05-09 16:24:39.363 [main] INFO  class sg.edu.nus.comp.pdtb.runners.PdtbParser - Running NonExplicit classifier...
2015-05-09 16:25:40.264 [main] INFO  class sg.edu.nus.comp.pdtb.runners.PdtbParser - Generating parse and dependecy trees with Stanford parser...
2015-05-09 16:26:10.538 [main] INFO  class sg.edu.nus.comp.pdtb.runners.PdtbParser - Generating parse and dependecy trees with Stanford parser...
2015-05-09 16:26:20.321 [main] INFO  class sg.edu.nus.comp.pdtb.runners.PdtbParser - Generating parse and dependecy trees with Stanford parser...
2015-05-09 16:26:29.283 [main] INFO  class sg.edu.nus.comp.pdtb.runners.PdtbParser - Tree generation done.
2015-05-09 16:26:29.285 [main] INFO  sg.edu.nus.comp.pdtb.runners.SpanTreeExtractor - Generating the spans of each node in the parse trees.
2015-05-09 16:26:29.345 [main] INFO  sg.edu.nus.comp.pdtb.runners.SpanTreeExtractor - Done.
2015-05-09 16:26:29.345 [main] INFO  class sg.edu.nus.comp.pdtb.runners.PdtbParser - Running the PDTB parser
2015-05-09 16:26:29.346 [main] INFO  class sg.edu.nus.comp.pdtb.runners.PdtbParser - Running connective classifier...
2015-05-09 16:26:29.679 [main] INFO  class sg.edu.nus.comp.pdtb.runners.PdtbParser - Done.
2015-05-09 16:26:29.679 [main] INFO  class sg.edu.nus.comp.pdtb.runners.PdtbParser - Running argument position classifier...
2015-05-09 16:26:29.705 [main] INFO  class sg.edu.nus.comp.pdtb.runners.PdtbParser - Done.
2015-05-09 16:26:29.707 [main] INFO  class sg.edu.nus.comp.pdtb.runners.PdtbParser - Running argument extractor classifier...
2015-05-09 16:26:29.959 [main] INFO  class sg.edu.nus.comp.pdtb.runners.PdtbParser - Done.
2015-05-09 16:26:29.960 [main] INFO  class sg.edu.nus.comp.pdtb.runners.PdtbParser - Running Explicit classifier...
2015-05-09 16:26:29.972 [main] INFO  class sg.edu.nus.comp.pdtb.runners.PdtbParser - Done.
2015-05-09 16:26:29.974 [main] INFO  class sg.edu.nus.comp.pdtb.runners.PdtbParser - Running NonExplicit classifier...
2015-05-09 16:42:47.098 [main] INFO  class sg.edu.nus.comp.pdtb.runners.PdtbParser - Generating parse and dependecy trees with Stanford parser...
2015-05-09 16:42:57.100 [main] INFO  class sg.edu.nus.comp.pdtb.runners.PdtbParser - Tree generation done.
2015-05-09 16:42:57.101 [main] INFO  sg.edu.nus.comp.pdtb.runners.SpanTreeExtractor - Generating the spans of each node in the parse trees.
2015-05-09 16:42:57.170 [main] INFO  sg.edu.nus.comp.pdtb.runners.SpanTreeExtractor - Done.
2015-05-09 16:42:57.170 [main] INFO  class sg.edu.nus.comp.pdtb.runners.PdtbParser - Running the PDTB parser
2015-05-09 16:42:57.171 [main] INFO  class sg.edu.nus.comp.pdtb.runners.PdtbParser - Running connective classifier...
2015-05-09 16:42:57.544 [main] INFO  class sg.edu.nus.comp.pdtb.runners.PdtbParser - Done.
2015-05-09 16:42:57.545 [main] INFO  class sg.edu.nus.comp.pdtb.runners.PdtbParser - Running argument position classifier...
2015-05-09 16:42:57.575 [main] INFO  class sg.edu.nus.comp.pdtb.runners.PdtbParser - Done.
2015-05-09 16:42:57.577 [main] INFO  class sg.edu.nus.comp.pdtb.runners.PdtbParser - Running argument extractor classifier...
2015-05-09 16:42:57.864 [main] INFO  class sg.edu.nus.comp.pdtb.runners.PdtbParser - Done.
2015-05-09 16:42:57.864 [main] INFO  class sg.edu.nus.comp.pdtb.runners.PdtbParser - Running Explicit classifier...
2015-05-09 16:42:57.877 [main] INFO  class sg.edu.nus.comp.pdtb.runners.PdtbParser - Done.
2015-05-09 16:42:57.881 [main] INFO  class sg.edu.nus.comp.pdtb.runners.PdtbParser - Running NonExplicit classifier...
2015-05-09 17:08:28.831 [main] INFO  class sg.edu.nus.comp.pdtb.runners.PdtbParser - Running the PDTB parser
2015-05-09 17:08:28.836 [main] INFO  class sg.edu.nus.comp.pdtb.runners.PdtbParser - Running connective classifier...
2015-05-09 17:08:29.318 [main] INFO  class sg.edu.nus.comp.pdtb.runners.PdtbParser - Done.
2015-05-09 17:08:29.318 [main] INFO  class sg.edu.nus.comp.pdtb.runners.PdtbParser - Running argument position classifier...
2015-05-09 17:08:29.362 [main] INFO  class sg.edu.nus.comp.pdtb.runners.PdtbParser - Done.
2015-05-09 17:08:29.363 [main] INFO  class sg.edu.nus.comp.pdtb.runners.PdtbParser - Running argument extractor classifier...
2015-05-09 17:08:29.721 [main] INFO  class sg.edu.nus.comp.pdtb.runners.PdtbParser - Done.
2015-05-09 17:08:29.721 [main] INFO  class sg.edu.nus.comp.pdtb.runners.PdtbParser - Running Explicit classifier...
2015-05-09 17:08:29.743 [main] INFO  class sg.edu.nus.comp.pdtb.runners.PdtbParser - Done.
2015-05-09 17:08:29.753 [main] INFO  class sg.edu.nus.comp.pdtb.runners.PdtbParser - Running NonExplicit classifier...
2015-05-09 17:10:35.468 [main] INFO  class sg.edu.nus.comp.pdtb.runners.PdtbParser - Running the PDTB parser
2015-05-09 17:10:35.473 [main] INFO  class sg.edu.nus.comp.pdtb.runners.PdtbParser - Running connective classifier...
2015-05-09 17:10:35.956 [main] INFO  class sg.edu.nus.comp.pdtb.runners.PdtbParser - Done.
2015-05-09 17:10:35.957 [main] INFO  class sg.edu.nus.comp.pdtb.runners.PdtbParser - Running argument position classifier...
2015-05-09 17:10:35.998 [main] INFO  class sg.edu.nus.comp.pdtb.runners.PdtbParser - Done.
2015-05-09 17:10:36.000 [main] INFO  class sg.edu.nus.comp.pdtb.runners.PdtbParser - Running argument extractor classifier...
2015-05-09 17:10:36.353 [main] INFO  class sg.edu.nus.comp.pdtb.runners.PdtbParser - Done.
2015-05-09 17:10:36.353 [main] INFO  class sg.edu.nus.comp.pdtb.runners.PdtbParser - Running Explicit classifier...
2015-05-09 17:10:36.375 [main] INFO  class sg.edu.nus.comp.pdtb.runners.PdtbParser - Done.
2015-05-09 17:10:36.387 [main] INFO  class sg.edu.nus.comp.pdtb.runners.PdtbParser - Running NonExplicit classifier...
2015-05-09 17:14:16.553 [main] INFO  class sg.edu.nus.comp.pdtb.runners.PdtbParser - Running the PDTB parser
2015-05-09 17:14:16.555 [main] INFO  class sg.edu.nus.comp.pdtb.runners.PdtbParser - Running connective classifier...
2015-05-09 17:14:17.059 [main] INFO  class sg.edu.nus.comp.pdtb.runners.PdtbParser - Done.
2015-05-09 17:14:17.060 [main] INFO  class sg.edu.nus.comp.pdtb.runners.PdtbParser - Running argument position classifier...
2015-05-09 17:14:17.102 [main] INFO  class sg.edu.nus.comp.pdtb.runners.PdtbParser - Done.
2015-05-09 17:14:17.104 [main] INFO  class sg.edu.nus.comp.pdtb.runners.PdtbParser - Running argument extractor classifier...
2015-05-09 17:14:17.452 [main] INFO  class sg.edu.nus.comp.pdtb.runners.PdtbParser - Done.
2015-05-09 17:14:17.452 [main] INFO  class sg.edu.nus.comp.pdtb.runners.PdtbParser - Running Explicit classifier...
2015-05-09 17:14:17.475 [main] INFO  class sg.edu.nus.comp.pdtb.runners.PdtbParser - Done.
2015-05-09 17:14:17.478 [main] INFO  class sg.edu.nus.comp.pdtb.runners.PdtbParser - Running NonExplicit classifier...
2015-05-09 17:14:17.658 [main] INFO  class sg.edu.nus.comp.pdtb.runners.PdtbParser - Done with everything. The PDTB relations for the file are in: tmp/test_0208.pipe
2015-05-09 17:14:47.962 [main] INFO  class sg.edu.nus.comp.pdtb.runners.PdtbParser - Running the PDTB parser
2015-05-09 17:14:47.967 [main] INFO  class sg.edu.nus.comp.pdtb.runners.PdtbParser - Running connective classifier...
2015-05-09 17:14:48.433 [main] INFO  class sg.edu.nus.comp.pdtb.runners.PdtbParser - Done.
2015-05-09 17:14:48.433 [main] INFO  class sg.edu.nus.comp.pdtb.runners.PdtbParser - Running argument position classifier...
2015-05-09 17:14:48.475 [main] INFO  class sg.edu.nus.comp.pdtb.runners.PdtbParser - Done.
2015-05-09 17:14:48.477 [main] INFO  class sg.edu.nus.comp.pdtb.runners.PdtbParser - Running argument extractor classifier...
2015-05-09 17:14:48.830 [main] INFO  class sg.edu.nus.comp.pdtb.runners.PdtbParser - Done.
2015-05-09 17:14:48.831 [main] INFO  class sg.edu.nus.comp.pdtb.runners.PdtbParser - Running Explicit classifier...
2015-05-09 17:14:48.854 [main] INFO  class sg.edu.nus.comp.pdtb.runners.PdtbParser - Done.
2015-05-09 17:14:48.866 [main] INFO  class sg.edu.nus.comp.pdtb.runners.PdtbParser - Running NonExplicit classifier...
2015-05-09 17:15:21.966 [main] INFO  class sg.edu.nus.comp.pdtb.runners.PdtbParser - Done with everything. The PDTB relations for the file are in: tmp/test_0208.pipe
2015-05-09 17:16:48.795 [main] INFO  class sg.edu.nus.comp.pdtb.runners.PdtbParser - Running the PDTB parser
2015-05-09 17:16:48.797 [main] INFO  class sg.edu.nus.comp.pdtb.runners.PdtbParser - Running connective classifier...
2015-05-09 17:16:49.302 [main] INFO  class sg.edu.nus.comp.pdtb.runners.PdtbParser - Done.
2015-05-09 17:16:49.303 [main] INFO  class sg.edu.nus.comp.pdtb.runners.PdtbParser - Running argument position classifier...
2015-05-09 17:16:49.346 [main] INFO  class sg.edu.nus.comp.pdtb.runners.PdtbParser - Done.
2015-05-09 17:16:49.348 [main] INFO  class sg.edu.nus.comp.pdtb.runners.PdtbParser - Running argument extractor classifier...
2015-05-09 17:16:49.701 [main] INFO  class sg.edu.nus.comp.pdtb.runners.PdtbParser - Done.
2015-05-09 17:16:49.701 [main] INFO  class sg.edu.nus.comp.pdtb.runners.PdtbParser - Running Explicit classifier...
2015-05-09 17:16:49.722 [main] INFO  class sg.edu.nus.comp.pdtb.runners.PdtbParser - Done.
2015-05-09 17:16:49.725 [main] INFO  class sg.edu.nus.comp.pdtb.runners.PdtbParser - Running NonExplicit classifier...
2015-05-09 17:16:49.904 [main] INFO  class sg.edu.nus.comp.pdtb.runners.PdtbParser - Done with everything. The PDTB relations for the file are in: tmp/test_0208.pipe
2015-05-09 17:17:42.142 [main] INFO  class sg.edu.nus.comp.pdtb.runners.PdtbParser - Running the PDTB parser
2015-05-09 17:17:42.144 [main] INFO  class sg.edu.nus.comp.pdtb.runners.PdtbParser - Running connective classifier...
2015-05-09 17:17:42.654 [main] INFO  class sg.edu.nus.comp.pdtb.runners.PdtbParser - Done.
2015-05-09 17:17:42.655 [main] INFO  class sg.edu.nus.comp.pdtb.runners.PdtbParser - Running argument position classifier...
2015-05-09 17:17:42.698 [main] INFO  class sg.edu.nus.comp.pdtb.runners.PdtbParser - Done.
2015-05-09 17:17:42.699 [main] INFO  class sg.edu.nus.comp.pdtb.runners.PdtbParser - Running argument extractor classifier...
2015-05-09 17:17:43.063 [main] INFO  class sg.edu.nus.comp.pdtb.runners.PdtbParser - Done.
2015-05-09 17:17:43.064 [main] INFO  class sg.edu.nus.comp.pdtb.runners.PdtbParser - Running Explicit classifier...
2015-05-09 17:17:43.084 [main] INFO  class sg.edu.nus.comp.pdtb.runners.PdtbParser - Done.
2015-05-09 17:17:43.087 [main] INFO  class sg.edu.nus.comp.pdtb.runners.PdtbParser - Running NonExplicit classifier...
2015-05-09 17:17:43.267 [main] INFO  class sg.edu.nus.comp.pdtb.runners.PdtbParser - Done with everything. The PDTB relations for the file are in: tmp/test_0208.pipe
2015-05-09 17:26:32.363 [main] INFO  class sg.edu.nus.comp.pdtb.runners.PdtbParser - Generating parse and dependecy trees with Stanford parser...
2015-05-09 17:26:53.318 [main] INFO  class sg.edu.nus.comp.pdtb.runners.PdtbParser - Tree generation done.
2015-05-09 17:26:53.320 [main] INFO  sg.edu.nus.comp.pdtb.runners.SpanTreeExtractor - Generating the spans of each node in the parse trees.
2015-05-09 17:26:53.396 [main] INFO  sg.edu.nus.comp.pdtb.runners.SpanTreeExtractor - Done.
2015-05-09 17:26:53.396 [main] INFO  class sg.edu.nus.comp.pdtb.runners.PdtbParser - Running the PDTB parser
2015-05-09 17:26:53.397 [main] INFO  class sg.edu.nus.comp.pdtb.runners.PdtbParser - Running connective classifier...
2015-05-09 17:26:53.715 [main] INFO  class sg.edu.nus.comp.pdtb.runners.PdtbParser - Done.
2015-05-09 17:26:53.715 [main] INFO  class sg.edu.nus.comp.pdtb.runners.PdtbParser - Running argument position classifier...
2015-05-09 17:26:53.741 [main] INFO  class sg.edu.nus.comp.pdtb.runners.PdtbParser - Done.
2015-05-09 17:26:53.743 [main] INFO  class sg.edu.nus.comp.pdtb.runners.PdtbParser - Running argument extractor classifier...
2015-05-09 17:29:39.737 [main] INFO  class sg.edu.nus.comp.pdtb.runners.PdtbParser - Generating parse and dependecy trees with Stanford parser...
2015-05-09 17:29:57.290 [main] INFO  class sg.edu.nus.comp.pdtb.runners.PdtbParser - Tree generation done.
2015-05-09 17:29:57.291 [main] INFO  sg.edu.nus.comp.pdtb.runners.SpanTreeExtractor - Generating the spans of each node in the parse trees.
2015-05-09 17:29:57.361 [main] INFO  sg.edu.nus.comp.pdtb.runners.SpanTreeExtractor - Done.
2015-05-09 17:29:57.361 [main] INFO  class sg.edu.nus.comp.pdtb.runners.PdtbParser - Running the PDTB parser
2015-05-09 17:29:57.362 [main] INFO  class sg.edu.nus.comp.pdtb.runners.PdtbParser - Running connective classifier...
2015-05-09 17:29:57.691 [main] INFO  class sg.edu.nus.comp.pdtb.runners.PdtbParser - Done.
2015-05-09 17:29:57.691 [main] INFO  class sg.edu.nus.comp.pdtb.runners.PdtbParser - Running argument position classifier...
2015-05-09 17:29:57.717 [main] INFO  class sg.edu.nus.comp.pdtb.runners.PdtbParser - Done.
2015-05-09 17:29:57.719 [main] INFO  class sg.edu.nus.comp.pdtb.runners.PdtbParser - Running argument extractor classifier...
2015-05-09 17:33:01.119 [main] INFO  class sg.edu.nus.comp.pdtb.runners.PdtbParser - Generating parse and dependecy trees with Stanford parser...
2015-05-09 17:33:18.181 [main] INFO  class sg.edu.nus.comp.pdtb.runners.PdtbParser - Tree generation done.
2015-05-09 17:33:18.183 [main] INFO  sg.edu.nus.comp.pdtb.runners.SpanTreeExtractor - Generating the spans of each node in the parse trees.
2015-05-09 17:33:18.254 [main] INFO  sg.edu.nus.comp.pdtb.runners.SpanTreeExtractor - Done.
2015-05-09 17:33:18.254 [main] INFO  class sg.edu.nus.comp.pdtb.runners.PdtbParser - Running the PDTB parser
2015-05-09 17:33:18.255 [main] INFO  class sg.edu.nus.comp.pdtb.runners.PdtbParser - Running connective classifier...
2015-05-09 17:33:18.587 [main] INFO  class sg.edu.nus.comp.pdtb.runners.PdtbParser - Done.
2015-05-09 17:33:18.588 [main] INFO  class sg.edu.nus.comp.pdtb.runners.PdtbParser - Running argument position classifier...
2015-05-09 17:33:18.614 [main] INFO  class sg.edu.nus.comp.pdtb.runners.PdtbParser - Done.
2015-05-09 17:33:18.616 [main] INFO  class sg.edu.nus.comp.pdtb.runners.PdtbParser - Running argument extractor classifier...
2015-05-09 17:34:01.730 [main] INFO  class sg.edu.nus.comp.pdtb.runners.PdtbParser - Generating parse and dependecy trees with Stanford parser...
2015-05-09 17:34:21.720 [main] INFO  class sg.edu.nus.comp.pdtb.runners.PdtbParser - Tree generation done.
2015-05-09 17:34:21.726 [main] INFO  sg.edu.nus.comp.pdtb.runners.SpanTreeExtractor - Generating the spans of each node in the parse trees.
2015-05-09 17:34:21.806 [main] INFO  sg.edu.nus.comp.pdtb.runners.SpanTreeExtractor - Done.
2015-05-09 17:34:21.806 [main] INFO  class sg.edu.nus.comp.pdtb.runners.PdtbParser - Running the PDTB parser
2015-05-09 17:34:21.810 [main] INFO  class sg.edu.nus.comp.pdtb.runners.PdtbParser - Running connective classifier...
2015-05-09 17:34:22.207 [main] INFO  class sg.edu.nus.comp.pdtb.runners.PdtbParser - Done.
2015-05-09 17:34:22.207 [main] INFO  class sg.edu.nus.comp.pdtb.runners.PdtbParser - Running argument position classifier...
2015-05-09 17:34:22.236 [main] INFO  class sg.edu.nus.comp.pdtb.runners.PdtbParser - Done.
2015-05-09 17:34:22.242 [main] INFO  class sg.edu.nus.comp.pdtb.runners.PdtbParser - Running argument extractor classifier...
2015-05-09 17:37:03.359 [main] INFO  class sg.edu.nus.comp.pdtb.runners.PdtbParser - Generating parse and dependecy trees with Stanford parser...
2015-05-09 17:37:21.266 [main] INFO  class sg.edu.nus.comp.pdtb.runners.PdtbParser - Tree generation done.
2015-05-09 17:37:21.267 [main] INFO  sg.edu.nus.comp.pdtb.runners.SpanTreeExtractor - Generating the spans of each node in the parse trees.
2015-05-09 17:37:21.346 [main] INFO  sg.edu.nus.comp.pdtb.runners.SpanTreeExtractor - Done.
2015-05-09 17:37:21.346 [main] INFO  class sg.edu.nus.comp.pdtb.runners.PdtbParser - Running the PDTB parser
2015-05-09 17:37:21.347 [main] INFO  class sg.edu.nus.comp.pdtb.runners.PdtbParser - Running connective classifier...
2015-05-09 17:37:21.672 [main] INFO  class sg.edu.nus.comp.pdtb.runners.PdtbParser - Done.
2015-05-09 17:37:21.672 [main] INFO  class sg.edu.nus.comp.pdtb.runners.PdtbParser - Running argument position classifier...
2015-05-09 17:37:21.704 [main] INFO  class sg.edu.nus.comp.pdtb.runners.PdtbParser - Done.
2015-05-09 17:37:21.705 [main] INFO  class sg.edu.nus.comp.pdtb.runners.PdtbParser - Running argument extractor classifier...
2015-05-09 17:37:22.064 [main] INFO  class sg.edu.nus.comp.pdtb.runners.PdtbParser - Done.
2015-05-09 17:37:22.064 [main] INFO  class sg.edu.nus.comp.pdtb.runners.PdtbParser - Running Explicit classifier...
2015-05-09 17:37:22.084 [main] INFO  class sg.edu.nus.comp.pdtb.runners.PdtbParser - Done.
2015-05-09 17:37:22.087 [main] INFO  class sg.edu.nus.comp.pdtb.runners.PdtbParser - Running NonExplicit classifier...
2015-05-09 17:37:22.255 [main] INFO  class sg.edu.nus.comp.pdtb.runners.PdtbParser - Done with everything. The PDTB relations for the file are in: tmp/wsj_2300.pipe
2015-05-09 17:56:41.636 [main] INFO  class sg.edu.nus.comp.pdtb.runners.PdtbParser - Generating parse and dependecy trees with Stanford parser...
2015-05-09 17:56:59.847 [main] INFO  class sg.edu.nus.comp.pdtb.runners.PdtbParser - Tree generation done.
2015-05-09 17:56:59.848 [main] INFO  sg.edu.nus.comp.pdtb.runners.SpanTreeExtractor - Generating the spans of each node in the parse trees.
2015-05-09 17:56:59.922 [main] INFO  sg.edu.nus.comp.pdtb.runners.SpanTreeExtractor - Done.
2015-05-09 17:56:59.923 [main] INFO  class sg.edu.nus.comp.pdtb.runners.PdtbParser - Running the PDTB parser
2015-05-09 17:56:59.924 [main] INFO  class sg.edu.nus.comp.pdtb.runners.PdtbParser - Running connective classifier...
2015-05-09 17:57:00.245 [main] INFO  class sg.edu.nus.comp.pdtb.runners.PdtbParser - Done.
2015-05-09 17:57:00.246 [main] INFO  class sg.edu.nus.comp.pdtb.runners.PdtbParser - Running argument position classifier...
2015-05-09 17:57:00.275 [main] INFO  class sg.edu.nus.comp.pdtb.runners.PdtbParser - Done.
2015-05-09 17:57:00.277 [main] INFO  class sg.edu.nus.comp.pdtb.runners.PdtbParser - Running argument extractor classifier...
2015-05-09 17:57:00.632 [main] INFO  class sg.edu.nus.comp.pdtb.runners.PdtbParser - Done.
2015-05-09 17:57:00.633 [main] INFO  class sg.edu.nus.comp.pdtb.runners.PdtbParser - Running Explicit classifier...
2015-05-09 17:57:00.652 [main] INFO  class sg.edu.nus.comp.pdtb.runners.PdtbParser - Done.
2015-05-09 17:57:00.655 [main] INFO  class sg.edu.nus.comp.pdtb.runners.PdtbParser - Running NonExplicit classifier...
2015-05-09 17:57:00.835 [main] INFO  class sg.edu.nus.comp.pdtb.runners.PdtbParser - Done with everything. The PDTB relations for the file are in: tmp/wsj_2300.pipe
2015-05-09 17:57:02.103 [main] INFO  class sg.edu.nus.comp.pdtb.runners.PdtbParser - Running the PDTB parser
2015-05-09 17:57:02.106 [main] INFO  class sg.edu.nus.comp.pdtb.runners.PdtbParser - Running connective classifier...
2015-05-09 17:57:02.615 [main] INFO  class sg.edu.nus.comp.pdtb.runners.PdtbParser - Done.
2015-05-09 17:57:02.616 [main] INFO  class sg.edu.nus.comp.pdtb.runners.PdtbParser - Running argument position classifier...
2015-05-09 17:57:02.659 [main] INFO  class sg.edu.nus.comp.pdtb.runners.PdtbParser - Done.
2015-05-09 17:57:02.661 [main] INFO  class sg.edu.nus.comp.pdtb.runners.PdtbParser - Running argument extractor classifier...
2015-05-09 17:57:03.009 [main] INFO  class sg.edu.nus.comp.pdtb.runners.PdtbParser - Done.
2015-05-09 17:57:03.010 [main] INFO  class sg.edu.nus.comp.pdtb.runners.PdtbParser - Running Explicit classifier...
2015-05-09 17:57:03.030 [main] INFO  class sg.edu.nus.comp.pdtb.runners.PdtbParser - Done.
2015-05-09 17:57:03.033 [main] INFO  class sg.edu.nus.comp.pdtb.runners.PdtbParser - Running NonExplicit classifier...
2015-05-09 17:57:03.222 [main] INFO  class sg.edu.nus.comp.pdtb.runners.PdtbParser - Done with everything. The PDTB relations for the file are in: tmp/test_0208.pipe
2015-05-09 17:59:44.444 [main] INFO  class sg.edu.nus.comp.pdtb.runners.PdtbParser - Running the PDTB parser
2015-05-09 17:59:44.446 [main] INFO  class sg.edu.nus.comp.pdtb.runners.PdtbParser - Running connective classifier...
2015-05-09 17:59:44.955 [main] INFO  class sg.edu.nus.comp.pdtb.runners.PdtbParser - Done.
2015-05-09 17:59:44.956 [main] INFO  class sg.edu.nus.comp.pdtb.runners.PdtbParser - Running argument position classifier...
2015-05-09 17:59:44.999 [main] INFO  class sg.edu.nus.comp.pdtb.runners.PdtbParser - Done.
2015-05-09 17:59:45.001 [main] INFO  class sg.edu.nus.comp.pdtb.runners.PdtbParser - Running argument extractor classifier...
2015-05-09 17:59:45.376 [main] INFO  class sg.edu.nus.comp.pdtb.runners.PdtbParser - Done.
2015-05-09 17:59:45.376 [main] INFO  class sg.edu.nus.comp.pdtb.runners.PdtbParser - Running Explicit classifier...
2015-05-09 17:59:45.396 [main] INFO  class sg.edu.nus.comp.pdtb.runners.PdtbParser - Done.
2015-05-09 17:59:45.399 [main] INFO  class sg.edu.nus.comp.pdtb.runners.PdtbParser - Running NonExplicit classifier...
2015-05-09 17:59:45.592 [main] INFO  class sg.edu.nus.comp.pdtb.runners.PdtbParser - Done with everything. The PDTB relations for the file are in: tmp/test_0208.pipe
2015-05-09 18:03:13.121 [main] INFO  class sg.edu.nus.comp.pdtb.runners.PdtbParser - Running the PDTB parser
2015-05-09 18:03:13.123 [main] INFO  class sg.edu.nus.comp.pdtb.runners.PdtbParser - Running connective classifier...
2015-05-09 18:03:13.635 [main] INFO  class sg.edu.nus.comp.pdtb.runners.PdtbParser - Done.
2015-05-09 18:03:13.636 [main] INFO  class sg.edu.nus.comp.pdtb.runners.PdtbParser - Running argument position classifier...
2015-05-09 18:03:13.679 [main] INFO  class sg.edu.nus.comp.pdtb.runners.PdtbParser - Done.
2015-05-09 18:03:13.681 [main] INFO  class sg.edu.nus.comp.pdtb.runners.PdtbParser - Running argument extractor classifier...
2015-05-09 18:03:14.063 [main] INFO  class sg.edu.nus.comp.pdtb.runners.PdtbParser - Done.
2015-05-09 18:03:14.064 [main] INFO  class sg.edu.nus.comp.pdtb.runners.PdtbParser - Running Explicit classifier...
2015-05-09 18:03:14.084 [main] INFO  class sg.edu.nus.comp.pdtb.runners.PdtbParser - Done.
2015-05-09 18:03:14.088 [main] INFO  class sg.edu.nus.comp.pdtb.runners.PdtbParser - Running NonExplicit classifier...
2015-05-09 18:03:14.281 [main] INFO  class sg.edu.nus.comp.pdtb.runners.PdtbParser - Done with everything. The PDTB relations for the file are in: tmp/test_0208.pipe
2015-05-09 18:03:14.281 [main] INFO  class sg.edu.nus.comp.pdtb.runners.PdtbParser - Running the PDTB parser
2015-05-09 18:03:14.281 [main] INFO  class sg.edu.nus.comp.pdtb.runners.PdtbParser - Running connective classifier...
2015-05-09 18:03:14.495 [main] INFO  class sg.edu.nus.comp.pdtb.runners.PdtbParser - Done.
2015-05-09 18:03:14.495 [main] INFO  class sg.edu.nus.comp.pdtb.runners.PdtbParser - Running argument position classifier...
2015-05-09 18:03:14.520 [main] INFO  class sg.edu.nus.comp.pdtb.runners.PdtbParser - Done.
2015-05-09 18:03:14.520 [main] INFO  class sg.edu.nus.comp.pdtb.runners.PdtbParser - Running argument extractor classifier...
2015-05-09 18:03:14.766 [main] INFO  class sg.edu.nus.comp.pdtb.runners.PdtbParser - Done.
2015-05-09 18:03:14.766 [main] INFO  class sg.edu.nus.comp.pdtb.runners.PdtbParser - Running Explicit classifier...
2015-05-09 18:03:14.785 [main] INFO  class sg.edu.nus.comp.pdtb.runners.PdtbParser - Done.
2015-05-09 18:03:14.787 [main] INFO  class sg.edu.nus.comp.pdtb.runners.PdtbParser - Running NonExplicit classifier...
2015-05-09 18:03:14.888 [main] INFO  class sg.edu.nus.comp.pdtb.runners.PdtbParser - Done with everything. The PDTB relations for the file are in: tmp/wsj_2300.pipe
2015-05-09 18:07:19.190 [main] INFO  class sg.edu.nus.comp.pdtb.runners.PdtbParser - Running the PDTB parser
2015-05-09 18:07:19.192 [main] INFO  class sg.edu.nus.comp.pdtb.runners.PdtbParser - Running connective classifier...
2015-05-09 18:07:19.702 [main] INFO  class sg.edu.nus.comp.pdtb.runners.PdtbParser - Done.
2015-05-09 18:07:19.702 [main] INFO  class sg.edu.nus.comp.pdtb.runners.PdtbParser - Running argument position classifier...
2015-05-09 18:07:19.745 [main] INFO  class sg.edu.nus.comp.pdtb.runners.PdtbParser - Done.
2015-05-09 18:07:19.747 [main] INFO  class sg.edu.nus.comp.pdtb.runners.PdtbParser - Running argument extractor classifier...
2015-05-09 18:07:20.116 [main] INFO  class sg.edu.nus.comp.pdtb.runners.PdtbParser - Done.
2015-05-09 18:07:20.117 [main] INFO  class sg.edu.nus.comp.pdtb.runners.PdtbParser - Running Explicit classifier...
2015-05-09 18:07:20.140 [main] INFO  class sg.edu.nus.comp.pdtb.runners.PdtbParser - Done.
2015-05-09 18:07:20.143 [main] INFO  class sg.edu.nus.comp.pdtb.runners.PdtbParser - Running NonExplicit classifier...
2015-05-09 18:07:20.331 [main] INFO  class sg.edu.nus.comp.pdtb.runners.PdtbParser - Done with everything. The PDTB relations for the file are in: tmp/test_0208.pipe
2015-05-09 18:07:20.331 [main] INFO  class sg.edu.nus.comp.pdtb.runners.PdtbParser - Running the PDTB parser
2015-05-09 18:07:20.331 [main] INFO  class sg.edu.nus.comp.pdtb.runners.PdtbParser - Running connective classifier...
2015-05-09 18:07:20.548 [main] INFO  class sg.edu.nus.comp.pdtb.runners.PdtbParser - Done.
2015-05-09 18:07:20.549 [main] INFO  class sg.edu.nus.comp.pdtb.runners.PdtbParser - Running argument position classifier...
2015-05-09 18:07:20.572 [main] INFO  class sg.edu.nus.comp.pdtb.runners.PdtbParser - Done.
2015-05-09 18:07:20.572 [main] INFO  class sg.edu.nus.comp.pdtb.runners.PdtbParser - Running argument extractor classifier...
2015-05-09 18:07:20.816 [main] INFO  class sg.edu.nus.comp.pdtb.runners.PdtbParser - Done.
2015-05-09 18:07:20.816 [main] INFO  class sg.edu.nus.comp.pdtb.runners.PdtbParser - Running Explicit classifier...
2015-05-09 18:07:20.836 [main] INFO  class sg.edu.nus.comp.pdtb.runners.PdtbParser - Done.
2015-05-09 18:07:20.837 [main] INFO  class sg.edu.nus.comp.pdtb.runners.PdtbParser - Running NonExplicit classifier...
2015-05-09 18:07:20.936 [main] INFO  class sg.edu.nus.comp.pdtb.runners.PdtbParser - Done with everything. The PDTB relations for the file are in: tmp/wsj_2300.pipe
