2015-05-08 16:26:01.111 [main] INFO  class sg.edu.nus.comp.pdtb.runners.PdtbParser - Generating parse and dependecy trees
2015-05-08 16:26:10.444 [main] INFO  class sg.edu.nus.comp.pdtb.runners.PdtbParser - Tree generation done.
2015-05-08 16:26:10.445 [main] INFO  class sg.edu.nus.comp.pdtb.runners.PdtbParser - Running the PDTB parser
2015-05-08 16:28:10.004 [main] INFO  class sg.edu.nus.comp.pdtb.runners.PdtbParser - Generating parse and dependecy trees
2015-05-08 16:28:19.717 [main] INFO  class sg.edu.nus.comp.pdtb.runners.PdtbParser - Tree generation done.
2015-05-08 16:28:19.717 [main] INFO  class sg.edu.nus.comp.pdtb.runners.PdtbParser - Running the PDTB parser
2015-05-08 16:29:20.937 [main] INFO  class sg.edu.nus.comp.pdtb.runners.PdtbParser - Generating parse and dependecy trees
2015-05-08 16:29:30.550 [main] INFO  class sg.edu.nus.comp.pdtb.runners.PdtbParser - Tree generation done.
2015-05-08 16:29:30.551 [main] INFO  class sg.edu.nus.comp.pdtb.runners.PdtbParser - Running the PDTB parser
2015-05-08 16:55:54.250 [main] INFO  class sg.edu.nus.comp.pdtb.runners.PdtbParser - Generating parse and dependecy trees with Stanford parser...
2015-05-08 16:56:03.579 [main] INFO  class sg.edu.nus.comp.pdtb.runners.PdtbParser - Tree generation done.
2015-05-08 16:56:03.579 [main] INFO  class sg.edu.nus.comp.pdtb.runners.PdtbParser - Generating tree nodes spans file...
2015-05-08 16:56:03.581 [main] INFO  sg.edu.nus.comp.pdtb.runners.SpanTreeExtractor - Generating the spans of each node in the parse trees.
2015-05-08 16:56:03.643 [main] INFO  sg.edu.nus.comp.pdtb.runners.SpanTreeExtractor - Done.
2015-05-08 16:56:03.643 [main] INFO  class sg.edu.nus.comp.pdtb.runners.PdtbParser - Running the PDTB parser
2015-05-08 17:03:25.743 [main] INFO  class sg.edu.nus.comp.pdtb.runners.PdtbParser - Generating parse and dependecy trees with Stanford parser...
2015-05-08 17:03:36.180 [main] INFO  class sg.edu.nus.comp.pdtb.runners.PdtbParser - Tree generation done.
2015-05-08 17:03:36.180 [main] INFO  class sg.edu.nus.comp.pdtb.runners.PdtbParser - Generating tree nodes spans file...
2015-05-08 17:03:36.182 [main] INFO  sg.edu.nus.comp.pdtb.runners.SpanTreeExtractor - Generating the spans of each node in the parse trees.
2015-05-08 17:03:36.242 [main] INFO  sg.edu.nus.comp.pdtb.runners.SpanTreeExtractor - Done.
2015-05-08 17:03:36.242 [main] INFO  class sg.edu.nus.comp.pdtb.runners.PdtbParser - Running the PDTB parser
2015-05-08 17:05:13.762 [main] INFO  class sg.edu.nus.comp.pdtb.runners.PdtbParser - Generating parse and dependecy trees with Stanford parser...
2015-05-08 17:05:24.135 [main] INFO  class sg.edu.nus.comp.pdtb.runners.PdtbParser - Tree generation done.
2015-05-08 17:05:24.135 [main] INFO  class sg.edu.nus.comp.pdtb.runners.PdtbParser - Generating tree nodes spans file...
2015-05-08 17:05:24.136 [main] INFO  sg.edu.nus.comp.pdtb.runners.SpanTreeExtractor - Generating the spans of each node in the parse trees.
2015-05-08 17:05:24.191 [main] INFO  sg.edu.nus.comp.pdtb.runners.SpanTreeExtractor - Done.
2015-05-08 17:05:24.191 [main] INFO  class sg.edu.nus.comp.pdtb.runners.PdtbParser - Running the PDTB parser
2015-05-08 17:17:59.694 [main] INFO  class sg.edu.nus.comp.pdtb.runners.PdtbParser - Generating parse and dependecy trees with Stanford parser...
2015-05-08 17:18:09.638 [main] INFO  class sg.edu.nus.comp.pdtb.runners.PdtbParser - Tree generation done.
2015-05-08 17:18:09.639 [main] INFO  sg.edu.nus.comp.pdtb.runners.SpanTreeExtractor - Generating the spans of each node in the parse trees.
2015-05-08 17:18:09.699 [main] INFO  sg.edu.nus.comp.pdtb.runners.SpanTreeExtractor - Done.
2015-05-08 17:18:09.699 [main] INFO  class sg.edu.nus.comp.pdtb.runners.PdtbParser - Running the PDTB parser
2015-05-08 17:18:09.700 [main] INFO  class sg.edu.nus.comp.pdtb.runners.PdtbParser - Running connective classifier...
2015-05-08 17:18:10.019 [main] INFO  class sg.edu.nus.comp.pdtb.runners.PdtbParser - Done.
2015-05-08 17:18:10.019 [main] INFO  class sg.edu.nus.comp.pdtb.runners.PdtbParser - Running argument position classifier...
2015-05-08 17:25:00.747 [main] INFO  class sg.edu.nus.comp.pdtb.runners.PdtbParser - Running the PDTB parser
2015-05-08 17:25:00.749 [main] INFO  class sg.edu.nus.comp.pdtb.runners.PdtbParser - Running connective classifier...
2015-05-08 17:25:01.293 [main] INFO  class sg.edu.nus.comp.pdtb.runners.PdtbParser - Done.
2015-05-08 17:25:01.293 [main] INFO  class sg.edu.nus.comp.pdtb.runners.PdtbParser - Running argument position classifier...
2015-05-08 17:30:42.659 [main] INFO  class sg.edu.nus.comp.pdtb.runners.PdtbParser - Running the PDTB parser
2015-05-08 17:30:42.662 [main] INFO  class sg.edu.nus.comp.pdtb.runners.PdtbParser - Running connective classifier...
2015-05-08 17:30:43.126 [main] INFO  class sg.edu.nus.comp.pdtb.runners.PdtbParser - Done.
2015-05-08 17:30:43.127 [main] INFO  class sg.edu.nus.comp.pdtb.runners.PdtbParser - Running argument position classifier...
2015-05-08 19:03:51.557 [main] INFO  class sg.edu.nus.comp.pdtb.runners.PdtbParser - Running the PDTB parser
2015-05-08 19:03:51.567 [main] INFO  class sg.edu.nus.comp.pdtb.runners.PdtbParser - Running connective classifier...
2015-05-08 19:03:55.186 [main] INFO  class sg.edu.nus.comp.pdtb.runners.PdtbParser - Done.
2015-05-08 19:03:55.188 [main] INFO  class sg.edu.nus.comp.pdtb.runners.PdtbParser - Running argument position classifier...
2015-05-08 19:04:27.107 [main] INFO  class sg.edu.nus.comp.pdtb.runners.PdtbParser - Running the PDTB parser
2015-05-08 19:04:27.116 [main] INFO  class sg.edu.nus.comp.pdtb.runners.PdtbParser - Running connective classifier...
2015-05-08 19:04:32.886 [main] INFO  class sg.edu.nus.comp.pdtb.runners.PdtbParser - Done.
2015-05-08 19:04:32.889 [main] INFO  class sg.edu.nus.comp.pdtb.runners.PdtbParser - Running argument position classifier...
2015-05-08 19:05:01.675 [main] INFO  class sg.edu.nus.comp.pdtb.runners.PdtbParser - Running the PDTB parser
2015-05-08 19:05:01.677 [main] INFO  class sg.edu.nus.comp.pdtb.runners.PdtbParser - Running connective classifier...
2015-05-08 19:05:02.160 [main] INFO  class sg.edu.nus.comp.pdtb.runners.PdtbParser - Done.
2015-05-08 19:05:02.161 [main] INFO  class sg.edu.nus.comp.pdtb.runners.PdtbParser - Running argument position classifier...
2015-05-08 19:07:33.309 [main] INFO  class sg.edu.nus.comp.pdtb.runners.PdtbParser - Running the PDTB parser
2015-05-08 19:07:33.315 [main] INFO  class sg.edu.nus.comp.pdtb.runners.PdtbParser - Running connective classifier...
2015-05-08 19:07:33.792 [main] INFO  class sg.edu.nus.comp.pdtb.runners.PdtbParser - Done.
2015-05-08 19:07:33.796 [main] INFO  class sg.edu.nus.comp.pdtb.runners.PdtbParser - Running argument position classifier...
2015-05-08 19:07:41.641 [main] INFO  class sg.edu.nus.comp.pdtb.runners.PdtbParser - Done.
2015-05-08 19:17:07.337 [main] INFO  class sg.edu.nus.comp.pdtb.runners.PdtbParser - Running the PDTB parser
2015-05-08 19:17:07.344 [main] INFO  class sg.edu.nus.comp.pdtb.runners.PdtbParser - Running connective classifier...
2015-05-08 19:17:07.883 [main] INFO  class sg.edu.nus.comp.pdtb.runners.PdtbParser - Done.
2015-05-08 19:17:07.886 [main] INFO  class sg.edu.nus.comp.pdtb.runners.PdtbParser - Running argument position classifier...
2015-05-08 19:17:12.069 [main] INFO  class sg.edu.nus.comp.pdtb.runners.PdtbParser - Done.
2015-05-08 19:17:12.076 [main] INFO  class sg.edu.nus.comp.pdtb.runners.PdtbParser - Running argument extractor classifier...
2015-05-08 19:20:36.678 [main] INFO  class sg.edu.nus.comp.pdtb.runners.PdtbParser - Running the PDTB parser
2015-05-08 19:20:36.681 [main] INFO  class sg.edu.nus.comp.pdtb.runners.PdtbParser - Running connective classifier...
2015-05-08 19:20:37.185 [main] INFO  class sg.edu.nus.comp.pdtb.runners.PdtbParser - Done.
2015-05-08 19:20:37.185 [main] INFO  class sg.edu.nus.comp.pdtb.runners.PdtbParser - Running argument position classifier...
2015-05-08 19:20:37.228 [main] INFO  class sg.edu.nus.comp.pdtb.runners.PdtbParser - Done.
2015-05-08 19:20:37.229 [main] INFO  class sg.edu.nus.comp.pdtb.runners.PdtbParser - Running argument extractor classifier...
2015-05-08 19:20:37.576 [main] INFO  class sg.edu.nus.comp.pdtb.runners.PdtbParser - Done.
2015-05-08 19:22:15.840 [main] INFO  class sg.edu.nus.comp.pdtb.runners.PdtbParser - Running the PDTB parser
2015-05-08 19:22:15.842 [main] INFO  class sg.edu.nus.comp.pdtb.runners.PdtbParser - Running connective classifier...
2015-05-08 19:22:16.347 [main] INFO  class sg.edu.nus.comp.pdtb.runners.PdtbParser - Done.
2015-05-08 19:22:16.348 [main] INFO  class sg.edu.nus.comp.pdtb.runners.PdtbParser - Running argument position classifier...
2015-05-08 19:22:16.391 [main] INFO  class sg.edu.nus.comp.pdtb.runners.PdtbParser - Done.
2015-05-08 19:22:16.392 [main] INFO  class sg.edu.nus.comp.pdtb.runners.PdtbParser - Running argument extractor classifier...
2015-05-08 19:22:16.690 [main] INFO  class sg.edu.nus.comp.pdtb.runners.PdtbParser - Done.
2015-05-08 20:18:43.419 [main] INFO  class sg.edu.nus.comp.pdtb.runners.PdtbParser - Running the PDTB parser
2015-05-08 20:18:43.425 [main] INFO  class sg.edu.nus.comp.pdtb.runners.PdtbParser - Running connective classifier...
2015-05-08 20:18:43.922 [main] INFO  class sg.edu.nus.comp.pdtb.runners.PdtbParser - Done.
2015-05-08 20:18:43.922 [main] INFO  class sg.edu.nus.comp.pdtb.runners.PdtbParser - Running argument position classifier...
2015-05-08 20:18:43.972 [main] INFO  class sg.edu.nus.comp.pdtb.runners.PdtbParser - Done.
2015-05-08 20:18:43.980 [main] INFO  class sg.edu.nus.comp.pdtb.runners.PdtbParser - Running argument extractor classifier...
2015-05-08 20:26:33.582 [main] INFO  class sg.edu.nus.comp.pdtb.runners.PdtbParser - Running the PDTB parser
2015-05-08 20:26:33.584 [main] INFO  class sg.edu.nus.comp.pdtb.runners.PdtbParser - Running connective classifier...
2015-05-08 20:26:34.094 [main] INFO  class sg.edu.nus.comp.pdtb.runners.PdtbParser - Done.
2015-05-08 20:26:34.094 [main] INFO  class sg.edu.nus.comp.pdtb.runners.PdtbParser - Running argument position classifier...
2015-05-08 20:26:34.137 [main] INFO  class sg.edu.nus.comp.pdtb.runners.PdtbParser - Done.
2015-05-08 20:26:34.138 [main] INFO  class sg.edu.nus.comp.pdtb.runners.PdtbParser - Running argument extractor classifier...
2015-05-08 20:26:34.438 [main] INFO  class sg.edu.nus.comp.pdtb.runners.PdtbParser - Done.
2015-05-08 20:28:47.460 [main] INFO  class sg.edu.nus.comp.pdtb.runners.PdtbParser - Running the PDTB parser
2015-05-08 20:28:47.463 [main] INFO  class sg.edu.nus.comp.pdtb.runners.PdtbParser - Running connective classifier...
2015-05-08 20:28:47.980 [main] INFO  class sg.edu.nus.comp.pdtb.runners.PdtbParser - Done.
2015-05-08 20:28:47.981 [main] INFO  class sg.edu.nus.comp.pdtb.runners.PdtbParser - Running argument position classifier...
2015-05-08 20:28:48.024 [main] INFO  class sg.edu.nus.comp.pdtb.runners.PdtbParser - Done.
2015-05-08 20:28:48.025 [main] INFO  class sg.edu.nus.comp.pdtb.runners.PdtbParser - Running argument extractor classifier...
2015-05-08 20:28:48.363 [main] INFO  class sg.edu.nus.comp.pdtb.runners.PdtbParser - Done.
2015-05-08 20:45:50.190 [main] INFO  class sg.edu.nus.comp.pdtb.runners.PdtbParser - Running the PDTB parser
2015-05-08 20:45:50.193 [main] INFO  class sg.edu.nus.comp.pdtb.runners.PdtbParser - Running connective classifier...
2015-05-08 20:45:50.704 [main] INFO  class sg.edu.nus.comp.pdtb.runners.PdtbParser - Done.
2015-05-08 20:45:50.705 [main] INFO  class sg.edu.nus.comp.pdtb.runners.PdtbParser - Running argument position classifier...
2015-05-08 20:45:50.751 [main] INFO  class sg.edu.nus.comp.pdtb.runners.PdtbParser - Done.
2015-05-08 20:45:50.752 [main] INFO  class sg.edu.nus.comp.pdtb.runners.PdtbParser - Running argument extractor classifier...
2015-05-08 20:46:22.285 [main] INFO  class sg.edu.nus.comp.pdtb.runners.PdtbParser - Running the PDTB parser
2015-05-08 20:46:22.292 [main] INFO  class sg.edu.nus.comp.pdtb.runners.PdtbParser - Running connective classifier...
2015-05-08 20:46:22.786 [main] INFO  class sg.edu.nus.comp.pdtb.runners.PdtbParser - Done.
2015-05-08 20:46:22.786 [main] INFO  class sg.edu.nus.comp.pdtb.runners.PdtbParser - Running argument position classifier...
2015-05-08 20:46:22.830 [main] INFO  class sg.edu.nus.comp.pdtb.runners.PdtbParser - Done.
2015-05-08 20:46:22.837 [main] INFO  class sg.edu.nus.comp.pdtb.runners.PdtbParser - Running argument extractor classifier...
2015-05-08 20:52:06.051 [main] INFO  class sg.edu.nus.comp.pdtb.runners.PdtbParser - Running the PDTB parser
2015-05-08 20:52:06.054 [main] INFO  class sg.edu.nus.comp.pdtb.runners.PdtbParser - Running connective classifier...
2015-05-08 20:52:06.561 [main] INFO  class sg.edu.nus.comp.pdtb.runners.PdtbParser - Done.
2015-05-08 20:52:06.561 [main] INFO  class sg.edu.nus.comp.pdtb.runners.PdtbParser - Running argument position classifier...
2015-05-08 20:52:06.604 [main] INFO  class sg.edu.nus.comp.pdtb.runners.PdtbParser - Done.
2015-05-08 20:52:06.605 [main] INFO  class sg.edu.nus.comp.pdtb.runners.PdtbParser - Running argument extractor classifier...
2015-05-08 20:52:06.951 [main] INFO  class sg.edu.nus.comp.pdtb.runners.PdtbParser - Done.
2015-05-08 21:06:45.110 [main] INFO  class sg.edu.nus.comp.pdtb.runners.PdtbParser - Running the PDTB parser
2015-05-08 21:06:45.115 [main] INFO  class sg.edu.nus.comp.pdtb.runners.PdtbParser - Running connective classifier...
2015-05-08 21:06:45.623 [main] INFO  class sg.edu.nus.comp.pdtb.runners.PdtbParser - Done.
2015-05-08 21:06:45.624 [main] INFO  class sg.edu.nus.comp.pdtb.runners.PdtbParser - Running argument position classifier...
2015-05-08 21:06:45.668 [main] INFO  class sg.edu.nus.comp.pdtb.runners.PdtbParser - Done.
2015-05-08 21:06:45.670 [main] INFO  class sg.edu.nus.comp.pdtb.runners.PdtbParser - Running argument extractor classifier...
2015-05-08 21:06:46.018 [main] INFO  class sg.edu.nus.comp.pdtb.runners.PdtbParser - Done.
2015-05-08 21:06:46.019 [main] INFO  class sg.edu.nus.comp.pdtb.runners.PdtbParser - Running Explicit classifier...
2015-05-08 21:06:46.019 [main] INFO  class sg.edu.nus.comp.pdtb.runners.PdtbParser - Done.
2015-05-08 21:06:46.026 [main] INFO  class sg.edu.nus.comp.pdtb.runners.PdtbParser - Running NonExplicit classifier...
2015-05-08 21:06:46.026 [main] INFO  class sg.edu.nus.comp.pdtb.runners.PdtbParser - Done with everything. The PDTB relations for the file are in: tmp/test_file.pipe
2015-05-08 21:08:12.694 [main] INFO  class sg.edu.nus.comp.pdtb.runners.PdtbParser - Running the PDTB parser
2015-05-08 21:08:12.697 [main] INFO  class sg.edu.nus.comp.pdtb.runners.PdtbParser - Running connective classifier...
2015-05-08 21:08:13.209 [main] INFO  class sg.edu.nus.comp.pdtb.runners.PdtbParser - Done.
2015-05-08 21:08:13.209 [main] INFO  class sg.edu.nus.comp.pdtb.runners.PdtbParser - Running argument position classifier...
2015-05-08 21:08:13.253 [main] INFO  class sg.edu.nus.comp.pdtb.runners.PdtbParser - Done.
2015-05-08 21:08:13.255 [main] INFO  class sg.edu.nus.comp.pdtb.runners.PdtbParser - Running argument extractor classifier...
2015-05-08 21:08:13.610 [main] INFO  class sg.edu.nus.comp.pdtb.runners.PdtbParser - Done.
2015-05-08 21:08:13.611 [main] INFO  class sg.edu.nus.comp.pdtb.runners.PdtbParser - Running Explicit classifier...
2015-05-08 21:08:13.632 [main] INFO  class sg.edu.nus.comp.pdtb.runners.PdtbParser - Done.
2015-05-08 21:08:13.635 [main] INFO  class sg.edu.nus.comp.pdtb.runners.PdtbParser - Running NonExplicit classifier...
2015-05-08 21:08:13.635 [main] INFO  class sg.edu.nus.comp.pdtb.runners.PdtbParser - Done with everything. The PDTB relations for the file are in: tmp/test_file.pipe
2015-05-08 21:12:25.291 [main] INFO  class sg.edu.nus.comp.pdtb.runners.PdtbParser - Running the PDTB parser
2015-05-08 21:12:25.294 [main] INFO  class sg.edu.nus.comp.pdtb.runners.PdtbParser - Running connective classifier...
2015-05-08 21:12:25.804 [main] INFO  class sg.edu.nus.comp.pdtb.runners.PdtbParser - Done.
2015-05-08 21:12:25.804 [main] INFO  class sg.edu.nus.comp.pdtb.runners.PdtbParser - Running argument position classifier...
2015-05-08 21:12:25.847 [main] INFO  class sg.edu.nus.comp.pdtb.runners.PdtbParser - Done.
2015-05-08 21:12:25.849 [main] INFO  class sg.edu.nus.comp.pdtb.runners.PdtbParser - Running argument extractor classifier...
2015-05-08 21:12:26.203 [main] INFO  class sg.edu.nus.comp.pdtb.runners.PdtbParser - Done.
2015-05-08 21:12:26.204 [main] INFO  class sg.edu.nus.comp.pdtb.runners.PdtbParser - Running Explicit classifier...
2015-05-08 21:12:26.224 [main] INFO  class sg.edu.nus.comp.pdtb.runners.PdtbParser - Done.
2015-05-08 21:12:26.227 [main] INFO  class sg.edu.nus.comp.pdtb.runners.PdtbParser - Running NonExplicit classifier...
2015-05-08 21:12:26.227 [main] INFO  class sg.edu.nus.comp.pdtb.runners.PdtbParser - Done with everything. The PDTB relations for the file are in: tmp/test_file.pipe
2015-05-08 21:19:09.071 [main] INFO  class sg.edu.nus.comp.pdtb.runners.PdtbParser - Running the PDTB parser
2015-05-08 21:19:09.074 [main] INFO  class sg.edu.nus.comp.pdtb.runners.PdtbParser - Running connective classifier...
2015-05-08 21:19:09.581 [main] INFO  class sg.edu.nus.comp.pdtb.runners.PdtbParser - Done.
2015-05-08 21:19:09.582 [main] INFO  class sg.edu.nus.comp.pdtb.runners.PdtbParser - Running argument position classifier...
2015-05-08 21:19:09.628 [main] INFO  class sg.edu.nus.comp.pdtb.runners.PdtbParser - Done.
2015-05-08 21:19:09.630 [main] INFO  class sg.edu.nus.comp.pdtb.runners.PdtbParser - Running argument extractor classifier...
2015-05-08 21:19:09.987 [main] INFO  class sg.edu.nus.comp.pdtb.runners.PdtbParser - Done.
2015-05-08 21:19:09.988 [main] INFO  class sg.edu.nus.comp.pdtb.runners.PdtbParser - Running Explicit classifier...
2015-05-08 21:19:10.007 [main] INFO  class sg.edu.nus.comp.pdtb.runners.PdtbParser - Done.
2015-05-08 21:19:10.010 [main] INFO  class sg.edu.nus.comp.pdtb.runners.PdtbParser - Running NonExplicit classifier...
2015-05-08 21:19:10.011 [main] INFO  class sg.edu.nus.comp.pdtb.runners.PdtbParser - Done with everything. The PDTB relations for the file are in: tmp/test_file.pipe
2015-05-08 21:21:29.437 [main] INFO  class sg.edu.nus.comp.pdtb.runners.PdtbParser - Running the PDTB parser
2015-05-08 21:21:29.440 [main] INFO  class sg.edu.nus.comp.pdtb.runners.PdtbParser - Running connective classifier...
2015-05-08 21:21:29.949 [main] INFO  class sg.edu.nus.comp.pdtb.runners.PdtbParser - Done.
2015-05-08 21:21:29.950 [main] INFO  class sg.edu.nus.comp.pdtb.runners.PdtbParser - Running argument position classifier...
2015-05-08 21:21:29.994 [main] INFO  class sg.edu.nus.comp.pdtb.runners.PdtbParser - Done.
2015-05-08 21:21:29.996 [main] INFO  class sg.edu.nus.comp.pdtb.runners.PdtbParser - Running argument extractor classifier...
2015-05-08 21:21:30.351 [main] INFO  class sg.edu.nus.comp.pdtb.runners.PdtbParser - Done.
2015-05-08 21:21:30.351 [main] INFO  class sg.edu.nus.comp.pdtb.runners.PdtbParser - Running Explicit classifier...
2015-05-08 21:21:30.374 [main] INFO  class sg.edu.nus.comp.pdtb.runners.PdtbParser - Done.
2015-05-08 21:21:30.377 [main] INFO  class sg.edu.nus.comp.pdtb.runners.PdtbParser - Running NonExplicit classifier...
2015-05-08 21:21:30.378 [main] INFO  class sg.edu.nus.comp.pdtb.runners.PdtbParser - Done with everything. The PDTB relations for the file are in: tmp/test_file.pipe
2015-05-08 21:24:04.653 [main] INFO  class sg.edu.nus.comp.pdtb.runners.PdtbParser - Running the PDTB parser
2015-05-08 21:24:04.655 [main] INFO  class sg.edu.nus.comp.pdtb.runners.PdtbParser - Running connective classifier...
2015-05-08 21:24:12.115 [main] INFO  class sg.edu.nus.comp.pdtb.runners.PdtbParser - Generating parse and dependecy trees with Stanford parser...
2015-05-08 21:24:22.006 [main] INFO  class sg.edu.nus.comp.pdtb.runners.PdtbParser - Tree generation done.
2015-05-08 21:24:22.007 [main] INFO  sg.edu.nus.comp.pdtb.runners.SpanTreeExtractor - Generating the spans of each node in the parse trees.
2015-05-08 21:24:22.066 [main] INFO  sg.edu.nus.comp.pdtb.runners.SpanTreeExtractor - Done.
2015-05-08 21:24:22.066 [main] INFO  class sg.edu.nus.comp.pdtb.runners.PdtbParser - Running the PDTB parser
2015-05-08 21:24:22.067 [main] INFO  class sg.edu.nus.comp.pdtb.runners.PdtbParser - Running connective classifier...
2015-05-08 21:24:22.381 [main] INFO  class sg.edu.nus.comp.pdtb.runners.PdtbParser - Done.
2015-05-08 21:24:22.382 [main] INFO  class sg.edu.nus.comp.pdtb.runners.PdtbParser - Running argument position classifier...
2015-05-08 21:24:22.408 [main] INFO  class sg.edu.nus.comp.pdtb.runners.PdtbParser - Done.
2015-05-08 21:24:22.409 [main] INFO  class sg.edu.nus.comp.pdtb.runners.PdtbParser - Running argument extractor classifier...
2015-05-08 21:24:22.664 [main] INFO  class sg.edu.nus.comp.pdtb.runners.PdtbParser - Done.
2015-05-08 21:24:22.664 [main] INFO  class sg.edu.nus.comp.pdtb.runners.PdtbParser - Running Explicit classifier...
2015-05-08 21:24:22.678 [main] INFO  class sg.edu.nus.comp.pdtb.runners.PdtbParser - Done.
2015-05-08 21:24:22.681 [main] INFO  class sg.edu.nus.comp.pdtb.runners.PdtbParser - Running NonExplicit classifier...
2015-05-08 21:24:22.681 [main] INFO  class sg.edu.nus.comp.pdtb.runners.PdtbParser - Done with everything. The PDTB relations for the file are in: tmp/test_file.pipe
